[2025-02-03T19:32:57.347+0000] {local_task_job_runner.py:123} INFO - ::group::Pre task execution logs
[2025-02-03T19:32:57.355+0000] {taskinstance.py:2613} INFO - Dependencies all met for dep_context=non-requeueable deps ti=<TaskInstance: etl_dag.refine_stocks manual__2025-02-03T12:05:46-07:00 [queued]>
[2025-02-03T19:32:57.358+0000] {taskinstance.py:2613} INFO - Dependencies all met for dep_context=requeueable deps ti=<TaskInstance: etl_dag.refine_stocks manual__2025-02-03T12:05:46-07:00 [queued]>
[2025-02-03T19:32:57.358+0000] {taskinstance.py:2866} INFO - Starting attempt 4 of 4
[2025-02-03T19:32:57.363+0000] {taskinstance.py:2889} INFO - Executing <Task(BashOperator): refine_stocks> on 2025-02-03 19:05:46+00:00
[2025-02-03T19:32:57.365+0000] {standard_task_runner.py:72} INFO - Started process 804 to run task
[2025-02-03T19:32:57.369+0000] {standard_task_runner.py:104} INFO - Running: ['***', 'tasks', 'run', 'etl_dag', 'refine_stocks', 'manual__2025-02-03T12:05:46-07:00', '--job-id', '136', '--raw', '--subdir', 'DAGS_FOLDER/my_first_dag.py', '--cfg-path', '/tmp/tmpeszr_fun']
[2025-02-03T19:32:57.374+0000] {standard_task_runner.py:105} INFO - Job 136: Subtask refine_stocks
[2025-02-03T19:32:57.408+0000] {task_command.py:467} INFO - Running <TaskInstance: etl_dag.refine_stocks manual__2025-02-03T12:05:46-07:00 [running]> on host 48308722451a
[2025-02-03T19:32:57.448+0000] {taskinstance.py:3132} INFO - Exporting env vars: AIRFLOW_CTX_DAG_OWNER='***' AIRFLOW_CTX_DAG_ID='etl_dag' AIRFLOW_CTX_TASK_ID='refine_stocks' AIRFLOW_CTX_EXECUTION_DATE='2025-02-03T19:05:46+00:00' AIRFLOW_CTX_TRY_NUMBER='4' AIRFLOW_CTX_DAG_RUN_ID='manual__2025-02-03T12:05:46-07:00'
[2025-02-03T19:32:57.448+0000] {taskinstance.py:731} INFO - ::endgroup::
[2025-02-03T19:32:57.458+0000] {subprocess.py:78} INFO - Tmp dir root location: /tmp
[2025-02-03T19:32:57.460+0000] {subprocess.py:88} INFO - Running command: ['/usr/bin/bash', '-c', 'python3 "/opt/***/data_collection/"treat_stocks.py --data_lake_path $DATA_LAKE_PATH']
[2025-02-03T19:32:57.466+0000] {subprocess.py:99} INFO - Output:
[2025-02-03T19:32:57.988+0000] {subprocess.py:106} INFO - /opt/***/data_lake/refined/parquet/stocks/stocks
[2025-02-03T19:32:57.989+0000] {subprocess.py:106} INFO - date             object
[2025-02-03T19:32:57.989+0000] {subprocess.py:106} INFO - open            float64
[2025-02-03T19:32:57.989+0000] {subprocess.py:106} INFO - high            float64
[2025-02-03T19:32:57.989+0000] {subprocess.py:106} INFO - low             float64
[2025-02-03T19:32:57.989+0000] {subprocess.py:106} INFO - close           float64
[2025-02-03T19:32:57.990+0000] {subprocess.py:106} INFO - volume          float64
[2025-02-03T19:32:57.990+0000] {subprocess.py:106} INFO - ticker_name      object
[2025-02-03T19:32:57.990+0000] {subprocess.py:106} INFO - collect_date     object
[2025-02-03T19:32:57.990+0000] {subprocess.py:106} INFO - dtype: object
[2025-02-03T19:32:57.990+0000] {subprocess.py:106} INFO - date              Int64
[2025-02-03T19:32:57.990+0000] {subprocess.py:106} INFO - open            float64
[2025-02-03T19:32:57.990+0000] {subprocess.py:106} INFO - high            float64
[2025-02-03T19:32:57.990+0000] {subprocess.py:106} INFO - low             float64
[2025-02-03T19:32:57.990+0000] {subprocess.py:106} INFO - close           float64
[2025-02-03T19:32:57.990+0000] {subprocess.py:106} INFO - volume          float64
[2025-02-03T19:32:57.991+0000] {subprocess.py:106} INFO - ticker_name      object
[2025-02-03T19:32:57.991+0000] {subprocess.py:106} INFO - collect_date      Int64
[2025-02-03T19:32:57.991+0000] {subprocess.py:106} INFO - dtype: object
[2025-02-03T19:32:58.024+0000] {subprocess.py:110} INFO - Command exited with return code 0
[2025-02-03T19:32:58.038+0000] {taskinstance.py:340} INFO - ::group::Post task execution logs
[2025-02-03T19:32:58.039+0000] {taskinstance.py:352} INFO - Marking task as SUCCESS. dag_id=etl_dag, task_id=refine_stocks, run_id=manual__2025-02-03T12:05:46-07:00, execution_date=20250203T190546, start_date=20250203T193257, end_date=20250203T193258
[2025-02-03T19:32:58.062+0000] {local_task_job_runner.py:266} INFO - Task exited with return code 0
[2025-02-03T19:32:58.071+0000] {taskinstance.py:3895} INFO - 0 downstream tasks scheduled from follow-on schedule check
[2025-02-03T19:32:58.072+0000] {local_task_job_runner.py:245} INFO - ::endgroup::
