[2024-05-16T09:49:00.990+0000] {manager.py:487} INFO - Processing files using up to 2 processes at a time 
[2024-05-16T09:49:00.993+0000] {manager.py:488} INFO - Process each file at most once every 30 seconds
[2024-05-16T09:49:00.993+0000] {manager.py:489} INFO - Checking for new files in /opt/airflow/dags every 300 seconds
[2024-05-16T09:49:00.995+0000] {manager.py:755} INFO - Searching for files in /opt/airflow/dags
[2024-05-16T09:49:01.004+0000] {manager.py:758} INFO - There are 0 files in /opt/airflow/dags
[2024-05-16T09:54:01.705+0000] {manager.py:755} INFO - Searching for files in /opt/airflow/dags
[2024-05-16T09:54:01.706+0000] {manager.py:758} INFO - There are 0 files in /opt/airflow/dags
[2024-05-16T10:00:14.141+0000] {manager.py:487} INFO - Processing files using up to 2 processes at a time 
[2024-05-16T10:00:14.146+0000] {manager.py:488} INFO - Process each file at most once every 30 seconds
[2024-05-16T10:00:14.146+0000] {manager.py:489} INFO - Checking for new files in /opt/airflow/dags every 300 seconds
[2024-05-16T10:00:14.153+0000] {manager.py:755} INFO - Searching for files in /opt/airflow/dags
[2024-05-16T10:00:14.158+0000] {manager.py:758} INFO - There are 0 files in /opt/airflow/dags
[2024-05-16T10:05:14.757+0000] {manager.py:755} INFO - Searching for files in /opt/airflow/dags
[2024-05-16T10:05:14.763+0000] {manager.py:758} INFO - There are 0 files in /opt/airflow/dags
[2024-05-16T10:10:15.049+0000] {manager.py:755} INFO - Searching for files in /opt/airflow/dags
[2024-05-16T10:10:15.050+0000] {manager.py:758} INFO - There are 0 files in /opt/airflow/dags
[2024-05-16T10:41:33.232+0000] {manager.py:487} INFO - Processing files using up to 2 processes at a time 
[2024-05-16T10:41:33.234+0000] {manager.py:488} INFO - Process each file at most once every 30 seconds
[2024-05-16T10:41:33.237+0000] {manager.py:489} INFO - Checking for new files in /opt/airflow/dags every 300 seconds
[2024-05-16T10:41:33.237+0000] {manager.py:755} INFO - Searching for files in /opt/airflow/dags
[2024-05-16T10:41:33.241+0000] {manager.py:758} INFO - There are 0 files in /opt/airflow/dags
[2024-05-16T10:46:33.771+0000] {manager.py:755} INFO - Searching for files in /opt/airflow/dags
[2024-05-16T10:46:33.772+0000] {manager.py:758} INFO - There are 0 files in /opt/airflow/dags
[2024-05-16T10:51:34.108+0000] {manager.py:755} INFO - Searching for files in /opt/airflow/dags
[2024-05-16T10:51:34.109+0000] {manager.py:758} INFO - There are 0 files in /opt/airflow/dags
[2024-05-16T10:56:34.438+0000] {manager.py:755} INFO - Searching for files in /opt/airflow/dags
[2024-05-16T10:56:34.439+0000] {manager.py:758} INFO - There are 0 files in /opt/airflow/dags
[2024-05-16T11:01:34.806+0000] {manager.py:755} INFO - Searching for files in /opt/airflow/dags
[2024-05-16T11:01:34.807+0000] {manager.py:758} INFO - There are 0 files in /opt/airflow/dags
