[2025-02-03T19:29:45.685+0000] {local_task_job_runner.py:123} INFO - ::group::Pre task execution logs
[2025-02-03T19:29:45.695+0000] {taskinstance.py:2613} INFO - Dependencies all met for dep_context=non-requeueable deps ti=<TaskInstance: etl_dag.collect_raw_stocks manual__2025-02-03T12:05:46-07:00 [queued]>
[2025-02-03T19:29:45.700+0000] {taskinstance.py:2613} INFO - Dependencies all met for dep_context=requeueable deps ti=<TaskInstance: etl_dag.collect_raw_stocks manual__2025-02-03T12:05:46-07:00 [queued]>
[2025-02-03T19:29:45.700+0000] {taskinstance.py:2866} INFO - Starting attempt 7 of 7
[2025-02-03T19:29:45.707+0000] {taskinstance.py:2889} INFO - Executing <Task(BashOperator): collect_raw_stocks> on 2025-02-03 19:05:46+00:00
[2025-02-03T19:29:45.710+0000] {standard_task_runner.py:72} INFO - Started process 686 to run task
[2025-02-03T19:29:45.712+0000] {standard_task_runner.py:104} INFO - Running: ['***', 'tasks', 'run', 'etl_dag', 'collect_raw_stocks', 'manual__2025-02-03T12:05:46-07:00', '--job-id', '132', '--raw', '--subdir', 'DAGS_FOLDER/my_first_dag.py', '--cfg-path', '/tmp/tmphafvluvz']
[2025-02-03T19:29:45.713+0000] {standard_task_runner.py:105} INFO - Job 132: Subtask collect_raw_stocks
[2025-02-03T19:29:45.761+0000] {task_command.py:467} INFO - Running <TaskInstance: etl_dag.collect_raw_stocks manual__2025-02-03T12:05:46-07:00 [running]> on host 48308722451a
[2025-02-03T19:29:45.800+0000] {taskinstance.py:3132} INFO - Exporting env vars: AIRFLOW_CTX_DAG_OWNER='***' AIRFLOW_CTX_DAG_ID='etl_dag' AIRFLOW_CTX_TASK_ID='collect_raw_stocks' AIRFLOW_CTX_EXECUTION_DATE='2025-02-03T19:05:46+00:00' AIRFLOW_CTX_TRY_NUMBER='7' AIRFLOW_CTX_DAG_RUN_ID='manual__2025-02-03T12:05:46-07:00'
[2025-02-03T19:29:45.801+0000] {taskinstance.py:731} INFO - ::endgroup::
[2025-02-03T19:29:45.808+0000] {subprocess.py:78} INFO - Tmp dir root location: /tmp
[2025-02-03T19:29:45.808+0000] {subprocess.py:88} INFO - Running command: ['/usr/bin/bash', '-c', 'python3 "/opt/***/data_collection/"collect_stocks.py --data_lake_path $DATA_LAKE_PATH --stock_tickers $STOCK_TICKERS --execution_date $EXECUTION_DATE --stock_collect_mode $STOCK_COLLECT_MODE --start_date_missing_values $START_DATE_MISSING_VALUES --end_date_missing_values $END_DATE_MISSING_VALUES']
[2025-02-03T19:29:45.813+0000] {subprocess.py:99} INFO - Output:
[2025-02-03T19:29:47.406+0000] {subprocess.py:106} INFO - AAPL: No price data found, symbol may be delisted (1d 2025-01-01 -> 2025-01-02)
[2025-02-03T19:29:48.182+0000] {subprocess.py:106} INFO - AAPL: No price data found, symbol may be delisted (1d 2024-11-03 -> 2024-11-04)
[2025-02-03T19:29:48.964+0000] {subprocess.py:106} INFO - AAPL: No price data found, symbol may be delisted (1d 2024-11-24 -> 2024-11-25)
[2025-02-03T19:29:50.096+0000] {subprocess.py:106} INFO - AAPL: No price data found, symbol may be delisted (1d 2025-01-25 -> 2025-01-26)
[2025-02-03T19:29:50.483+0000] {subprocess.py:106} INFO - AAPL: No price data found, symbol may be delisted (1d 2025-01-19 -> 2025-01-20)
[2025-02-03T19:29:52.677+0000] {subprocess.py:106} INFO - AAPL: No price data found, symbol may be delisted (1d 2024-12-25 -> 2024-12-26)
[2025-02-03T19:29:53.411+0000] {subprocess.py:106} INFO - AAPL: No price data found, symbol may be delisted (1d 2024-11-02 -> 2024-11-03)
[2025-02-03T19:29:53.818+0000] {subprocess.py:106} INFO - AAPL: No price data found, symbol may be delisted (1d 2025-01-04 -> 2025-01-05)
[2025-02-03T19:29:54.942+0000] {subprocess.py:106} INFO - AAPL: No price data found, symbol may be delisted (1d 2025-01-11 -> 2025-01-12)
[2025-02-03T19:29:55.329+0000] {subprocess.py:106} INFO - AAPL: No price data found, symbol may be delisted (1d 2025-01-12 -> 2025-01-13)
[2025-02-03T19:29:56.049+0000] {subprocess.py:106} INFO - AAPL: No price data found, symbol may be delisted (1d 2024-12-29 -> 2024-12-30)
[2025-02-03T19:29:56.784+0000] {subprocess.py:106} INFO - AAPL: No price data found, symbol may be delisted (1d 2025-01-09 -> 2025-01-10)
[2025-02-03T19:29:57.526+0000] {subprocess.py:106} INFO - AAPL: No price data found, symbol may be delisted (1d 2024-11-17 -> 2024-11-18)
[2025-02-03T19:29:59.008+0000] {subprocess.py:106} INFO - AAPL: No price data found, symbol may be delisted (1d 2024-12-21 -> 2024-12-22)
[2025-02-03T19:29:59.418+0000] {subprocess.py:106} INFO - AAPL: No price data found, symbol may be delisted (1d 2024-11-09 -> 2024-11-10)
[2025-02-03T19:30:02.872+0000] {subprocess.py:106} INFO - AAPL: No price data found, symbol may be delisted (1d 2024-11-10 -> 2024-11-11)
[2025-02-03T19:30:04.371+0000] {subprocess.py:106} INFO - AAPL: No price data found, symbol may be delisted (1d 2024-11-16 -> 2024-11-17)
[2025-02-03T19:30:06.802+0000] {subprocess.py:106} INFO - AAPL: No price data found, symbol may be delisted (1d 2024-12-01 -> 2024-12-02)
[2025-02-03T19:30:10.584+0000] {subprocess.py:106} INFO - AAPL: No price data found, symbol may be delisted (1d 2025-01-26 -> 2025-01-27)
[2025-02-03T19:30:10.963+0000] {subprocess.py:106} INFO - AAPL: No price data found, symbol may be delisted (1d 2024-12-22 -> 2024-12-23)
[2025-02-03T19:30:11.325+0000] {subprocess.py:106} INFO - AAPL: No price data found, symbol may be delisted (1d 2025-01-05 -> 2025-01-06)
[2025-02-03T19:30:12.474+0000] {subprocess.py:106} INFO - AAPL: No price data found, symbol may be delisted (1d 2024-12-28 -> 2024-12-29)
[2025-02-03T19:30:14.749+0000] {subprocess.py:106} INFO - AAPL: No price data found, symbol may be delisted (1d 2024-12-07 -> 2024-12-08)
[2025-02-03T19:30:15.876+0000] {subprocess.py:106} INFO - AAPL: No price data found, symbol may be delisted (1d 2024-12-15 -> 2024-12-16)
[2025-02-03T19:30:16.278+0000] {subprocess.py:106} INFO - AAPL: No price data found, symbol may be delisted (1d 2025-01-18 -> 2025-01-19)
[2025-02-03T19:30:17.134+0000] {subprocess.py:106} INFO - AAPL: No price data found, symbol may be delisted (1d 2025-01-20 -> 2025-01-21)
[2025-02-03T19:30:17.849+0000] {subprocess.py:106} INFO - AAPL: No price data found, symbol may be delisted (1d 2024-11-28 -> 2024-11-29)
[2025-02-03T19:30:19.447+0000] {subprocess.py:106} INFO - AAPL: No price data found, symbol may be delisted (1d 2024-11-30 -> 2024-12-01)
[2025-02-03T19:30:20.508+0000] {subprocess.py:106} INFO - AAPL: No price data found, symbol may be delisted (1d 2024-11-23 -> 2024-11-24)
[2025-02-03T19:30:21.331+0000] {subprocess.py:106} INFO - AAPL: No price data found, symbol may be delisted (1d 2024-12-08 -> 2024-12-09)
[2025-02-03T19:30:22.093+0000] {subprocess.py:106} INFO - AAPL: No price data found, symbol may be delisted (1d 2024-12-14 -> 2024-12-15)
[2025-02-03T19:30:22.467+0000] {subprocess.py:106} INFO - MSFT: No price data found, symbol may be delisted (1d 2025-01-01 -> 2025-01-02)
[2025-02-03T19:30:23.138+0000] {subprocess.py:106} INFO - MSFT: No price data found, symbol may be delisted (1d 2024-11-03 -> 2024-11-04)
[2025-02-03T19:30:23.866+0000] {subprocess.py:106} INFO - MSFT: No price data found, symbol may be delisted (1d 2024-11-24 -> 2024-11-25)
[2025-02-03T19:30:24.914+0000] {subprocess.py:106} INFO - MSFT: No price data found, symbol may be delisted (1d 2025-01-25 -> 2025-01-26)
[2025-02-03T19:30:25.276+0000] {subprocess.py:106} INFO - MSFT: No price data found, symbol may be delisted (1d 2025-01-19 -> 2025-01-20)
[2025-02-03T19:30:27.427+0000] {subprocess.py:106} INFO - MSFT: No price data found, symbol may be delisted (1d 2024-12-25 -> 2024-12-26)
[2025-02-03T19:30:28.138+0000] {subprocess.py:106} INFO - MSFT: No price data found, symbol may be delisted (1d 2024-11-02 -> 2024-11-03)
[2025-02-03T19:30:28.484+0000] {subprocess.py:106} INFO - MSFT: No price data found, symbol may be delisted (1d 2025-01-04 -> 2025-01-05)
[2025-02-03T19:30:29.557+0000] {subprocess.py:106} INFO - MSFT: No price data found, symbol may be delisted (1d 2025-01-11 -> 2025-01-12)
[2025-02-03T19:30:29.949+0000] {subprocess.py:106} INFO - MSFT: No price data found, symbol may be delisted (1d 2025-01-12 -> 2025-01-13)
[2025-02-03T19:30:30.642+0000] {subprocess.py:106} INFO - MSFT: No price data found, symbol may be delisted (1d 2024-12-29 -> 2024-12-30)
[2025-02-03T19:30:31.335+0000] {subprocess.py:106} INFO - MSFT: No price data found, symbol may be delisted (1d 2025-01-09 -> 2025-01-10)
[2025-02-03T19:30:32.054+0000] {subprocess.py:106} INFO - MSFT: No price data found, symbol may be delisted (1d 2024-11-17 -> 2024-11-18)
[2025-02-03T19:30:33.468+0000] {subprocess.py:106} INFO - MSFT: No price data found, symbol may be delisted (1d 2024-12-21 -> 2024-12-22)
[2025-02-03T19:30:33.810+0000] {subprocess.py:106} INFO - MSFT: No price data found, symbol may be delisted (1d 2024-11-09 -> 2024-11-10)
[2025-02-03T19:30:36.807+0000] {subprocess.py:106} INFO - MSFT: No price data found, symbol may be delisted (1d 2024-11-10 -> 2024-11-11)
[2025-02-03T19:30:38.309+0000] {subprocess.py:106} INFO - MSFT: No price data found, symbol may be delisted (1d 2024-11-16 -> 2024-11-17)
[2025-02-03T19:30:40.423+0000] {subprocess.py:106} INFO - MSFT: No price data found, symbol may be delisted (1d 2024-12-01 -> 2024-12-02)
[2025-02-03T19:30:44.084+0000] {subprocess.py:106} INFO - MSFT: No price data found, symbol may be delisted (1d 2025-01-26 -> 2025-01-27)
[2025-02-03T19:30:44.414+0000] {subprocess.py:106} INFO - MSFT: No price data found, symbol may be delisted (1d 2024-12-22 -> 2024-12-23)
[2025-02-03T19:30:44.754+0000] {subprocess.py:106} INFO - MSFT: No price data found, symbol may be delisted (1d 2025-01-05 -> 2025-01-06)
[2025-02-03T19:30:45.833+0000] {subprocess.py:106} INFO - MSFT: No price data found, symbol may be delisted (1d 2024-12-28 -> 2024-12-29)
[2025-02-03T19:30:48.007+0000] {subprocess.py:106} INFO - MSFT: No price data found, symbol may be delisted (1d 2024-12-07 -> 2024-12-08)
[2025-02-03T19:30:49.083+0000] {subprocess.py:106} INFO - MSFT: No price data found, symbol may be delisted (1d 2024-12-15 -> 2024-12-16)
[2025-02-03T19:30:49.434+0000] {subprocess.py:106} INFO - MSFT: No price data found, symbol may be delisted (1d 2025-01-18 -> 2025-01-19)
[2025-02-03T19:30:50.150+0000] {subprocess.py:106} INFO - MSFT: No price data found, symbol may be delisted (1d 2025-01-20 -> 2025-01-21)
[2025-02-03T19:30:50.861+0000] {subprocess.py:106} INFO - MSFT: No price data found, symbol may be delisted (1d 2024-11-28 -> 2024-11-29)
[2025-02-03T19:30:52.252+0000] {subprocess.py:106} INFO - MSFT: No price data found, symbol may be delisted (1d 2024-11-30 -> 2024-12-01)
[2025-02-03T19:30:53.291+0000] {subprocess.py:106} INFO - MSFT: No price data found, symbol may be delisted (1d 2024-11-23 -> 2024-11-24)
[2025-02-03T19:30:54.040+0000] {subprocess.py:106} INFO - MSFT: No price data found, symbol may be delisted (1d 2024-12-08 -> 2024-12-09)
[2025-02-03T19:30:54.827+0000] {subprocess.py:106} INFO - MSFT: No price data found, symbol may be delisted (1d 2024-12-14 -> 2024-12-15)
[2025-02-03T19:30:55.159+0000] {subprocess.py:106} INFO - AMZN: No price data found, symbol may be delisted (1d 2025-01-01 -> 2025-01-02)
[2025-02-03T19:30:55.829+0000] {subprocess.py:106} INFO - AMZN: No price data found, symbol may be delisted (1d 2024-11-03 -> 2024-11-04)
[2025-02-03T19:30:56.442+0000] {subprocess.py:106} INFO - AMZN: No price data found, symbol may be delisted (1d 2024-11-24 -> 2024-11-25)
[2025-02-03T19:30:57.540+0000] {subprocess.py:106} INFO - AMZN: No price data found, symbol may be delisted (1d 2025-01-25 -> 2025-01-26)
[2025-02-03T19:30:57.900+0000] {subprocess.py:106} INFO - AMZN: No price data found, symbol may be delisted (1d 2025-01-19 -> 2025-01-20)
[2025-02-03T19:30:59.772+0000] {subprocess.py:106} INFO - AMZN: No price data found, symbol may be delisted (1d 2024-12-25 -> 2024-12-26)
[2025-02-03T19:31:00.472+0000] {subprocess.py:106} INFO - AMZN: No price data found, symbol may be delisted (1d 2024-11-02 -> 2024-11-03)
[2025-02-03T19:31:00.805+0000] {subprocess.py:106} INFO - AMZN: No price data found, symbol may be delisted (1d 2025-01-04 -> 2025-01-05)
[2025-02-03T19:31:01.777+0000] {subprocess.py:106} INFO - AMZN: No price data found, symbol may be delisted (1d 2025-01-11 -> 2025-01-12)
[2025-02-03T19:31:02.143+0000] {subprocess.py:106} INFO - AMZN: No price data found, symbol may be delisted (1d 2025-01-12 -> 2025-01-13)
[2025-02-03T19:31:02.793+0000] {subprocess.py:106} INFO - AMZN: No price data found, symbol may be delisted (1d 2024-12-29 -> 2024-12-30)
[2025-02-03T19:31:03.441+0000] {subprocess.py:106} INFO - AMZN: No price data found, symbol may be delisted (1d 2025-01-09 -> 2025-01-10)
[2025-02-03T19:31:04.086+0000] {subprocess.py:106} INFO - AMZN: No price data found, symbol may be delisted (1d 2024-11-17 -> 2024-11-18)
[2025-02-03T19:31:05.425+0000] {subprocess.py:106} INFO - AMZN: No price data found, symbol may be delisted (1d 2024-12-21 -> 2024-12-22)
[2025-02-03T19:31:05.725+0000] {subprocess.py:106} INFO - AMZN: No price data found, symbol may be delisted (1d 2024-11-09 -> 2024-11-10)
[2025-02-03T19:31:08.461+0000] {subprocess.py:106} INFO - AMZN: No price data found, symbol may be delisted (1d 2024-11-10 -> 2024-11-11)
[2025-02-03T19:31:09.819+0000] {subprocess.py:106} INFO - AMZN: No price data found, symbol may be delisted (1d 2024-11-16 -> 2024-11-17)
[2025-02-03T19:31:11.783+0000] {subprocess.py:106} INFO - AMZN: No price data found, symbol may be delisted (1d 2024-12-01 -> 2024-12-02)
[2025-02-03T19:31:15.120+0000] {subprocess.py:106} INFO - AMZN: No price data found, symbol may be delisted (1d 2025-01-26 -> 2025-01-27)
[2025-02-03T19:31:15.457+0000] {subprocess.py:106} INFO - AMZN: No price data found, symbol may be delisted (1d 2024-12-22 -> 2024-12-23)
[2025-02-03T19:31:15.766+0000] {subprocess.py:106} INFO - AMZN: No price data found, symbol may be delisted (1d 2025-01-05 -> 2025-01-06)
[2025-02-03T19:31:16.817+0000] {subprocess.py:106} INFO - AMZN: No price data found, symbol may be delisted (1d 2024-12-28 -> 2024-12-29)
[2025-02-03T19:31:18.854+0000] {subprocess.py:106} INFO - AMZN: No price data found, symbol may be delisted (1d 2024-12-07 -> 2024-12-08)
[2025-02-03T19:31:19.852+0000] {subprocess.py:106} INFO - AMZN: No price data found, symbol may be delisted (1d 2024-12-15 -> 2024-12-16)
[2025-02-03T19:31:20.182+0000] {subprocess.py:106} INFO - AMZN: No price data found, symbol may be delisted (1d 2025-01-18 -> 2025-01-19)
[2025-02-03T19:31:20.856+0000] {subprocess.py:106} INFO - AMZN: No price data found, symbol may be delisted (1d 2025-01-20 -> 2025-01-21)
[2025-02-03T19:31:21.521+0000] {subprocess.py:106} INFO - AMZN: No price data found, symbol may be delisted (1d 2024-11-28 -> 2024-11-29)
[2025-02-03T19:31:23.556+0000] {subprocess.py:106} INFO - AMZN: No price data found, symbol may be delisted (1d 2024-11-30 -> 2024-12-01)
[2025-02-03T19:31:25.033+0000] {subprocess.py:106} INFO - AMZN: No price data found, symbol may be delisted (1d 2024-11-23 -> 2024-11-24)
[2025-02-03T19:31:25.670+0000] {subprocess.py:106} INFO - AMZN: No price data found, symbol may be delisted (1d 2024-12-08 -> 2024-12-09)
[2025-02-03T19:31:26.328+0000] {subprocess.py:106} INFO - AMZN: No price data found, symbol may be delisted (1d 2024-12-14 -> 2024-12-15)
[2025-02-03T19:31:26.680+0000] {subprocess.py:106} INFO - META: No price data found, symbol may be delisted (1d 2025-01-01 -> 2025-01-02)
[2025-02-03T19:31:27.341+0000] {subprocess.py:106} INFO - META: No price data found, symbol may be delisted (1d 2024-11-03 -> 2024-11-04)
[2025-02-03T19:31:27.996+0000] {subprocess.py:106} INFO - META: No price data found, symbol may be delisted (1d 2024-11-24 -> 2024-11-25)
[2025-02-03T19:31:28.942+0000] {subprocess.py:106} INFO - META: No price data found, symbol may be delisted (1d 2025-01-25 -> 2025-01-26)
[2025-02-03T19:31:29.276+0000] {subprocess.py:106} INFO - META: No price data found, symbol may be delisted (1d 2025-01-19 -> 2025-01-20)
[2025-02-03T19:31:31.275+0000] {subprocess.py:106} INFO - META: No price data found, symbol may be delisted (1d 2024-12-25 -> 2024-12-26)
[2025-02-03T19:31:31.919+0000] {subprocess.py:106} INFO - META: No price data found, symbol may be delisted (1d 2024-11-02 -> 2024-11-03)
[2025-02-03T19:31:32.231+0000] {subprocess.py:106} INFO - META: No price data found, symbol may be delisted (1d 2025-01-04 -> 2025-01-05)
[2025-02-03T19:31:33.723+0000] {subprocess.py:106} INFO - META: No price data found, symbol may be delisted (1d 2025-01-11 -> 2025-01-12)
[2025-02-03T19:31:34.047+0000] {subprocess.py:106} INFO - META: No price data found, symbol may be delisted (1d 2025-01-12 -> 2025-01-13)
[2025-02-03T19:31:34.686+0000] {subprocess.py:106} INFO - META: No price data found, symbol may be delisted (1d 2024-12-29 -> 2024-12-30)
[2025-02-03T19:31:35.356+0000] {subprocess.py:106} INFO - META: No price data found, symbol may be delisted (1d 2025-01-09 -> 2025-01-10)
[2025-02-03T19:31:36.030+0000] {subprocess.py:106} INFO - META: No price data found, symbol may be delisted (1d 2024-11-17 -> 2024-11-18)
[2025-02-03T19:31:37.242+0000] {subprocess.py:106} INFO - META: No price data found, symbol may be delisted (1d 2024-12-21 -> 2024-12-22)
[2025-02-03T19:31:37.564+0000] {subprocess.py:106} INFO - META: No price data found, symbol may be delisted (1d 2024-11-09 -> 2024-11-10)
[2025-02-03T19:31:40.362+0000] {subprocess.py:106} INFO - META: No price data found, symbol may be delisted (1d 2024-11-10 -> 2024-11-11)
[2025-02-03T19:31:41.661+0000] {subprocess.py:106} INFO - META: No price data found, symbol may be delisted (1d 2024-11-16 -> 2024-11-17)
[2025-02-03T19:31:43.618+0000] {subprocess.py:106} INFO - META: No price data found, symbol may be delisted (1d 2024-12-01 -> 2024-12-02)
[2025-02-03T19:31:46.862+0000] {subprocess.py:106} INFO - META: No price data found, symbol may be delisted (1d 2025-01-26 -> 2025-01-27)
[2025-02-03T19:31:47.178+0000] {subprocess.py:106} INFO - META: No price data found, symbol may be delisted (1d 2024-12-22 -> 2024-12-23)
[2025-02-03T19:31:47.500+0000] {subprocess.py:106} INFO - META: No price data found, symbol may be delisted (1d 2025-01-05 -> 2025-01-06)
[2025-02-03T19:31:48.472+0000] {subprocess.py:106} INFO - META: No price data found, symbol may be delisted (1d 2024-12-28 -> 2024-12-29)
[2025-02-03T19:31:50.442+0000] {subprocess.py:106} INFO - META: No price data found, symbol may be delisted (1d 2024-12-07 -> 2024-12-08)
[2025-02-03T19:31:51.468+0000] {subprocess.py:106} INFO - META: No price data found, symbol may be delisted (1d 2024-12-15 -> 2024-12-16)
[2025-02-03T19:31:51.850+0000] {subprocess.py:106} INFO - META: No price data found, symbol may be delisted (1d 2025-01-18 -> 2025-01-19)
[2025-02-03T19:31:52.508+0000] {subprocess.py:106} INFO - META: No price data found, symbol may be delisted (1d 2025-01-20 -> 2025-01-21)
[2025-02-03T19:31:53.132+0000] {subprocess.py:106} INFO - META: No price data found, symbol may be delisted (1d 2024-11-28 -> 2024-11-29)
[2025-02-03T19:31:54.455+0000] {subprocess.py:106} INFO - META: No price data found, symbol may be delisted (1d 2024-11-30 -> 2024-12-01)
[2025-02-03T19:31:55.571+0000] {subprocess.py:106} INFO - META: No price data found, symbol may be delisted (1d 2024-11-23 -> 2024-11-24)
[2025-02-03T19:31:56.209+0000] {subprocess.py:106} INFO - META: No price data found, symbol may be delisted (1d 2024-12-08 -> 2024-12-09)
[2025-02-03T19:31:56.866+0000] {subprocess.py:106} INFO - META: No price data found, symbol may be delisted (1d 2024-12-14 -> 2024-12-15)
[2025-02-03T19:31:57.235+0000] {subprocess.py:106} INFO - NFLX: No price data found, symbol may be delisted (1d 2025-01-01 -> 2025-01-02)
[2025-02-03T19:31:57.875+0000] {subprocess.py:106} INFO - NFLX: No price data found, symbol may be delisted (1d 2024-11-03 -> 2024-11-04)
[2025-02-03T19:31:58.528+0000] {subprocess.py:106} INFO - NFLX: No price data found, symbol may be delisted (1d 2024-11-24 -> 2024-11-25)
[2025-02-03T19:31:59.465+0000] {subprocess.py:106} INFO - NFLX: No price data found, symbol may be delisted (1d 2025-01-25 -> 2025-01-26)
[2025-02-03T19:31:59.817+0000] {subprocess.py:106} INFO - NFLX: No price data found, symbol may be delisted (1d 2025-01-19 -> 2025-01-20)
[2025-02-03T19:32:01.803+0000] {subprocess.py:106} INFO - NFLX: No price data found, symbol may be delisted (1d 2024-12-25 -> 2024-12-26)
[2025-02-03T19:32:02.435+0000] {subprocess.py:106} INFO - NFLX: No price data found, symbol may be delisted (1d 2024-11-02 -> 2024-11-03)
[2025-02-03T19:32:02.770+0000] {subprocess.py:106} INFO - NFLX: No price data found, symbol may be delisted (1d 2025-01-04 -> 2025-01-05)
[2025-02-03T19:32:03.756+0000] {subprocess.py:106} INFO - NFLX: No price data found, symbol may be delisted (1d 2025-01-11 -> 2025-01-12)
[2025-02-03T19:32:04.078+0000] {subprocess.py:106} INFO - NFLX: No price data found, symbol may be delisted (1d 2025-01-12 -> 2025-01-13)
[2025-02-03T19:32:04.734+0000] {subprocess.py:106} INFO - NFLX: No price data found, symbol may be delisted (1d 2024-12-29 -> 2024-12-30)
[2025-02-03T19:32:05.424+0000] {subprocess.py:106} INFO - NFLX: No price data found, symbol may be delisted (1d 2025-01-09 -> 2025-01-10)
[2025-02-03T19:32:06.082+0000] {subprocess.py:106} INFO - NFLX: No price data found, symbol may be delisted (1d 2024-11-17 -> 2024-11-18)
[2025-02-03T19:32:07.393+0000] {subprocess.py:106} INFO - NFLX: No price data found, symbol may be delisted (1d 2024-12-21 -> 2024-12-22)
[2025-02-03T19:32:07.712+0000] {subprocess.py:106} INFO - NFLX: No price data found, symbol may be delisted (1d 2024-11-09 -> 2024-11-10)
[2025-02-03T19:32:10.394+0000] {subprocess.py:106} INFO - NFLX: No price data found, symbol may be delisted (1d 2024-11-10 -> 2024-11-11)
[2025-02-03T19:32:11.637+0000] {subprocess.py:106} INFO - NFLX: No price data found, symbol may be delisted (1d 2024-11-16 -> 2024-11-17)
[2025-02-03T19:32:13.574+0000] {subprocess.py:106} INFO - NFLX: No price data found, symbol may be delisted (1d 2024-12-01 -> 2024-12-02)
[2025-02-03T19:32:16.877+0000] {subprocess.py:106} INFO - NFLX: No price data found, symbol may be delisted (1d 2025-01-26 -> 2025-01-27)
[2025-02-03T19:32:17.196+0000] {subprocess.py:106} INFO - NFLX: No price data found, symbol may be delisted (1d 2024-12-22 -> 2024-12-23)
[2025-02-03T19:32:17.540+0000] {subprocess.py:106} INFO - NFLX: No price data found, symbol may be delisted (1d 2025-01-05 -> 2025-01-06)
[2025-02-03T19:32:18.496+0000] {subprocess.py:106} INFO - NFLX: No price data found, symbol may be delisted (1d 2024-12-28 -> 2024-12-29)
[2025-02-03T19:32:20.478+0000] {subprocess.py:106} INFO - NFLX: No price data found, symbol may be delisted (1d 2024-12-07 -> 2024-12-08)
[2025-02-03T19:32:21.438+0000] {subprocess.py:106} INFO - NFLX: No price data found, symbol may be delisted (1d 2024-12-15 -> 2024-12-16)
[2025-02-03T19:32:21.773+0000] {subprocess.py:106} INFO - NFLX: No price data found, symbol may be delisted (1d 2025-01-18 -> 2025-01-19)
[2025-02-03T19:32:22.419+0000] {subprocess.py:106} INFO - NFLX: No price data found, symbol may be delisted (1d 2025-01-20 -> 2025-01-21)
[2025-02-03T19:32:23.068+0000] {subprocess.py:106} INFO - NFLX: No price data found, symbol may be delisted (1d 2024-11-28 -> 2024-11-29)
[2025-02-03T19:32:24.391+0000] {subprocess.py:106} INFO - NFLX: No price data found, symbol may be delisted (1d 2024-11-30 -> 2024-12-01)
[2025-02-03T19:32:25.353+0000] {subprocess.py:106} INFO - NFLX: No price data found, symbol may be delisted (1d 2024-11-23 -> 2024-11-24)
[2025-02-03T19:32:26.003+0000] {subprocess.py:106} INFO - NFLX: No price data found, symbol may be delisted (1d 2024-12-08 -> 2024-12-09)
[2025-02-03T19:32:26.649+0000] {subprocess.py:106} INFO - NFLX: No price data found, symbol may be delisted (1d 2024-12-14 -> 2024-12-15)
[2025-02-03T19:32:27.038+0000] {subprocess.py:106} INFO - GOOG: No price data found, symbol may be delisted (1d 2025-01-01 -> 2025-01-02)
[2025-02-03T19:32:27.722+0000] {subprocess.py:106} INFO - GOOG: No price data found, symbol may be delisted (1d 2024-11-03 -> 2024-11-04)
[2025-02-03T19:32:28.401+0000] {subprocess.py:106} INFO - GOOG: No price data found, symbol may be delisted (1d 2024-11-24 -> 2024-11-25)
[2025-02-03T19:32:29.357+0000] {subprocess.py:106} INFO - GOOG: No price data found, symbol may be delisted (1d 2025-01-25 -> 2025-01-26)
[2025-02-03T19:32:29.692+0000] {subprocess.py:106} INFO - GOOG: No price data found, symbol may be delisted (1d 2025-01-19 -> 2025-01-20)
[2025-02-03T19:32:31.657+0000] {subprocess.py:106} INFO - GOOG: No price data found, symbol may be delisted (1d 2024-12-25 -> 2024-12-26)
[2025-02-03T19:32:32.314+0000] {subprocess.py:106} INFO - GOOG: No price data found, symbol may be delisted (1d 2024-11-02 -> 2024-11-03)
[2025-02-03T19:32:32.635+0000] {subprocess.py:106} INFO - GOOG: No price data found, symbol may be delisted (1d 2025-01-04 -> 2025-01-05)
[2025-02-03T19:32:33.578+0000] {subprocess.py:106} INFO - GOOG: No price data found, symbol may be delisted (1d 2025-01-11 -> 2025-01-12)
[2025-02-03T19:32:33.896+0000] {subprocess.py:106} INFO - GOOG: No price data found, symbol may be delisted (1d 2025-01-12 -> 2025-01-13)
[2025-02-03T19:32:34.522+0000] {subprocess.py:106} INFO - GOOG: No price data found, symbol may be delisted (1d 2024-12-29 -> 2024-12-30)
[2025-02-03T19:32:35.155+0000] {subprocess.py:106} INFO - GOOG: No price data found, symbol may be delisted (1d 2025-01-09 -> 2025-01-10)
[2025-02-03T19:32:35.770+0000] {subprocess.py:106} INFO - GOOG: No price data found, symbol may be delisted (1d 2024-11-17 -> 2024-11-18)
[2025-02-03T19:32:37.060+0000] {subprocess.py:106} INFO - GOOG: No price data found, symbol may be delisted (1d 2024-12-21 -> 2024-12-22)
[2025-02-03T19:32:37.399+0000] {subprocess.py:106} INFO - GOOG: No price data found, symbol may be delisted (1d 2024-11-09 -> 2024-11-10)
[2025-02-03T19:32:40.261+0000] {subprocess.py:106} INFO - GOOG: No price data found, symbol may be delisted (1d 2024-11-10 -> 2024-11-11)
[2025-02-03T19:32:41.481+0000] {subprocess.py:106} INFO - GOOG: No price data found, symbol may be delisted (1d 2024-11-16 -> 2024-11-17)
[2025-02-03T19:32:43.345+0000] {subprocess.py:106} INFO - GOOG: No price data found, symbol may be delisted (1d 2024-12-01 -> 2024-12-02)
[2025-02-03T19:32:46.785+0000] {subprocess.py:106} INFO - GOOG: No price data found, symbol may be delisted (1d 2025-01-26 -> 2025-01-27)
[2025-02-03T19:32:47.107+0000] {subprocess.py:106} INFO - GOOG: No price data found, symbol may be delisted (1d 2024-12-22 -> 2024-12-23)
[2025-02-03T19:32:47.407+0000] {subprocess.py:106} INFO - GOOG: No price data found, symbol may be delisted (1d 2025-01-05 -> 2025-01-06)
[2025-02-03T19:32:48.372+0000] {subprocess.py:106} INFO - GOOG: No price data found, symbol may be delisted (1d 2024-12-28 -> 2024-12-29)
[2025-02-03T19:32:50.353+0000] {subprocess.py:106} INFO - GOOG: No price data found, symbol may be delisted (1d 2024-12-07 -> 2024-12-08)
[2025-02-03T19:32:51.311+0000] {subprocess.py:106} INFO - GOOG: No price data found, symbol may be delisted (1d 2024-12-15 -> 2024-12-16)
[2025-02-03T19:32:51.638+0000] {subprocess.py:106} INFO - GOOG: No price data found, symbol may be delisted (1d 2025-01-18 -> 2025-01-19)
[2025-02-03T19:32:52.239+0000] {subprocess.py:106} INFO - GOOG: No price data found, symbol may be delisted (1d 2025-01-20 -> 2025-01-21)
[2025-02-03T19:32:53.006+0000] {subprocess.py:106} INFO - GOOG: No price data found, symbol may be delisted (1d 2024-11-28 -> 2024-11-29)
[2025-02-03T19:32:54.317+0000] {subprocess.py:106} INFO - GOOG: No price data found, symbol may be delisted (1d 2024-11-30 -> 2024-12-01)
[2025-02-03T19:32:55.366+0000] {subprocess.py:106} INFO - GOOG: No price data found, symbol may be delisted (1d 2024-11-23 -> 2024-11-24)
[2025-02-03T19:32:56.047+0000] {subprocess.py:106} INFO - GOOG: No price data found, symbol may be delisted (1d 2024-12-08 -> 2024-12-09)
[2025-02-03T19:32:56.681+0000] {subprocess.py:106} INFO - GOOG: No price data found, symbol may be delisted (1d 2024-12-14 -> 2024-12-15)
[2025-02-03T19:32:56.707+0000] {subprocess.py:106} INFO - Namespace(data_lake_path='/opt/***/data_lake/', stock_tickers='[,AAPL,,MSFT,,AMZN,,META,,NFLX,,GOOG,]', execution_date='2025-02-03', stock_collect_mode='fill_missing', start_date_missing_values='2024-11-01', end_date_missing_values='2025-01-31')
[2025-02-03T19:32:56.708+0000] {subprocess.py:106} INFO -    date        open        high  ...      volume  ticker_name  collect_date
[2025-02-03T19:32:56.708+0000] {subprocess.py:106} INFO - 0  <NA>  170.580002  171.169998  ...  49815300.0         AMZN          <NA>
[2025-02-03T19:32:56.709+0000] {subprocess.py:106} INFO - 0  <NA>  980.000000  987.640015  ...   2205494.0         NFLX          <NA>
[2025-02-03T19:32:56.709+0000] {subprocess.py:106} INFO - 0  <NA>  408.140015  409.130005  ...  21804000.0         MSFT          <NA>
[2025-02-03T19:32:56.709+0000] {subprocess.py:106} INFO - 0  <NA>  674.804993  680.289917  ...  11753956.0         META          <NA>
[2025-02-03T19:32:56.710+0000] {subprocess.py:106} INFO - 0  <NA>  197.360001  198.459503  ...   7859301.0         GOOG          <NA>
[2025-02-03T19:32:56.710+0000] {subprocess.py:106} INFO - 
[2025-02-03T19:32:56.710+0000] {subprocess.py:106} INFO - [5 rows x 8 columns]
[2025-02-03T19:32:56.710+0000] {subprocess.py:106} INFO - ticker: AAPL
[2025-02-03T19:32:56.711+0000] {subprocess.py:106} INFO - WARNING: cookie & crumb does not work well with requests_cache. Am experimenting with 'expire_after=DO_NOT_CACHE', but you need to help stress-test.
[2025-02-03T19:32:56.711+0000] {subprocess.py:106} INFO - /opt/***/data_lake/raw/csv/stocks/20250203_stock_AAPL_fill_missing_from_2024-11-01_to_2025-01-31
[2025-02-03T19:32:56.712+0000] {subprocess.py:106} INFO - ticker: MSFT
[2025-02-03T19:32:56.712+0000] {subprocess.py:106} INFO - /opt/***/data_lake/raw/csv/stocks/20250203_stock_MSFT_fill_missing_from_2024-11-01_to_2025-01-31
[2025-02-03T19:32:56.712+0000] {subprocess.py:106} INFO - ticker: AMZN
[2025-02-03T19:32:56.712+0000] {subprocess.py:106} INFO - /opt/***/data_lake/raw/csv/stocks/20250203_stock_AMZN_fill_missing_from_2024-11-01_to_2025-01-31
[2025-02-03T19:32:56.713+0000] {subprocess.py:106} INFO - ticker: META
[2025-02-03T19:32:56.713+0000] {subprocess.py:106} INFO - /opt/***/data_lake/raw/csv/stocks/20250203_stock_META_fill_missing_from_2024-11-01_to_2025-01-31
[2025-02-03T19:32:56.713+0000] {subprocess.py:106} INFO - ticker: NFLX
[2025-02-03T19:32:56.713+0000] {subprocess.py:106} INFO - /opt/***/data_lake/raw/csv/stocks/20250203_stock_NFLX_fill_missing_from_2024-11-01_to_2025-01-31
[2025-02-03T19:32:56.713+0000] {subprocess.py:106} INFO - ticker: GOOG
[2025-02-03T19:32:56.714+0000] {subprocess.py:106} INFO - /opt/***/data_lake/raw/csv/stocks/20250203_stock_GOOG_fill_missing_from_2024-11-01_to_2025-01-31
[2025-02-03T19:32:56.936+0000] {subprocess.py:110} INFO - Command exited with return code 0
[2025-02-03T19:32:56.965+0000] {taskinstance.py:340} INFO - ::group::Post task execution logs
[2025-02-03T19:32:56.965+0000] {taskinstance.py:352} INFO - Marking task as SUCCESS. dag_id=etl_dag, task_id=collect_raw_stocks, run_id=manual__2025-02-03T12:05:46-07:00, execution_date=20250203T190546, start_date=20250203T192945, end_date=20250203T193256
[2025-02-03T19:32:57.011+0000] {local_task_job_runner.py:266} INFO - Task exited with return code 0
[2025-02-03T19:32:57.037+0000] {taskinstance.py:3895} INFO - 1 downstream tasks scheduled from follow-on schedule check
[2025-02-03T19:32:57.038+0000] {local_task_job_runner.py:245} INFO - ::endgroup::
