[2025-02-03T19:22:46.150+0000] {local_task_job_runner.py:123} INFO - ::group::Pre task execution logs
[2025-02-03T19:22:46.157+0000] {taskinstance.py:2613} INFO - Dependencies all met for dep_context=non-requeueable deps ti=<TaskInstance: etl_dag.collect_raw_stocks manual__2025-02-03T12:05:46-07:00 [queued]>
[2025-02-03T19:22:46.160+0000] {taskinstance.py:2613} INFO - Dependencies all met for dep_context=requeueable deps ti=<TaskInstance: etl_dag.collect_raw_stocks manual__2025-02-03T12:05:46-07:00 [queued]>
[2025-02-03T19:22:46.160+0000] {taskinstance.py:2866} INFO - Starting attempt 6 of 6
[2025-02-03T19:22:46.164+0000] {taskinstance.py:2889} INFO - Executing <Task(BashOperator): collect_raw_stocks> on 2025-02-03 19:05:46+00:00
[2025-02-03T19:22:46.167+0000] {standard_task_runner.py:72} INFO - Started process 532 to run task
[2025-02-03T19:22:46.169+0000] {standard_task_runner.py:104} INFO - Running: ['***', 'tasks', 'run', 'etl_dag', 'collect_raw_stocks', 'manual__2025-02-03T12:05:46-07:00', '--job-id', '128', '--raw', '--subdir', 'DAGS_FOLDER/my_first_dag.py', '--cfg-path', '/tmp/tmpi8ub8cvm']
[2025-02-03T19:22:46.170+0000] {standard_task_runner.py:105} INFO - Job 128: Subtask collect_raw_stocks
[2025-02-03T19:22:46.193+0000] {task_command.py:467} INFO - Running <TaskInstance: etl_dag.collect_raw_stocks manual__2025-02-03T12:05:46-07:00 [running]> on host 48308722451a
[2025-02-03T19:22:46.228+0000] {taskinstance.py:3132} INFO - Exporting env vars: AIRFLOW_CTX_DAG_OWNER='***' AIRFLOW_CTX_DAG_ID='etl_dag' AIRFLOW_CTX_TASK_ID='collect_raw_stocks' AIRFLOW_CTX_EXECUTION_DATE='2025-02-03T19:05:46+00:00' AIRFLOW_CTX_TRY_NUMBER='6' AIRFLOW_CTX_DAG_RUN_ID='manual__2025-02-03T12:05:46-07:00'
[2025-02-03T19:22:46.229+0000] {taskinstance.py:731} INFO - ::endgroup::
[2025-02-03T19:22:46.234+0000] {subprocess.py:78} INFO - Tmp dir root location: /tmp
[2025-02-03T19:22:46.235+0000] {subprocess.py:88} INFO - Running command: ['/usr/bin/bash', '-c', 'python3 "/opt/***/data_collection/"collect_stocks.py --data_lake_path $DATA_LAKE_PATH --stock_tickers $STOCK_TICKERS --execution_date $EXECUTION_DATE --stock_collect_mode $STOCK_COLLECT_MODE --start_date_missing_values $START_DATE_MISSING_VALUES --end_date_missing_values $END_DATE_MISSING_VALUES']
[2025-02-03T19:22:46.238+0000] {subprocess.py:99} INFO - Output:
[2025-02-03T19:22:49.158+0000] {subprocess.py:106} INFO - AAPL: No price data found, symbol may be delisted (1d 2024-11-23 -> 2024-11-24)
[2025-02-03T19:22:49.909+0000] {subprocess.py:106} INFO - AAPL: No price data found, symbol may be delisted (1d 2024-12-21 -> 2024-12-22)
[2025-02-03T19:22:52.085+0000] {subprocess.py:106} INFO - AAPL: No price data found, symbol may be delisted (1d 2024-12-15 -> 2024-12-16)
[2025-02-03T19:22:52.430+0000] {subprocess.py:106} INFO - AAPL: No price data found, symbol may be delisted (1d 2025-01-18 -> 2025-01-19)
[2025-02-03T19:22:52.769+0000] {subprocess.py:106} INFO - AAPL: No price data found, symbol may be delisted (1d 2025-01-01 -> 2025-01-02)
[2025-02-03T19:22:53.151+0000] {subprocess.py:106} INFO - AAPL: No price data found, symbol may be delisted (1d 2024-11-30 -> 2024-12-01)
[2025-02-03T19:22:55.350+0000] {subprocess.py:106} INFO - AAPL: No price data found, symbol may be delisted (1d 2024-11-10 -> 2024-11-11)
[2025-02-03T19:22:55.722+0000] {subprocess.py:106} INFO - AAPL: No price data found, symbol may be delisted (1d 2024-12-01 -> 2024-12-02)
[2025-02-03T19:22:56.695+0000] {subprocess.py:106} INFO - AAPL: No price data found, symbol may be delisted (1d 2024-11-03 -> 2024-11-04)
[2025-02-03T19:22:57.059+0000] {subprocess.py:106} INFO - AAPL: No price data found, symbol may be delisted (1d 2024-11-16 -> 2024-11-17)
[2025-02-03T19:22:57.415+0000] {subprocess.py:106} INFO - AAPL: No price data found, symbol may be delisted (1d 2024-11-24 -> 2024-11-25)
[2025-02-03T19:22:58.922+0000] {subprocess.py:106} INFO - AAPL: No price data found, symbol may be delisted (1d 2025-01-26 -> 2025-01-27)
[2025-02-03T19:23:00.136+0000] {subprocess.py:106} INFO - AAPL: No price data found, symbol may be delisted (1d 2025-01-11 -> 2025-01-12)
[2025-02-03T19:23:00.516+0000] {subprocess.py:106} INFO - AAPL: No price data found, symbol may be delisted (1d 2024-11-02 -> 2024-11-03)
[2025-02-03T19:23:01.282+0000] {subprocess.py:106} INFO - AAPL: No price data found, symbol may be delisted (1d 2025-01-09 -> 2025-01-10)
[2025-02-03T19:23:05.332+0000] {subprocess.py:106} INFO - AAPL: No price data found, symbol may be delisted (1d 2025-01-25 -> 2025-01-26)
[2025-02-03T19:23:07.214+0000] {subprocess.py:106} INFO - AAPL: No price data found, symbol may be delisted (1d 2024-12-25 -> 2024-12-26)
[2025-02-03T19:23:09.905+0000] {subprocess.py:106} INFO - AAPL: No price data found, symbol may be delisted (1d 2025-01-20 -> 2025-01-21)
[2025-02-03T19:23:10.654+0000] {subprocess.py:106} INFO - AAPL: No price data found, symbol may be delisted (1d 2024-11-28 -> 2024-11-29)
[2025-02-03T19:23:11.449+0000] {subprocess.py:106} INFO - AAPL: No price data found, symbol may be delisted (1d 2025-01-19 -> 2025-01-20)
[2025-02-03T19:23:12.189+0000] {subprocess.py:106} INFO - AAPL: No price data found, symbol may be delisted (1d 2025-01-12 -> 2025-01-13)
[2025-02-03T19:23:12.567+0000] {subprocess.py:106} INFO - AAPL: No price data found, symbol may be delisted (1d 2024-12-28 -> 2024-12-29)
[2025-02-03T19:23:12.925+0000] {subprocess.py:106} INFO - AAPL: No price data found, symbol may be delisted (1d 2024-11-09 -> 2024-11-10)
[2025-02-03T19:23:14.806+0000] {subprocess.py:106} INFO - AAPL: No price data found, symbol may be delisted (1d 2025-01-05 -> 2025-01-06)
[2025-02-03T19:23:18.122+0000] {subprocess.py:106} INFO - AAPL: No price data found, symbol may be delisted (1d 2024-11-17 -> 2024-11-18)
[2025-02-03T19:23:18.468+0000] {subprocess.py:106} INFO - AAPL: No price data found, symbol may be delisted (1d 2024-12-07 -> 2024-12-08)
[2025-02-03T19:23:19.963+0000] {subprocess.py:106} INFO - AAPL: No price data found, symbol may be delisted (1d 2024-12-22 -> 2024-12-23)
[2025-02-03T19:23:20.394+0000] {subprocess.py:106} INFO - AAPL: No price data found, symbol may be delisted (1d 2024-12-29 -> 2024-12-30)
[2025-02-03T19:23:20.774+0000] {subprocess.py:106} INFO - AAPL: No price data found, symbol may be delisted (1d 2025-01-04 -> 2025-01-05)
[2025-02-03T19:23:21.162+0000] {subprocess.py:106} INFO - AAPL: No price data found, symbol may be delisted (1d 2024-12-14 -> 2024-12-15)
[2025-02-03T19:23:21.902+0000] {subprocess.py:106} INFO - AAPL: No price data found, symbol may be delisted (1d 2024-12-08 -> 2024-12-09)
[2025-02-03T19:23:23.740+0000] {subprocess.py:106} INFO - MSFT: No price data found, symbol may be delisted (1d 2024-11-23 -> 2024-11-24)
[2025-02-03T19:23:24.423+0000] {subprocess.py:106} INFO - MSFT: No price data found, symbol may be delisted (1d 2024-12-21 -> 2024-12-22)
[2025-02-03T19:23:26.751+0000] {subprocess.py:106} INFO - MSFT: No price data found, symbol may be delisted (1d 2024-12-15 -> 2024-12-16)
[2025-02-03T19:23:27.106+0000] {subprocess.py:106} INFO - MSFT: No price data found, symbol may be delisted (1d 2025-01-18 -> 2025-01-19)
[2025-02-03T19:23:27.427+0000] {subprocess.py:106} INFO - MSFT: No price data found, symbol may be delisted (1d 2025-01-01 -> 2025-01-02)
[2025-02-03T19:23:27.777+0000] {subprocess.py:106} INFO - MSFT: No price data found, symbol may be delisted (1d 2024-11-30 -> 2024-12-01)
[2025-02-03T19:23:29.895+0000] {subprocess.py:106} INFO - MSFT: No price data found, symbol may be delisted (1d 2024-11-10 -> 2024-11-11)
[2025-02-03T19:23:30.255+0000] {subprocess.py:106} INFO - MSFT: No price data found, symbol may be delisted (1d 2024-12-01 -> 2024-12-02)
[2025-02-03T19:23:30.915+0000] {subprocess.py:106} INFO - MSFT: No price data found, symbol may be delisted (1d 2024-11-03 -> 2024-11-04)
[2025-02-03T19:23:31.265+0000] {subprocess.py:106} INFO - MSFT: No price data found, symbol may be delisted (1d 2024-11-16 -> 2024-11-17)
[2025-02-03T19:23:31.605+0000] {subprocess.py:106} INFO - MSFT: No price data found, symbol may be delisted (1d 2024-11-24 -> 2024-11-25)
[2025-02-03T19:23:32.990+0000] {subprocess.py:106} INFO - MSFT: No price data found, symbol may be delisted (1d 2025-01-26 -> 2025-01-27)
[2025-02-03T19:23:34.203+0000] {subprocess.py:106} INFO - MSFT: No price data found, symbol may be delisted (1d 2025-01-11 -> 2025-01-12)
[2025-02-03T19:23:34.541+0000] {subprocess.py:106} INFO - MSFT: No price data found, symbol may be delisted (1d 2024-11-02 -> 2024-11-03)
[2025-02-03T19:23:35.250+0000] {subprocess.py:106} INFO - MSFT: No price data found, symbol may be delisted (1d 2025-01-09 -> 2025-01-10)
[2025-02-03T19:23:39.249+0000] {subprocess.py:106} INFO - MSFT: No price data found, symbol may be delisted (1d 2025-01-25 -> 2025-01-26)
[2025-02-03T19:23:40.971+0000] {subprocess.py:106} INFO - MSFT: No price data found, symbol may be delisted (1d 2024-12-25 -> 2024-12-26)
[2025-02-03T19:23:43.484+0000] {subprocess.py:106} INFO - MSFT: No price data found, symbol may be delisted (1d 2025-01-20 -> 2025-01-21)
[2025-02-03T19:23:44.230+0000] {subprocess.py:106} INFO - MSFT: No price data found, symbol may be delisted (1d 2024-11-28 -> 2024-11-29)
[2025-02-03T19:23:44.926+0000] {subprocess.py:106} INFO - MSFT: No price data found, symbol may be delisted (1d 2025-01-19 -> 2025-01-20)
[2025-02-03T19:23:45.574+0000] {subprocess.py:106} INFO - MSFT: No price data found, symbol may be delisted (1d 2025-01-12 -> 2025-01-13)
[2025-02-03T19:23:45.923+0000] {subprocess.py:106} INFO - MSFT: No price data found, symbol may be delisted (1d 2024-12-28 -> 2024-12-29)
[2025-02-03T19:23:46.256+0000] {subprocess.py:106} INFO - MSFT: No price data found, symbol may be delisted (1d 2024-11-09 -> 2024-11-10)
[2025-02-03T19:23:47.918+0000] {subprocess.py:106} INFO - MSFT: No price data found, symbol may be delisted (1d 2025-01-05 -> 2025-01-06)
[2025-02-03T19:23:51.058+0000] {subprocess.py:106} INFO - MSFT: No price data found, symbol may be delisted (1d 2024-11-17 -> 2024-11-18)
[2025-02-03T19:23:51.415+0000] {subprocess.py:106} INFO - MSFT: No price data found, symbol may be delisted (1d 2024-12-07 -> 2024-12-08)
[2025-02-03T19:23:52.822+0000] {subprocess.py:106} INFO - MSFT: No price data found, symbol may be delisted (1d 2024-12-22 -> 2024-12-23)
[2025-02-03T19:23:53.174+0000] {subprocess.py:106} INFO - MSFT: No price data found, symbol may be delisted (1d 2024-12-29 -> 2024-12-30)
[2025-02-03T19:23:53.524+0000] {subprocess.py:106} INFO - MSFT: No price data found, symbol may be delisted (1d 2025-01-04 -> 2025-01-05)
[2025-02-03T19:23:53.866+0000] {subprocess.py:106} INFO - MSFT: No price data found, symbol may be delisted (1d 2024-12-14 -> 2024-12-15)
[2025-02-03T19:23:54.555+0000] {subprocess.py:106} INFO - MSFT: No price data found, symbol may be delisted (1d 2024-12-08 -> 2024-12-09)
[2025-02-03T19:23:56.222+0000] {subprocess.py:106} INFO - AMZN: No price data found, symbol may be delisted (1d 2024-11-23 -> 2024-11-24)
[2025-02-03T19:23:56.860+0000] {subprocess.py:106} INFO - AMZN: No price data found, symbol may be delisted (1d 2024-12-21 -> 2024-12-22)
[2025-02-03T19:23:58.808+0000] {subprocess.py:106} INFO - AMZN: No price data found, symbol may be delisted (1d 2024-12-15 -> 2024-12-16)
[2025-02-03T19:23:59.133+0000] {subprocess.py:106} INFO - AMZN: No price data found, symbol may be delisted (1d 2025-01-18 -> 2025-01-19)
[2025-02-03T19:23:59.462+0000] {subprocess.py:106} INFO - AMZN: No price data found, symbol may be delisted (1d 2025-01-01 -> 2025-01-02)
[2025-02-03T19:23:59.764+0000] {subprocess.py:106} INFO - AMZN: No price data found, symbol may be delisted (1d 2024-11-30 -> 2024-12-01)
[2025-02-03T19:24:01.666+0000] {subprocess.py:106} INFO - AMZN: No price data found, symbol may be delisted (1d 2024-11-10 -> 2024-11-11)
[2025-02-03T19:24:01.994+0000] {subprocess.py:106} INFO - AMZN: No price data found, symbol may be delisted (1d 2024-12-01 -> 2024-12-02)
[2025-02-03T19:24:02.657+0000] {subprocess.py:106} INFO - AMZN: No price data found, symbol may be delisted (1d 2024-11-03 -> 2024-11-04)
[2025-02-03T19:24:02.981+0000] {subprocess.py:106} INFO - AMZN: No price data found, symbol may be delisted (1d 2024-11-16 -> 2024-11-17)
[2025-02-03T19:24:03.308+0000] {subprocess.py:106} INFO - AMZN: No price data found, symbol may be delisted (1d 2024-11-24 -> 2024-11-25)
[2025-02-03T19:24:04.578+0000] {subprocess.py:106} INFO - AMZN: No price data found, symbol may be delisted (1d 2025-01-26 -> 2025-01-27)
[2025-02-03T19:24:05.573+0000] {subprocess.py:106} INFO - AMZN: No price data found, symbol may be delisted (1d 2025-01-11 -> 2025-01-12)
[2025-02-03T19:24:05.888+0000] {subprocess.py:106} INFO - AMZN: No price data found, symbol may be delisted (1d 2024-11-02 -> 2024-11-03)
[2025-02-03T19:24:06.523+0000] {subprocess.py:106} INFO - AMZN: No price data found, symbol may be delisted (1d 2025-01-09 -> 2025-01-10)
[2025-02-03T19:24:10.198+0000] {subprocess.py:106} INFO - AMZN: No price data found, symbol may be delisted (1d 2025-01-25 -> 2025-01-26)
[2025-02-03T19:24:11.798+0000] {subprocess.py:106} INFO - AMZN: No price data found, symbol may be delisted (1d 2024-12-25 -> 2024-12-26)
[2025-02-03T19:24:14.053+0000] {subprocess.py:106} INFO - AMZN: No price data found, symbol may be delisted (1d 2025-01-20 -> 2025-01-21)
[2025-02-03T19:24:14.730+0000] {subprocess.py:106} INFO - AMZN: No price data found, symbol may be delisted (1d 2024-11-28 -> 2024-11-29)
[2025-02-03T19:24:15.378+0000] {subprocess.py:106} INFO - AMZN: No price data found, symbol may be delisted (1d 2025-01-19 -> 2025-01-20)
[2025-02-03T19:24:16.017+0000] {subprocess.py:106} INFO - AMZN: No price data found, symbol may be delisted (1d 2025-01-12 -> 2025-01-13)
[2025-02-03T19:24:16.326+0000] {subprocess.py:106} INFO - AMZN: No price data found, symbol may be delisted (1d 2024-12-28 -> 2024-12-29)
[2025-02-03T19:24:16.655+0000] {subprocess.py:106} INFO - AMZN: No price data found, symbol may be delisted (1d 2024-11-09 -> 2024-11-10)
[2025-02-03T19:24:18.158+0000] {subprocess.py:106} INFO - AMZN: No price data found, symbol may be delisted (1d 2025-01-05 -> 2025-01-06)
[2025-02-03T19:24:21.035+0000] {subprocess.py:106} INFO - AMZN: No price data found, symbol may be delisted (1d 2024-11-17 -> 2024-11-18)
[2025-02-03T19:24:21.400+0000] {subprocess.py:106} INFO - AMZN: No price data found, symbol may be delisted (1d 2024-12-07 -> 2024-12-08)
[2025-02-03T19:24:22.676+0000] {subprocess.py:106} INFO - AMZN: No price data found, symbol may be delisted (1d 2024-12-22 -> 2024-12-23)
[2025-02-03T19:24:22.980+0000] {subprocess.py:106} INFO - AMZN: No price data found, symbol may be delisted (1d 2024-12-29 -> 2024-12-30)
[2025-02-03T19:24:23.298+0000] {subprocess.py:106} INFO - AMZN: No price data found, symbol may be delisted (1d 2025-01-04 -> 2025-01-05)
[2025-02-03T19:24:23.632+0000] {subprocess.py:106} INFO - AMZN: No price data found, symbol may be delisted (1d 2024-12-14 -> 2024-12-15)
[2025-02-03T19:24:24.256+0000] {subprocess.py:106} INFO - AMZN: No price data found, symbol may be delisted (1d 2024-12-08 -> 2024-12-09)
[2025-02-03T19:24:25.965+0000] {subprocess.py:106} INFO - META: No price data found, symbol may be delisted (1d 2024-11-23 -> 2024-11-24)
[2025-02-03T19:24:26.625+0000] {subprocess.py:106} INFO - META: No price data found, symbol may be delisted (1d 2024-12-21 -> 2024-12-22)
[2025-02-03T19:24:28.594+0000] {subprocess.py:106} INFO - META: No price data found, symbol may be delisted (1d 2024-12-15 -> 2024-12-16)
[2025-02-03T19:24:28.922+0000] {subprocess.py:106} INFO - META: No price data found, symbol may be delisted (1d 2025-01-18 -> 2025-01-19)
[2025-02-03T19:24:29.313+0000] {subprocess.py:106} INFO - META: No price data found, symbol may be delisted (1d 2025-01-01 -> 2025-01-02)
[2025-02-03T19:24:29.643+0000] {subprocess.py:106} INFO - META: No price data found, symbol may be delisted (1d 2024-11-30 -> 2024-12-01)
[2025-02-03T19:24:31.598+0000] {subprocess.py:106} INFO - META: No price data found, symbol may be delisted (1d 2024-11-10 -> 2024-11-11)
[2025-02-03T19:24:31.922+0000] {subprocess.py:106} INFO - META: No price data found, symbol may be delisted (1d 2024-12-01 -> 2024-12-02)
[2025-02-03T19:24:32.567+0000] {subprocess.py:106} INFO - META: No price data found, symbol may be delisted (1d 2024-11-03 -> 2024-11-04)
[2025-02-03T19:24:32.879+0000] {subprocess.py:106} INFO - META: No price data found, symbol may be delisted (1d 2024-11-16 -> 2024-11-17)
[2025-02-03T19:24:33.198+0000] {subprocess.py:106} INFO - META: No price data found, symbol may be delisted (1d 2024-11-24 -> 2024-11-25)
[2025-02-03T19:24:34.798+0000] {subprocess.py:106} INFO - META: No price data found, symbol may be delisted (1d 2025-01-26 -> 2025-01-27)
[2025-02-03T19:24:35.782+0000] {subprocess.py:106} INFO - META: No price data found, symbol may be delisted (1d 2025-01-11 -> 2025-01-12)
[2025-02-03T19:24:36.130+0000] {subprocess.py:106} INFO - META: No price data found, symbol may be delisted (1d 2024-11-02 -> 2024-11-03)
[2025-02-03T19:24:36.768+0000] {subprocess.py:106} INFO - META: No price data found, symbol may be delisted (1d 2025-01-09 -> 2025-01-10)
[2025-02-03T19:24:40.396+0000] {subprocess.py:106} INFO - META: No price data found, symbol may be delisted (1d 2025-01-25 -> 2025-01-26)
[2025-02-03T19:24:42.050+0000] {subprocess.py:106} INFO - META: No price data found, symbol may be delisted (1d 2024-12-25 -> 2024-12-26)
[2025-02-03T19:24:44.349+0000] {subprocess.py:106} INFO - META: No price data found, symbol may be delisted (1d 2025-01-20 -> 2025-01-21)
[2025-02-03T19:24:45.004+0000] {subprocess.py:106} INFO - META: No price data found, symbol may be delisted (1d 2024-11-28 -> 2024-11-29)
[2025-02-03T19:24:45.654+0000] {subprocess.py:106} INFO - META: No price data found, symbol may be delisted (1d 2025-01-19 -> 2025-01-20)
[2025-02-03T19:24:46.297+0000] {subprocess.py:106} INFO - META: No price data found, symbol may be delisted (1d 2025-01-12 -> 2025-01-13)
[2025-02-03T19:24:46.620+0000] {subprocess.py:106} INFO - META: No price data found, symbol may be delisted (1d 2024-12-28 -> 2024-12-29)
[2025-02-03T19:24:46.971+0000] {subprocess.py:106} INFO - META: No price data found, symbol may be delisted (1d 2024-11-09 -> 2024-11-10)
[2025-02-03T19:24:48.553+0000] {subprocess.py:106} INFO - META: No price data found, symbol may be delisted (1d 2025-01-05 -> 2025-01-06)
[2025-02-03T19:24:51.857+0000] {subprocess.py:106} INFO - META: No price data found, symbol may be delisted (1d 2024-11-17 -> 2024-11-18)
[2025-02-03T19:24:52.173+0000] {subprocess.py:106} INFO - META: No price data found, symbol may be delisted (1d 2024-12-07 -> 2024-12-08)
[2025-02-03T19:24:53.478+0000] {subprocess.py:106} INFO - META: No price data found, symbol may be delisted (1d 2024-12-22 -> 2024-12-23)
[2025-02-03T19:24:53.809+0000] {subprocess.py:106} INFO - META: No price data found, symbol may be delisted (1d 2024-12-29 -> 2024-12-30)
[2025-02-03T19:24:54.140+0000] {subprocess.py:106} INFO - META: No price data found, symbol may be delisted (1d 2025-01-04 -> 2025-01-05)
[2025-02-03T19:24:54.466+0000] {subprocess.py:106} INFO - META: No price data found, symbol may be delisted (1d 2024-12-14 -> 2024-12-15)
[2025-02-03T19:24:55.112+0000] {subprocess.py:106} INFO - META: No price data found, symbol may be delisted (1d 2024-12-08 -> 2024-12-09)
[2025-02-03T19:24:56.750+0000] {subprocess.py:106} INFO - NFLX: No price data found, symbol may be delisted (1d 2024-11-23 -> 2024-11-24)
[2025-02-03T19:24:57.402+0000] {subprocess.py:106} INFO - NFLX: No price data found, symbol may be delisted (1d 2024-12-21 -> 2024-12-22)
[2025-02-03T19:24:59.382+0000] {subprocess.py:106} INFO - NFLX: No price data found, symbol may be delisted (1d 2024-12-15 -> 2024-12-16)
[2025-02-03T19:24:59.715+0000] {subprocess.py:106} INFO - NFLX: No price data found, symbol may be delisted (1d 2025-01-18 -> 2025-01-19)
[2025-02-03T19:25:00.048+0000] {subprocess.py:106} INFO - NFLX: No price data found, symbol may be delisted (1d 2025-01-01 -> 2025-01-02)
[2025-02-03T19:25:00.383+0000] {subprocess.py:106} INFO - NFLX: No price data found, symbol may be delisted (1d 2024-11-30 -> 2024-12-01)
[2025-02-03T19:25:02.410+0000] {subprocess.py:106} INFO - NFLX: No price data found, symbol may be delisted (1d 2024-11-10 -> 2024-11-11)
[2025-02-03T19:25:02.734+0000] {subprocess.py:106} INFO - NFLX: No price data found, symbol may be delisted (1d 2024-12-01 -> 2024-12-02)
[2025-02-03T19:25:03.371+0000] {subprocess.py:106} INFO - NFLX: No price data found, symbol may be delisted (1d 2024-11-03 -> 2024-11-04)
[2025-02-03T19:25:03.727+0000] {subprocess.py:106} INFO - NFLX: No price data found, symbol may be delisted (1d 2024-11-16 -> 2024-11-17)
[2025-02-03T19:25:04.062+0000] {subprocess.py:106} INFO - NFLX: No price data found, symbol may be delisted (1d 2024-11-24 -> 2024-11-25)
[2025-02-03T19:25:05.367+0000] {subprocess.py:106} INFO - NFLX: No price data found, symbol may be delisted (1d 2025-01-26 -> 2025-01-27)
[2025-02-03T19:25:06.335+0000] {subprocess.py:106} INFO - NFLX: No price data found, symbol may be delisted (1d 2025-01-11 -> 2025-01-12)
[2025-02-03T19:25:06.655+0000] {subprocess.py:106} INFO - NFLX: No price data found, symbol may be delisted (1d 2024-11-02 -> 2024-11-03)
[2025-02-03T19:25:07.314+0000] {subprocess.py:106} INFO - NFLX: No price data found, symbol may be delisted (1d 2025-01-09 -> 2025-01-10)
[2025-02-03T19:25:10.886+0000] {subprocess.py:106} INFO - NFLX: No price data found, symbol may be delisted (1d 2025-01-25 -> 2025-01-26)
[2025-02-03T19:25:12.539+0000] {subprocess.py:106} INFO - NFLX: No price data found, symbol may be delisted (1d 2024-12-25 -> 2024-12-26)
[2025-02-03T19:25:14.864+0000] {subprocess.py:106} INFO - NFLX: No price data found, symbol may be delisted (1d 2025-01-20 -> 2025-01-21)
[2025-02-03T19:25:15.519+0000] {subprocess.py:106} INFO - NFLX: No price data found, symbol may be delisted (1d 2024-11-28 -> 2024-11-29)
[2025-02-03T19:25:16.118+0000] {subprocess.py:106} INFO - NFLX: No price data found, symbol may be delisted (1d 2025-01-19 -> 2025-01-20)
[2025-02-03T19:25:16.711+0000] {subprocess.py:106} INFO - NFLX: No price data found, symbol may be delisted (1d 2025-01-12 -> 2025-01-13)
[2025-02-03T19:25:17.028+0000] {subprocess.py:106} INFO - NFLX: No price data found, symbol may be delisted (1d 2024-12-28 -> 2024-12-29)
[2025-02-03T19:25:17.365+0000] {subprocess.py:106} INFO - NFLX: No price data found, symbol may be delisted (1d 2024-11-09 -> 2024-11-10)
[2025-02-03T19:25:18.963+0000] {subprocess.py:106} INFO - NFLX: No price data found, symbol may be delisted (1d 2025-01-05 -> 2025-01-06)
[2025-02-03T19:25:21.894+0000] {subprocess.py:106} INFO - NFLX: No price data found, symbol may be delisted (1d 2024-11-17 -> 2024-11-18)
[2025-02-03T19:25:22.228+0000] {subprocess.py:106} INFO - NFLX: No price data found, symbol may be delisted (1d 2024-12-07 -> 2024-12-08)
[2025-02-03T19:25:23.555+0000] {subprocess.py:106} INFO - NFLX: No price data found, symbol may be delisted (1d 2024-12-22 -> 2024-12-23)
[2025-02-03T19:25:23.905+0000] {subprocess.py:106} INFO - NFLX: No price data found, symbol may be delisted (1d 2024-12-29 -> 2024-12-30)
[2025-02-03T19:25:24.226+0000] {subprocess.py:106} INFO - NFLX: No price data found, symbol may be delisted (1d 2025-01-04 -> 2025-01-05)
[2025-02-03T19:25:24.540+0000] {subprocess.py:106} INFO - NFLX: No price data found, symbol may be delisted (1d 2024-12-14 -> 2024-12-15)
[2025-02-03T19:25:25.188+0000] {subprocess.py:106} INFO - NFLX: No price data found, symbol may be delisted (1d 2024-12-08 -> 2024-12-09)
[2025-02-03T19:25:26.809+0000] {subprocess.py:106} INFO - GOOG: No price data found, symbol may be delisted (1d 2024-11-23 -> 2024-11-24)
[2025-02-03T19:25:27.468+0000] {subprocess.py:106} INFO - GOOG: No price data found, symbol may be delisted (1d 2024-12-21 -> 2024-12-22)
[2025-02-03T19:25:29.497+0000] {subprocess.py:106} INFO - GOOG: No price data found, symbol may be delisted (1d 2024-12-15 -> 2024-12-16)
[2025-02-03T19:25:29.851+0000] {subprocess.py:106} INFO - GOOG: No price data found, symbol may be delisted (1d 2025-01-18 -> 2025-01-19)
[2025-02-03T19:25:30.156+0000] {subprocess.py:106} INFO - GOOG: No price data found, symbol may be delisted (1d 2025-01-01 -> 2025-01-02)
[2025-02-03T19:25:30.493+0000] {subprocess.py:106} INFO - GOOG: No price data found, symbol may be delisted (1d 2024-11-30 -> 2024-12-01)
[2025-02-03T19:25:32.435+0000] {subprocess.py:106} INFO - GOOG: No price data found, symbol may be delisted (1d 2024-11-10 -> 2024-11-11)
[2025-02-03T19:25:32.754+0000] {subprocess.py:106} INFO - GOOG: No price data found, symbol may be delisted (1d 2024-12-01 -> 2024-12-02)
[2025-02-03T19:25:33.422+0000] {subprocess.py:106} INFO - GOOG: No price data found, symbol may be delisted (1d 2024-11-03 -> 2024-11-04)
[2025-02-03T19:25:33.749+0000] {subprocess.py:106} INFO - GOOG: No price data found, symbol may be delisted (1d 2024-11-16 -> 2024-11-17)
[2025-02-03T19:25:34.149+0000] {subprocess.py:106} INFO - GOOG: No price data found, symbol may be delisted (1d 2024-11-24 -> 2024-11-25)
[2025-02-03T19:25:35.471+0000] {subprocess.py:106} INFO - GOOG: No price data found, symbol may be delisted (1d 2025-01-26 -> 2025-01-27)
[2025-02-03T19:25:36.446+0000] {subprocess.py:106} INFO - GOOG: No price data found, symbol may be delisted (1d 2025-01-11 -> 2025-01-12)
[2025-02-03T19:25:36.738+0000] {subprocess.py:106} INFO - GOOG: No price data found, symbol may be delisted (1d 2024-11-02 -> 2024-11-03)
[2025-02-03T19:25:37.416+0000] {subprocess.py:106} INFO - GOOG: No price data found, symbol may be delisted (1d 2025-01-09 -> 2025-01-10)
[2025-02-03T19:25:40.972+0000] {subprocess.py:106} INFO - GOOG: No price data found, symbol may be delisted (1d 2025-01-25 -> 2025-01-26)
[2025-02-03T19:25:42.747+0000] {subprocess.py:106} INFO - GOOG: No price data found, symbol may be delisted (1d 2024-12-25 -> 2024-12-26)
[2025-02-03T19:25:45.050+0000] {subprocess.py:106} INFO - GOOG: No price data found, symbol may be delisted (1d 2025-01-20 -> 2025-01-21)
[2025-02-03T19:25:45.710+0000] {subprocess.py:106} INFO - GOOG: No price data found, symbol may be delisted (1d 2024-11-28 -> 2024-11-29)
[2025-02-03T19:25:46.354+0000] {subprocess.py:106} INFO - GOOG: No price data found, symbol may be delisted (1d 2025-01-19 -> 2025-01-20)
[2025-02-03T19:25:46.949+0000] {subprocess.py:106} INFO - GOOG: No price data found, symbol may be delisted (1d 2025-01-12 -> 2025-01-13)
[2025-02-03T19:25:47.247+0000] {subprocess.py:106} INFO - GOOG: No price data found, symbol may be delisted (1d 2024-12-28 -> 2024-12-29)
[2025-02-03T19:25:47.559+0000] {subprocess.py:106} INFO - GOOG: No price data found, symbol may be delisted (1d 2024-11-09 -> 2024-11-10)
[2025-02-03T19:25:49.216+0000] {subprocess.py:106} INFO - GOOG: No price data found, symbol may be delisted (1d 2025-01-05 -> 2025-01-06)
[2025-02-03T19:25:52.414+0000] {subprocess.py:106} INFO - GOOG: No price data found, symbol may be delisted (1d 2024-11-17 -> 2024-11-18)
[2025-02-03T19:25:52.721+0000] {subprocess.py:106} INFO - GOOG: No price data found, symbol may be delisted (1d 2024-12-07 -> 2024-12-08)
[2025-02-03T19:25:54.109+0000] {subprocess.py:106} INFO - GOOG: No price data found, symbol may be delisted (1d 2024-12-22 -> 2024-12-23)
[2025-02-03T19:25:54.462+0000] {subprocess.py:106} INFO - GOOG: No price data found, symbol may be delisted (1d 2024-12-29 -> 2024-12-30)
[2025-02-03T19:25:54.781+0000] {subprocess.py:106} INFO - GOOG: No price data found, symbol may be delisted (1d 2025-01-04 -> 2025-01-05)
[2025-02-03T19:25:55.103+0000] {subprocess.py:106} INFO - GOOG: No price data found, symbol may be delisted (1d 2024-12-14 -> 2024-12-15)
[2025-02-03T19:25:55.735+0000] {subprocess.py:106} INFO - GOOG: No price data found, symbol may be delisted (1d 2024-12-08 -> 2024-12-09)
[2025-02-03T19:25:56.431+0000] {subprocess.py:106} INFO - Namespace(data_lake_path='/opt/***/data_lake/', stock_tickers='[,AAPL,,MSFT,,AMZN,,META,,NFLX,,GOOG,]', execution_date='2025-02-03', stock_collect_mode='fill_missing', start_date_missing_values='2024-11-01', end_date_missing_values='2025-01-31')
[2025-02-03T19:25:56.433+0000] {subprocess.py:106} INFO -          date        open        high  ...    volume  ticker_name  collect_date
[2025-02-03T19:25:56.433+0000] {subprocess.py:106} INFO - 0  2025-01-29  234.149994  238.690002  ...  30064089         AAPL    2025-01-29
[2025-02-03T19:25:56.434+0000] {subprocess.py:106} INFO - 0  2025-01-29  446.690002  446.880005  ...  11655130         MSFT    2025-01-29
[2025-02-03T19:25:56.434+0000] {subprocess.py:106} INFO - 0  2025-01-29  674.804993  680.289917  ...  11753956         META    2025-01-29
[2025-02-03T19:25:56.434+0000] {subprocess.py:106} INFO - 0  2025-01-29  197.360001  198.459503  ...   7859301         GOOG    2025-01-29
[2025-02-03T19:25:56.434+0000] {subprocess.py:106} INFO - 0  2025-01-29  239.014999  240.360001  ...  16768416         AMZN    2025-01-29
[2025-02-03T19:25:56.434+0000] {subprocess.py:106} INFO - 
[2025-02-03T19:25:56.434+0000] {subprocess.py:106} INFO - [5 rows x 8 columns]
[2025-02-03T19:25:56.435+0000] {subprocess.py:106} INFO - ticker: AAPL
[2025-02-03T19:25:56.435+0000] {subprocess.py:106} INFO - WARNING: cookie & crumb does not work well with requests_cache. Am experimenting with 'expire_after=DO_NOT_CACHE', but you need to help stress-test.
[2025-02-03T19:25:56.435+0000] {subprocess.py:106} INFO - /opt/***/data_lake/raw/csv/stocks/20250203_stock_AAPL_fill_missing_from_2024-11-01_to_2025-01-31
[2025-02-03T19:25:56.435+0000] {subprocess.py:106} INFO - ticker: MSFT
[2025-02-03T19:25:56.435+0000] {subprocess.py:106} INFO - /opt/***/data_lake/raw/csv/stocks/20250203_stock_MSFT_fill_missing_from_2024-11-01_to_2025-01-31
[2025-02-03T19:25:56.436+0000] {subprocess.py:106} INFO - ticker: AMZN
[2025-02-03T19:25:56.436+0000] {subprocess.py:106} INFO - /opt/***/data_lake/raw/csv/stocks/20250203_stock_AMZN_fill_missing_from_2024-11-01_to_2025-01-31
[2025-02-03T19:25:56.436+0000] {subprocess.py:106} INFO - ticker: META
[2025-02-03T19:25:56.436+0000] {subprocess.py:106} INFO - /opt/***/data_lake/raw/csv/stocks/20250203_stock_META_fill_missing_from_2024-11-01_to_2025-01-31
[2025-02-03T19:25:56.436+0000] {subprocess.py:106} INFO - ticker: NFLX
[2025-02-03T19:25:56.437+0000] {subprocess.py:106} INFO - /opt/***/data_lake/raw/csv/stocks/20250203_stock_NFLX_fill_missing_from_2024-11-01_to_2025-01-31
[2025-02-03T19:25:56.437+0000] {subprocess.py:106} INFO - ticker: GOOG
[2025-02-03T19:25:56.437+0000] {subprocess.py:106} INFO - /opt/***/data_lake/raw/csv/stocks/20250203_stock_GOOG_fill_missing_from_2024-11-01_to_2025-01-31
[2025-02-03T19:25:56.669+0000] {subprocess.py:110} INFO - Command exited with return code 0
[2025-02-03T19:25:56.695+0000] {taskinstance.py:340} INFO - ::group::Post task execution logs
[2025-02-03T19:25:56.696+0000] {taskinstance.py:352} INFO - Marking task as SUCCESS. dag_id=etl_dag, task_id=collect_raw_stocks, run_id=manual__2025-02-03T12:05:46-07:00, execution_date=20250203T190546, start_date=20250203T192246, end_date=20250203T192556
[2025-02-03T19:25:56.736+0000] {local_task_job_runner.py:266} INFO - Task exited with return code 0
[2025-02-03T19:25:56.750+0000] {taskinstance.py:3895} INFO - 1 downstream tasks scheduled from follow-on schedule check
[2025-02-03T19:25:56.751+0000] {local_task_job_runner.py:245} INFO - ::endgroup::
