[2025-01-31T00:05:01.591+0000] {local_task_job_runner.py:123} INFO - ::group::Pre task execution logs
[2025-01-31T00:05:01.596+0000] {taskinstance.py:2613} INFO - Dependencies all met for dep_context=non-requeueable deps ti=<TaskInstance: etl_dag.refine_books manual__2025-01-30T17:04:05-07:00 [queued]>
[2025-01-31T00:05:01.599+0000] {taskinstance.py:2613} INFO - Dependencies all met for dep_context=requeueable deps ti=<TaskInstance: etl_dag.refine_books manual__2025-01-30T17:04:05-07:00 [queued]>
[2025-01-31T00:05:01.599+0000] {taskinstance.py:2866} INFO - Starting attempt 1 of 1
[2025-01-31T00:05:01.603+0000] {taskinstance.py:2889} INFO - Executing <Task(BashOperator): refine_books> on 2025-01-31 00:04:05+00:00
[2025-01-31T00:05:01.606+0000] {standard_task_runner.py:72} INFO - Started process 3952 to run task
[2025-01-31T00:05:01.607+0000] {standard_task_runner.py:104} INFO - Running: ['***', 'tasks', 'run', 'etl_dag', 'refine_books', 'manual__2025-01-30T17:04:05-07:00', '--job-id', '98', '--raw', '--subdir', 'DAGS_FOLDER/my_first_dag.py', '--cfg-path', '/tmp/tmpy1vtust8']
[2025-01-31T00:05:01.608+0000] {standard_task_runner.py:105} INFO - Job 98: Subtask refine_books
[2025-01-31T00:05:01.627+0000] {task_command.py:467} INFO - Running <TaskInstance: etl_dag.refine_books manual__2025-01-30T17:04:05-07:00 [running]> on host 48308722451a
[2025-01-31T00:05:01.666+0000] {taskinstance.py:3132} INFO - Exporting env vars: AIRFLOW_CTX_DAG_OWNER='***' AIRFLOW_CTX_DAG_ID='etl_dag' AIRFLOW_CTX_TASK_ID='refine_books' AIRFLOW_CTX_EXECUTION_DATE='2025-01-31T00:04:05+00:00' AIRFLOW_CTX_TRY_NUMBER='1' AIRFLOW_CTX_DAG_RUN_ID='manual__2025-01-30T17:04:05-07:00'
[2025-01-31T00:05:01.667+0000] {taskinstance.py:731} INFO - ::endgroup::
[2025-01-31T00:05:01.675+0000] {subprocess.py:78} INFO - Tmp dir root location: /tmp
[2025-01-31T00:05:01.676+0000] {subprocess.py:88} INFO - Running command: ['/usr/bin/bash', '-c', 'python3 /opt/***/data_collection/treat_books.py --data_lake_path $DATA_LAKE_PATH']
[2025-01-31T00:05:01.681+0000] {subprocess.py:99} INFO - Output:
[2025-01-31T00:05:02.070+0000] {subprocess.py:106} INFO - No item
[2025-01-31T00:05:02.071+0000] {subprocess.py:106} INFO - No item
[2025-01-31T00:05:02.071+0000] {subprocess.py:106} INFO - No item
[2025-01-31T00:05:02.071+0000] {subprocess.py:106} INFO - No item
[2025-01-31T00:05:02.071+0000] {subprocess.py:106} INFO - /opt/***/data_lake/refined/parquet/books/books
[2025-01-31T00:05:02.071+0000] {subprocess.py:106} INFO - id                  object
[2025-01-31T00:05:02.071+0000] {subprocess.py:106} INFO - title               object
[2025-01-31T00:05:02.071+0000] {subprocess.py:106} INFO - subtitle            object
[2025-01-31T00:05:02.072+0000] {subprocess.py:106} INFO - number_of_pages    float64
[2025-01-31T00:05:02.072+0000] {subprocess.py:106} INFO - publish_date        object
[2025-01-31T00:05:02.072+0000] {subprocess.py:106} INFO - publish_country     object
[2025-01-31T00:05:02.072+0000] {subprocess.py:106} INFO - by_statement        object
[2025-01-31T00:05:02.072+0000] {subprocess.py:106} INFO - publish_places      object
[2025-01-31T00:05:02.072+0000] {subprocess.py:106} INFO - publishers          object
[2025-01-31T00:05:02.072+0000] {subprocess.py:106} INFO - authors_uri         object
[2025-01-31T00:05:02.072+0000] {subprocess.py:106} INFO - collect_date        object
[2025-01-31T00:05:02.072+0000] {subprocess.py:106} INFO - dtype: object
[2025-01-31T00:05:02.072+0000] {subprocess.py:106} INFO - id                  object
[2025-01-31T00:05:02.073+0000] {subprocess.py:106} INFO - title               object
[2025-01-31T00:05:02.073+0000] {subprocess.py:106} INFO - subtitle            object
[2025-01-31T00:05:02.073+0000] {subprocess.py:106} INFO - number_of_pages    float64
[2025-01-31T00:05:02.073+0000] {subprocess.py:106} INFO - publish_date        object
[2025-01-31T00:05:02.073+0000] {subprocess.py:106} INFO - publish_country     object
[2025-01-31T00:05:02.073+0000] {subprocess.py:106} INFO - by_statement        object
[2025-01-31T00:05:02.073+0000] {subprocess.py:106} INFO - publish_places      object
[2025-01-31T00:05:02.073+0000] {subprocess.py:106} INFO - publishers          object
[2025-01-31T00:05:02.073+0000] {subprocess.py:106} INFO - authors_uri         object
[2025-01-31T00:05:02.074+0000] {subprocess.py:106} INFO - collect_date         Int64
[2025-01-31T00:05:02.074+0000] {subprocess.py:106} INFO - dtype: object
[2025-01-31T00:05:02.103+0000] {subprocess.py:110} INFO - Command exited with return code 0
[2025-01-31T00:05:02.113+0000] {taskinstance.py:340} INFO - ::group::Post task execution logs
[2025-01-31T00:05:02.114+0000] {taskinstance.py:352} INFO - Marking task as SUCCESS. dag_id=etl_dag, task_id=refine_books, run_id=manual__2025-01-30T17:04:05-07:00, execution_date=20250131T000405, start_date=20250131T000501, end_date=20250131T000502
[2025-01-31T00:05:02.121+0000] {local_task_job_runner.py:266} INFO - Task exited with return code 0
[2025-01-31T00:05:02.127+0000] {taskinstance.py:3895} INFO - 0 downstream tasks scheduled from follow-on schedule check
[2025-01-31T00:05:02.128+0000] {local_task_job_runner.py:245} INFO - ::endgroup::
