[2025-01-30T19:42:55.360+0000] {local_task_job_runner.py:123} INFO - ::group::Pre task execution logs
[2025-01-30T19:42:55.367+0000] {taskinstance.py:2613} INFO - Dependencies all met for dep_context=non-requeueable deps ti=<TaskInstance: etl_dag.collect_raw_stocks manual__2025-01-30T12:35:59-07:00 [queued]>
[2025-01-30T19:42:55.370+0000] {taskinstance.py:2613} INFO - Dependencies all met for dep_context=requeueable deps ti=<TaskInstance: etl_dag.collect_raw_stocks manual__2025-01-30T12:35:59-07:00 [queued]>
[2025-01-30T19:42:55.370+0000] {taskinstance.py:2866} INFO - Starting attempt 2 of 2
[2025-01-30T19:42:55.375+0000] {taskinstance.py:2889} INFO - Executing <Task(BashOperator): collect_raw_stocks> on 2025-01-30 19:35:59+00:00
[2025-01-30T19:42:55.377+0000] {standard_task_runner.py:72} INFO - Started process 391 to run task
[2025-01-30T19:42:55.379+0000] {standard_task_runner.py:104} INFO - Running: ['***', 'tasks', 'run', 'etl_dag', 'collect_raw_stocks', 'manual__2025-01-30T12:35:59-07:00', '--job-id', '92', '--raw', '--subdir', 'DAGS_FOLDER/my_first_dag.py', '--cfg-path', '/tmp/tmppukd3gjk']
[2025-01-30T19:42:55.380+0000] {standard_task_runner.py:105} INFO - Job 92: Subtask collect_raw_stocks
[2025-01-30T19:42:55.404+0000] {task_command.py:467} INFO - Running <TaskInstance: etl_dag.collect_raw_stocks manual__2025-01-30T12:35:59-07:00 [running]> on host 48308722451a
[2025-01-30T19:42:55.442+0000] {taskinstance.py:3132} INFO - Exporting env vars: AIRFLOW_CTX_DAG_OWNER='***' AIRFLOW_CTX_DAG_ID='etl_dag' AIRFLOW_CTX_TASK_ID='collect_raw_stocks' AIRFLOW_CTX_EXECUTION_DATE='2025-01-30T19:35:59+00:00' AIRFLOW_CTX_TRY_NUMBER='2' AIRFLOW_CTX_DAG_RUN_ID='manual__2025-01-30T12:35:59-07:00'
[2025-01-30T19:42:55.442+0000] {taskinstance.py:731} INFO - ::endgroup::
[2025-01-30T19:42:55.449+0000] {subprocess.py:78} INFO - Tmp dir root location: /tmp
[2025-01-30T19:42:55.449+0000] {subprocess.py:88} INFO - Running command: ['/usr/bin/bash', '-c', 'python3 /opt/***/data_collection/collect_stocks.py --data_lake_path $DATA_LAKE_PATH --stock_tickers $STOCK_TICKERS --execution_date $EXECUTION_DATE']
[2025-01-30T19:42:55.455+0000] {subprocess.py:99} INFO - Output:
[2025-01-30T19:42:58.437+0000] {subprocess.py:106} INFO - [: No timezone found, symbol may be delisted
[2025-01-30T19:42:59.533+0000] {subprocess.py:106} INFO - Could not get exchangeTimezoneName for ticker '' reason: 'chart'
[2025-01-30T19:42:59.537+0000] {subprocess.py:106} INFO - : No timezone found, symbol may be delisted
[2025-01-30T19:42:59.718+0000] {subprocess.py:106} INFO - Could not get exchangeTimezoneName for ticker '' reason: 'chart'
[2025-01-30T19:42:59.720+0000] {subprocess.py:106} INFO - : No timezone found, symbol may be delisted
[2025-01-30T19:42:59.845+0000] {subprocess.py:106} INFO - Could not get exchangeTimezoneName for ticker '' reason: 'chart'
[2025-01-30T19:42:59.846+0000] {subprocess.py:106} INFO - : No timezone found, symbol may be delisted
[2025-01-30T19:42:59.962+0000] {subprocess.py:106} INFO - Could not get exchangeTimezoneName for ticker '' reason: 'chart'
[2025-01-30T19:42:59.963+0000] {subprocess.py:106} INFO - : No timezone found, symbol may be delisted
[2025-01-30T19:43:00.086+0000] {subprocess.py:106} INFO - Could not get exchangeTimezoneName for ticker '' reason: 'chart'
[2025-01-30T19:43:00.086+0000] {subprocess.py:106} INFO - : No timezone found, symbol may be delisted
[2025-01-30T19:43:01.078+0000] {subprocess.py:106} INFO - ]: No timezone found, symbol may be delisted
[2025-01-30T19:43:01.082+0000] {subprocess.py:106} INFO - Namespace(data_lake_path='/opt/***/data_lake/', stock_tickers='[,AAPL,,MSFT,,AMZN,,META,,NFLX,,GOOG,]', execution_date='2025-01-30')
[2025-01-30T19:43:01.089+0000] {subprocess.py:106} INFO - Empty DataFrame
[2025-01-30T19:43:01.090+0000] {subprocess.py:106} INFO - Columns: [Open, High, Low, Close, Adj Close, Volume]
[2025-01-30T19:43:01.090+0000] {subprocess.py:106} INFO - Index: []
[2025-01-30T19:43:01.090+0000] {subprocess.py:106} INFO - /opt/***/data_lake/raw/csv/20250130_stock_[
[2025-01-30T19:43:01.091+0000] {subprocess.py:106} INFO -                                  Open        High  ...  Dividends  Stock Splits
[2025-01-30T19:43:01.091+0000] {subprocess.py:106} INFO - Date                                               ...
[2025-01-30T19:43:01.091+0000] {subprocess.py:106} INFO - 2025-01-29 00:00:00-05:00  234.119995  239.860001  ...        0.0           0.0
[2025-01-30T19:43:01.091+0000] {subprocess.py:106} INFO - 
[2025-01-30T19:43:01.092+0000] {subprocess.py:106} INFO - [1 rows x 7 columns]
[2025-01-30T19:43:01.092+0000] {subprocess.py:106} INFO - /opt/***/data_lake/raw/csv/20250130_stock_AAPL
[2025-01-30T19:43:01.092+0000] {subprocess.py:106} INFO - Empty DataFrame
[2025-01-30T19:43:01.092+0000] {subprocess.py:106} INFO - Columns: [Open, High, Low, Close, Adj Close, Volume]
[2025-01-30T19:43:01.093+0000] {subprocess.py:106} INFO - Index: []
[2025-01-30T19:43:01.094+0000] {subprocess.py:106} INFO - /opt/***/data_lake/raw/csv/20250130_stock_
[2025-01-30T19:43:01.094+0000] {subprocess.py:106} INFO -                                  Open        High  ...  Dividends  Stock Splits
[2025-01-30T19:43:01.095+0000] {subprocess.py:106} INFO - Date                                               ...
[2025-01-30T19:43:01.098+0000] {subprocess.py:106} INFO - 2025-01-29 00:00:00-05:00  446.690002  446.880005  ...        0.0           0.0
[2025-01-30T19:43:01.099+0000] {subprocess.py:106} INFO - 
[2025-01-30T19:43:01.101+0000] {subprocess.py:106} INFO - [1 rows x 7 columns]
[2025-01-30T19:43:01.103+0000] {subprocess.py:106} INFO - /opt/***/data_lake/raw/csv/20250130_stock_MSFT
[2025-01-30T19:43:01.104+0000] {subprocess.py:106} INFO - Empty DataFrame
[2025-01-30T19:43:01.105+0000] {subprocess.py:106} INFO - Columns: [Open, High, Low, Close, Adj Close, Volume]
[2025-01-30T19:43:01.105+0000] {subprocess.py:106} INFO - Index: []
[2025-01-30T19:43:01.106+0000] {subprocess.py:106} INFO - /opt/***/data_lake/raw/csv/20250130_stock_
[2025-01-30T19:43:01.106+0000] {subprocess.py:106} INFO -                                  Open        High  ...  Dividends  Stock Splits
[2025-01-30T19:43:01.107+0000] {subprocess.py:106} INFO - Date                                               ...
[2025-01-30T19:43:01.109+0000] {subprocess.py:106} INFO - 2025-01-29 00:00:00-05:00  239.020004  240.389999  ...        0.0           0.0
[2025-01-30T19:43:01.109+0000] {subprocess.py:106} INFO - 
[2025-01-30T19:43:01.109+0000] {subprocess.py:106} INFO - [1 rows x 7 columns]
[2025-01-30T19:43:01.109+0000] {subprocess.py:106} INFO - /opt/***/data_lake/raw/csv/20250130_stock_AMZN
[2025-01-30T19:43:01.110+0000] {subprocess.py:106} INFO - Empty DataFrame
[2025-01-30T19:43:01.110+0000] {subprocess.py:106} INFO - Columns: [Open, High, Low, Close, Adj Close, Volume]
[2025-01-30T19:43:01.110+0000] {subprocess.py:106} INFO - Index: []
[2025-01-30T19:43:01.110+0000] {subprocess.py:106} INFO - /opt/***/data_lake/raw/csv/20250130_stock_
[2025-01-30T19:43:01.113+0000] {subprocess.py:106} INFO -                             Open        High  ...  Dividends  Stock Splits
[2025-01-30T19:43:01.113+0000] {subprocess.py:106} INFO - Date                                          ...
[2025-01-30T19:43:01.113+0000] {subprocess.py:106} INFO - 2025-01-29 00:00:00-05:00  675.0  681.049988  ...        0.0           0.0
[2025-01-30T19:43:01.114+0000] {subprocess.py:106} INFO - 
[2025-01-30T19:43:01.114+0000] {subprocess.py:106} INFO - [1 rows x 7 columns]
[2025-01-30T19:43:01.114+0000] {subprocess.py:106} INFO - /opt/***/data_lake/raw/csv/20250130_stock_META
[2025-01-30T19:43:01.115+0000] {subprocess.py:106} INFO - Empty DataFrame
[2025-01-30T19:43:01.115+0000] {subprocess.py:106} INFO - Columns: [Open, High, Low, Close, Adj Close, Volume]
[2025-01-30T19:43:01.115+0000] {subprocess.py:106} INFO - Index: []
[2025-01-30T19:43:01.115+0000] {subprocess.py:106} INFO - /opt/***/data_lake/raw/csv/20250130_stock_
[2025-01-30T19:43:01.116+0000] {subprocess.py:106} INFO -                             Open        High  ...  Dividends  Stock Splits
[2025-01-30T19:43:01.118+0000] {subprocess.py:106} INFO - Date                                          ...
[2025-01-30T19:43:01.122+0000] {subprocess.py:106} INFO - 2025-01-29 00:00:00-05:00  980.0  987.640015  ...        0.0           0.0
[2025-01-30T19:43:01.122+0000] {subprocess.py:106} INFO - 
[2025-01-30T19:43:01.122+0000] {subprocess.py:106} INFO - [1 rows x 7 columns]
[2025-01-30T19:43:01.122+0000] {subprocess.py:106} INFO - /opt/***/data_lake/raw/csv/20250130_stock_NFLX
[2025-01-30T19:43:01.123+0000] {subprocess.py:106} INFO - Empty DataFrame
[2025-01-30T19:43:01.123+0000] {subprocess.py:106} INFO - Columns: [Open, High, Low, Close, Adj Close, Volume]
[2025-01-30T19:43:01.123+0000] {subprocess.py:106} INFO - Index: []
[2025-01-30T19:43:01.123+0000] {subprocess.py:106} INFO - /opt/***/data_lake/raw/csv/20250130_stock_
[2025-01-30T19:43:01.123+0000] {subprocess.py:106} INFO -                                  Open        High  ...  Dividends  Stock Splits
[2025-01-30T19:43:01.123+0000] {subprocess.py:106} INFO - Date                                               ...
[2025-01-30T19:43:01.123+0000] {subprocess.py:106} INFO - 2025-01-29 00:00:00-05:00  197.369995  198.460007  ...        0.0           0.0
[2025-01-30T19:43:01.124+0000] {subprocess.py:106} INFO - 
[2025-01-30T19:43:01.124+0000] {subprocess.py:106} INFO - [1 rows x 7 columns]
[2025-01-30T19:43:01.124+0000] {subprocess.py:106} INFO - /opt/***/data_lake/raw/csv/20250130_stock_GOOG
[2025-01-30T19:43:01.124+0000] {subprocess.py:106} INFO - Empty DataFrame
[2025-01-30T19:43:01.124+0000] {subprocess.py:106} INFO - Columns: [Open, High, Low, Close, Adj Close, Volume]
[2025-01-30T19:43:01.124+0000] {subprocess.py:106} INFO - Index: []
[2025-01-30T19:43:01.124+0000] {subprocess.py:106} INFO - /opt/***/data_lake/raw/csv/20250130_stock_]
[2025-01-30T19:43:01.169+0000] {subprocess.py:110} INFO - Command exited with return code 0
[2025-01-30T19:43:01.239+0000] {taskinstance.py:340} INFO - ::group::Post task execution logs
[2025-01-30T19:43:01.240+0000] {taskinstance.py:352} INFO - Marking task as SUCCESS. dag_id=etl_dag, task_id=collect_raw_stocks, run_id=manual__2025-01-30T12:35:59-07:00, execution_date=20250130T193559, start_date=20250130T194255, end_date=20250130T194301
[2025-01-30T19:43:01.293+0000] {local_task_job_runner.py:266} INFO - Task exited with return code 0
[2025-01-30T19:43:01.304+0000] {taskinstance.py:3895} INFO - 1 downstream tasks scheduled from follow-on schedule check
[2025-01-30T19:43:01.305+0000] {local_task_job_runner.py:245} INFO - ::endgroup::
