[2025-01-31T00:04:58.688+0000] {local_task_job_runner.py:123} INFO - ::group::Pre task execution logs
[2025-01-31T00:04:58.695+0000] {taskinstance.py:2613} INFO - Dependencies all met for dep_context=non-requeueable deps ti=<TaskInstance: etl_dag.collect_raw_books manual__2025-01-30T17:04:05-07:00 [queued]>
[2025-01-31T00:04:58.698+0000] {taskinstance.py:2613} INFO - Dependencies all met for dep_context=requeueable deps ti=<TaskInstance: etl_dag.collect_raw_books manual__2025-01-30T17:04:05-07:00 [queued]>
[2025-01-31T00:04:58.698+0000] {taskinstance.py:2866} INFO - Starting attempt 1 of 1
[2025-01-31T00:04:58.704+0000] {taskinstance.py:2889} INFO - Executing <Task(BashOperator): collect_raw_books> on 2025-01-31 00:04:05+00:00
[2025-01-31T00:04:58.707+0000] {standard_task_runner.py:72} INFO - Started process 3924 to run task
[2025-01-31T00:04:58.709+0000] {standard_task_runner.py:104} INFO - Running: ['***', 'tasks', 'run', 'etl_dag', 'collect_raw_books', 'manual__2025-01-30T17:04:05-07:00', '--job-id', '96', '--raw', '--subdir', 'DAGS_FOLDER/my_first_dag.py', '--cfg-path', '/tmp/tmp9wgfkgj1']
[2025-01-31T00:04:58.712+0000] {standard_task_runner.py:105} INFO - Job 96: Subtask collect_raw_books
[2025-01-31T00:04:58.742+0000] {task_command.py:467} INFO - Running <TaskInstance: etl_dag.collect_raw_books manual__2025-01-30T17:04:05-07:00 [running]> on host 48308722451a
[2025-01-31T00:04:58.782+0000] {taskinstance.py:3132} INFO - Exporting env vars: AIRFLOW_CTX_DAG_OWNER='***' AIRFLOW_CTX_DAG_ID='etl_dag' AIRFLOW_CTX_TASK_ID='collect_raw_books' AIRFLOW_CTX_EXECUTION_DATE='2025-01-31T00:04:05+00:00' AIRFLOW_CTX_TRY_NUMBER='1' AIRFLOW_CTX_DAG_RUN_ID='manual__2025-01-30T17:04:05-07:00'
[2025-01-31T00:04:58.783+0000] {taskinstance.py:731} INFO - ::endgroup::
[2025-01-31T00:04:58.790+0000] {subprocess.py:78} INFO - Tmp dir root location: /tmp
[2025-01-31T00:04:58.791+0000] {subprocess.py:88} INFO - Running command: ['/usr/bin/bash', '-c', 'python3 /opt/***/data_collection/collect_books.py --data_lake_path $DATA_LAKE_PATH --open_library_ids $OPEN_LIBRARY_IDS --execution_date $EXECUTION_DATE']
[2025-01-31T00:04:58.795+0000] {subprocess.py:99} INFO - Output:
[2025-01-31T00:05:01.014+0000] {subprocess.py:106} INFO - https://openlibrary.org/works/.json
[2025-01-31T00:05:01.021+0000] {subprocess.py:106} INFO - Error occurred in the request. It returned code: 404
[2025-01-31T00:05:01.023+0000] {subprocess.py:106} INFO -  {'error': 'notfound', 'key': '/works/'}
[2025-01-31T00:05:01.025+0000] {subprocess.py:106} INFO - /opt/***/data_lake/raw/json/books/20250131_book_
[2025-01-31T00:05:01.027+0000] {subprocess.py:106} INFO - https://openlibrary.org/works/[.json
[2025-01-31T00:05:01.029+0000] {subprocess.py:106} INFO - Error occurred in the request. It returned code: 404
[2025-01-31T00:05:01.031+0000] {subprocess.py:106} INFO -  {'error': 'notfound', 'key': '/works/['}
[2025-01-31T00:05:01.031+0000] {subprocess.py:106} INFO - /opt/***/data_lake/raw/json/books/20250131_book_[
[2025-01-31T00:05:01.033+0000] {subprocess.py:106} INFO - https://openlibrary.org/works/].json
[2025-01-31T00:05:01.035+0000] {subprocess.py:106} INFO - Error occurred in the request. It returned code: 404
[2025-01-31T00:05:01.035+0000] {subprocess.py:106} INFO -  {'error': 'notfound', 'key': '/works/]'}
[2025-01-31T00:05:01.035+0000] {subprocess.py:106} INFO - /opt/***/data_lake/raw/json/books/20250131_book_]
[2025-01-31T00:05:01.092+0000] {subprocess.py:110} INFO - Command exited with return code 0
[2025-01-31T00:05:01.104+0000] {taskinstance.py:340} INFO - ::group::Post task execution logs
[2025-01-31T00:05:01.104+0000] {taskinstance.py:352} INFO - Marking task as SUCCESS. dag_id=etl_dag, task_id=collect_raw_books, run_id=manual__2025-01-30T17:04:05-07:00, execution_date=20250131T000405, start_date=20250131T000458, end_date=20250131T000501
[2025-01-31T00:05:01.137+0000] {local_task_job_runner.py:266} INFO - Task exited with return code 0
[2025-01-31T00:05:01.147+0000] {taskinstance.py:3895} INFO - 1 downstream tasks scheduled from follow-on schedule check
[2025-01-31T00:05:01.147+0000] {local_task_job_runner.py:245} INFO - ::endgroup::
