[2025-01-31T00:00:08.619+0000] {processor.py:186} INFO - Started process (PID=3747) to work on /opt/airflow/dags/my_first_dag.py
[2025-01-31T00:00:08.621+0000] {processor.py:914} INFO - Processing file /opt/airflow/dags/my_first_dag.py for tasks to queue
[2025-01-31T00:00:08.623+0000] {logging_mixin.py:190} INFO - [2025-01-31T00:00:08.623+0000] {dagbag.py:588} INFO - Filling up the DagBag from /opt/airflow/dags/my_first_dag.py
[2025-01-31T00:00:08.641+0000] {processor.py:925} INFO - DAG(s) 'etl_dag' retrieved from /opt/airflow/dags/my_first_dag.py
[2025-01-31T00:00:08.667+0000] {logging_mixin.py:190} INFO - [2025-01-31T00:00:08.667+0000] {dag.py:3239} INFO - Sync 1 DAGs
[2025-01-31T00:00:08.679+0000] {logging_mixin.py:190} INFO - [2025-01-31T00:00:08.678+0000] {dag.py:4180} INFO - Setting next_dagrun for etl_dag to 2025-01-31 00:00:00+00:00, run_after=2025-02-01 00:00:00+00:00
[2025-01-31T00:00:08.687+0000] {processor.py:208} INFO - Processing /opt/airflow/dags/my_first_dag.py took 0.077 seconds
[2025-01-31T00:00:38.955+0000] {processor.py:186} INFO - Started process (PID=3754) to work on /opt/airflow/dags/my_first_dag.py
[2025-01-31T00:00:38.956+0000] {processor.py:914} INFO - Processing file /opt/airflow/dags/my_first_dag.py for tasks to queue
[2025-01-31T00:00:38.960+0000] {logging_mixin.py:190} INFO - [2025-01-31T00:00:38.959+0000] {dagbag.py:588} INFO - Filling up the DagBag from /opt/airflow/dags/my_first_dag.py
[2025-01-31T00:00:38.978+0000] {processor.py:925} INFO - DAG(s) 'etl_dag' retrieved from /opt/airflow/dags/my_first_dag.py
[2025-01-31T00:00:39.005+0000] {logging_mixin.py:190} INFO - [2025-01-31T00:00:39.005+0000] {dag.py:3239} INFO - Sync 1 DAGs
[2025-01-31T00:00:39.015+0000] {logging_mixin.py:190} INFO - [2025-01-31T00:00:39.015+0000] {dag.py:4180} INFO - Setting next_dagrun for etl_dag to 2025-01-31 00:00:00+00:00, run_after=2025-02-01 00:00:00+00:00
[2025-01-31T00:00:39.022+0000] {processor.py:208} INFO - Processing /opt/airflow/dags/my_first_dag.py took 0.076 seconds
[2025-01-31T00:01:09.399+0000] {processor.py:186} INFO - Started process (PID=3761) to work on /opt/airflow/dags/my_first_dag.py
[2025-01-31T00:01:09.400+0000] {processor.py:914} INFO - Processing file /opt/airflow/dags/my_first_dag.py for tasks to queue
[2025-01-31T00:01:09.405+0000] {logging_mixin.py:190} INFO - [2025-01-31T00:01:09.404+0000] {dagbag.py:588} INFO - Filling up the DagBag from /opt/airflow/dags/my_first_dag.py
[2025-01-31T00:01:09.430+0000] {processor.py:925} INFO - DAG(s) 'etl_dag' retrieved from /opt/airflow/dags/my_first_dag.py
[2025-01-31T00:01:09.457+0000] {logging_mixin.py:190} INFO - [2025-01-31T00:01:09.457+0000] {dag.py:3239} INFO - Sync 1 DAGs
[2025-01-31T00:01:09.472+0000] {logging_mixin.py:190} INFO - [2025-01-31T00:01:09.472+0000] {dag.py:4180} INFO - Setting next_dagrun for etl_dag to 2025-01-31 00:00:00+00:00, run_after=2025-02-01 00:00:00+00:00
[2025-01-31T00:01:09.479+0000] {processor.py:208} INFO - Processing /opt/airflow/dags/my_first_dag.py took 0.091 seconds
[2025-01-31T00:01:39.772+0000] {processor.py:186} INFO - Started process (PID=3768) to work on /opt/airflow/dags/my_first_dag.py
[2025-01-31T00:01:39.773+0000] {processor.py:914} INFO - Processing file /opt/airflow/dags/my_first_dag.py for tasks to queue
[2025-01-31T00:01:39.776+0000] {logging_mixin.py:190} INFO - [2025-01-31T00:01:39.776+0000] {dagbag.py:588} INFO - Filling up the DagBag from /opt/airflow/dags/my_first_dag.py
[2025-01-31T00:01:39.796+0000] {processor.py:925} INFO - DAG(s) 'etl_dag' retrieved from /opt/airflow/dags/my_first_dag.py
[2025-01-31T00:01:39.823+0000] {logging_mixin.py:190} INFO - [2025-01-31T00:01:39.823+0000] {dag.py:3239} INFO - Sync 1 DAGs
[2025-01-31T00:01:39.836+0000] {logging_mixin.py:190} INFO - [2025-01-31T00:01:39.836+0000] {dag.py:4180} INFO - Setting next_dagrun for etl_dag to 2025-01-31 00:00:00+00:00, run_after=2025-02-01 00:00:00+00:00
[2025-01-31T00:01:39.844+0000] {processor.py:208} INFO - Processing /opt/airflow/dags/my_first_dag.py took 0.079 seconds
[2025-01-31T00:02:10.088+0000] {processor.py:186} INFO - Started process (PID=3775) to work on /opt/airflow/dags/my_first_dag.py
[2025-01-31T00:02:10.091+0000] {processor.py:914} INFO - Processing file /opt/airflow/dags/my_first_dag.py for tasks to queue
[2025-01-31T00:02:10.095+0000] {logging_mixin.py:190} INFO - [2025-01-31T00:02:10.095+0000] {dagbag.py:588} INFO - Filling up the DagBag from /opt/airflow/dags/my_first_dag.py
[2025-01-31T00:02:10.131+0000] {processor.py:925} INFO - DAG(s) 'etl_dag' retrieved from /opt/airflow/dags/my_first_dag.py
[2025-01-31T00:02:10.157+0000] {logging_mixin.py:190} INFO - [2025-01-31T00:02:10.157+0000] {dag.py:3239} INFO - Sync 1 DAGs
[2025-01-31T00:02:10.170+0000] {logging_mixin.py:190} INFO - [2025-01-31T00:02:10.169+0000] {dag.py:4180} INFO - Setting next_dagrun for etl_dag to 2025-01-31 00:00:00+00:00, run_after=2025-02-01 00:00:00+00:00
[2025-01-31T00:02:10.179+0000] {processor.py:208} INFO - Processing /opt/airflow/dags/my_first_dag.py took 0.104 seconds
[2025-01-31T00:02:40.522+0000] {processor.py:186} INFO - Started process (PID=3782) to work on /opt/airflow/dags/my_first_dag.py
[2025-01-31T00:02:40.523+0000] {processor.py:914} INFO - Processing file /opt/airflow/dags/my_first_dag.py for tasks to queue
[2025-01-31T00:02:40.527+0000] {logging_mixin.py:190} INFO - [2025-01-31T00:02:40.526+0000] {dagbag.py:588} INFO - Filling up the DagBag from /opt/airflow/dags/my_first_dag.py
[2025-01-31T00:02:40.546+0000] {processor.py:925} INFO - DAG(s) 'etl_dag' retrieved from /opt/airflow/dags/my_first_dag.py
[2025-01-31T00:02:40.572+0000] {logging_mixin.py:190} INFO - [2025-01-31T00:02:40.572+0000] {dag.py:3239} INFO - Sync 1 DAGs
[2025-01-31T00:02:40.584+0000] {logging_mixin.py:190} INFO - [2025-01-31T00:02:40.584+0000] {dag.py:4180} INFO - Setting next_dagrun for etl_dag to 2025-01-31 00:00:00+00:00, run_after=2025-02-01 00:00:00+00:00
[2025-01-31T00:02:40.592+0000] {processor.py:208} INFO - Processing /opt/airflow/dags/my_first_dag.py took 0.079 seconds
[2025-01-31T00:02:47.644+0000] {processor.py:186} INFO - Started process (PID=3783) to work on /opt/airflow/dags/my_first_dag.py
[2025-01-31T00:02:47.647+0000] {processor.py:914} INFO - Processing file /opt/airflow/dags/my_first_dag.py for tasks to queue
[2025-01-31T00:02:47.653+0000] {logging_mixin.py:190} INFO - [2025-01-31T00:02:47.653+0000] {dagbag.py:588} INFO - Filling up the DagBag from /opt/airflow/dags/my_first_dag.py
[2025-01-31T00:02:47.680+0000] {processor.py:925} INFO - DAG(s) 'etl_dag' retrieved from /opt/airflow/dags/my_first_dag.py
[2025-01-31T00:02:47.711+0000] {logging_mixin.py:190} INFO - [2025-01-31T00:02:47.711+0000] {dag.py:3239} INFO - Sync 1 DAGs
[2025-01-31T00:02:47.727+0000] {logging_mixin.py:190} INFO - [2025-01-31T00:02:47.727+0000] {dag.py:4180} INFO - Setting next_dagrun for etl_dag to 2025-01-31 00:00:00+00:00, run_after=2025-02-01 00:00:00+00:00
[2025-01-31T00:02:47.737+0000] {processor.py:208} INFO - Processing /opt/airflow/dags/my_first_dag.py took 0.106 seconds
[2025-01-31T00:03:10.960+0000] {processor.py:186} INFO - Started process (PID=3790) to work on /opt/airflow/dags/my_first_dag.py
[2025-01-31T00:03:10.961+0000] {processor.py:914} INFO - Processing file /opt/airflow/dags/my_first_dag.py for tasks to queue
[2025-01-31T00:03:10.963+0000] {logging_mixin.py:190} INFO - [2025-01-31T00:03:10.963+0000] {dagbag.py:588} INFO - Filling up the DagBag from /opt/airflow/dags/my_first_dag.py
[2025-01-31T00:03:10.993+0000] {processor.py:925} INFO - DAG(s) 'etl_dag' retrieved from /opt/airflow/dags/my_first_dag.py
[2025-01-31T00:03:11.013+0000] {logging_mixin.py:190} INFO - [2025-01-31T00:03:11.012+0000] {dag.py:3239} INFO - Sync 1 DAGs
[2025-01-31T00:03:11.026+0000] {logging_mixin.py:190} INFO - [2025-01-31T00:03:11.026+0000] {dag.py:4180} INFO - Setting next_dagrun for etl_dag to 2025-01-31 00:00:00+00:00, run_after=2025-02-01 00:00:00+00:00
[2025-01-31T00:03:11.035+0000] {processor.py:208} INFO - Processing /opt/airflow/dags/my_first_dag.py took 0.081 seconds
[2025-01-31T00:03:41.380+0000] {processor.py:186} INFO - Started process (PID=3796) to work on /opt/airflow/dags/my_first_dag.py
[2025-01-31T00:03:41.381+0000] {processor.py:914} INFO - Processing file /opt/airflow/dags/my_first_dag.py for tasks to queue
[2025-01-31T00:03:41.387+0000] {logging_mixin.py:190} INFO - [2025-01-31T00:03:41.386+0000] {dagbag.py:588} INFO - Filling up the DagBag from /opt/airflow/dags/my_first_dag.py
[2025-01-31T00:03:41.426+0000] {processor.py:925} INFO - DAG(s) 'etl_dag' retrieved from /opt/airflow/dags/my_first_dag.py
[2025-01-31T00:03:41.451+0000] {logging_mixin.py:190} INFO - [2025-01-31T00:03:41.451+0000] {dag.py:3239} INFO - Sync 1 DAGs
[2025-01-31T00:03:41.465+0000] {logging_mixin.py:190} INFO - [2025-01-31T00:03:41.465+0000] {dag.py:4180} INFO - Setting next_dagrun for etl_dag to 2025-01-31 00:00:00+00:00, run_after=2025-02-01 00:00:00+00:00
[2025-01-31T00:03:41.474+0000] {processor.py:208} INFO - Processing /opt/airflow/dags/my_first_dag.py took 0.106 seconds
[2025-01-31T00:04:11.780+0000] {processor.py:186} INFO - Started process (PID=3803) to work on /opt/airflow/dags/my_first_dag.py
[2025-01-31T00:04:11.781+0000] {processor.py:914} INFO - Processing file /opt/airflow/dags/my_first_dag.py for tasks to queue
[2025-01-31T00:04:11.785+0000] {logging_mixin.py:190} INFO - [2025-01-31T00:04:11.784+0000] {dagbag.py:588} INFO - Filling up the DagBag from /opt/airflow/dags/my_first_dag.py
[2025-01-31T00:04:11.814+0000] {processor.py:925} INFO - DAG(s) 'etl_dag' retrieved from /opt/airflow/dags/my_first_dag.py
[2025-01-31T00:04:11.836+0000] {logging_mixin.py:190} INFO - [2025-01-31T00:04:11.836+0000] {dag.py:3239} INFO - Sync 1 DAGs
[2025-01-31T00:04:11.849+0000] {logging_mixin.py:190} INFO - [2025-01-31T00:04:11.849+0000] {dag.py:4180} INFO - Setting next_dagrun for etl_dag to 2025-01-31 00:00:00+00:00, run_after=2025-02-01 00:00:00+00:00
[2025-01-31T00:04:11.856+0000] {processor.py:208} INFO - Processing /opt/airflow/dags/my_first_dag.py took 0.085 seconds
[2025-01-31T00:04:42.118+0000] {processor.py:186} INFO - Started process (PID=3810) to work on /opt/airflow/dags/my_first_dag.py
[2025-01-31T00:04:42.119+0000] {processor.py:914} INFO - Processing file /opt/airflow/dags/my_first_dag.py for tasks to queue
[2025-01-31T00:04:42.122+0000] {logging_mixin.py:190} INFO - [2025-01-31T00:04:42.121+0000] {dagbag.py:588} INFO - Filling up the DagBag from /opt/airflow/dags/my_first_dag.py
[2025-01-31T00:04:42.146+0000] {processor.py:925} INFO - DAG(s) 'etl_dag' retrieved from /opt/airflow/dags/my_first_dag.py
[2025-01-31T00:04:42.163+0000] {logging_mixin.py:190} INFO - [2025-01-31T00:04:42.163+0000] {dag.py:3239} INFO - Sync 1 DAGs
[2025-01-31T00:04:42.176+0000] {logging_mixin.py:190} INFO - [2025-01-31T00:04:42.176+0000] {dag.py:4180} INFO - Setting next_dagrun for etl_dag to 2025-01-31 00:00:00+00:00, run_after=2025-02-01 00:00:00+00:00
[2025-01-31T00:04:42.187+0000] {processor.py:208} INFO - Processing /opt/airflow/dags/my_first_dag.py took 0.075 seconds
[2025-01-31T00:05:12.486+0000] {processor.py:186} INFO - Started process (PID=3821) to work on /opt/airflow/dags/my_first_dag.py
[2025-01-31T00:05:12.487+0000] {processor.py:914} INFO - Processing file /opt/airflow/dags/my_first_dag.py for tasks to queue
[2025-01-31T00:05:12.490+0000] {logging_mixin.py:190} INFO - [2025-01-31T00:05:12.489+0000] {dagbag.py:588} INFO - Filling up the DagBag from /opt/airflow/dags/my_first_dag.py
[2025-01-31T00:05:12.515+0000] {processor.py:925} INFO - DAG(s) 'etl_dag' retrieved from /opt/airflow/dags/my_first_dag.py
[2025-01-31T00:05:12.534+0000] {logging_mixin.py:190} INFO - [2025-01-31T00:05:12.534+0000] {dag.py:3239} INFO - Sync 1 DAGs
[2025-01-31T00:05:12.545+0000] {logging_mixin.py:190} INFO - [2025-01-31T00:05:12.545+0000] {dag.py:4180} INFO - Setting next_dagrun for etl_dag to 2025-01-31 00:00:00+00:00, run_after=2025-02-01 00:00:00+00:00
[2025-01-31T00:05:12.552+0000] {processor.py:208} INFO - Processing /opt/airflow/dags/my_first_dag.py took 0.073 seconds
[2025-01-31T00:05:42.823+0000] {processor.py:186} INFO - Started process (PID=3828) to work on /opt/airflow/dags/my_first_dag.py
[2025-01-31T00:05:42.824+0000] {processor.py:914} INFO - Processing file /opt/airflow/dags/my_first_dag.py for tasks to queue
[2025-01-31T00:05:42.826+0000] {logging_mixin.py:190} INFO - [2025-01-31T00:05:42.826+0000] {dagbag.py:588} INFO - Filling up the DagBag from /opt/airflow/dags/my_first_dag.py
[2025-01-31T00:05:42.851+0000] {processor.py:925} INFO - DAG(s) 'etl_dag' retrieved from /opt/airflow/dags/my_first_dag.py
[2025-01-31T00:05:42.869+0000] {logging_mixin.py:190} INFO - [2025-01-31T00:05:42.869+0000] {dag.py:3239} INFO - Sync 1 DAGs
[2025-01-31T00:05:42.880+0000] {logging_mixin.py:190} INFO - [2025-01-31T00:05:42.880+0000] {dag.py:4180} INFO - Setting next_dagrun for etl_dag to 2025-01-31 00:00:00+00:00, run_after=2025-02-01 00:00:00+00:00
[2025-01-31T00:05:42.888+0000] {processor.py:208} INFO - Processing /opt/airflow/dags/my_first_dag.py took 0.073 seconds
[2025-01-31T00:06:13.238+0000] {processor.py:186} INFO - Started process (PID=3835) to work on /opt/airflow/dags/my_first_dag.py
[2025-01-31T00:06:13.239+0000] {processor.py:914} INFO - Processing file /opt/airflow/dags/my_first_dag.py for tasks to queue
[2025-01-31T00:06:13.248+0000] {logging_mixin.py:190} INFO - [2025-01-31T00:06:13.248+0000] {dagbag.py:588} INFO - Filling up the DagBag from /opt/airflow/dags/my_first_dag.py
[2025-01-31T00:06:13.298+0000] {processor.py:925} INFO - DAG(s) 'etl_dag' retrieved from /opt/airflow/dags/my_first_dag.py
[2025-01-31T00:06:13.320+0000] {logging_mixin.py:190} INFO - [2025-01-31T00:06:13.319+0000] {dag.py:3239} INFO - Sync 1 DAGs
[2025-01-31T00:06:13.338+0000] {logging_mixin.py:190} INFO - [2025-01-31T00:06:13.338+0000] {dag.py:4180} INFO - Setting next_dagrun for etl_dag to 2025-01-31 00:00:00+00:00, run_after=2025-02-01 00:00:00+00:00
[2025-01-31T00:06:13.346+0000] {processor.py:208} INFO - Processing /opt/airflow/dags/my_first_dag.py took 0.123 seconds
[2025-01-31T00:06:43.678+0000] {processor.py:186} INFO - Started process (PID=3842) to work on /opt/airflow/dags/my_first_dag.py
[2025-01-31T00:06:43.681+0000] {processor.py:914} INFO - Processing file /opt/airflow/dags/my_first_dag.py for tasks to queue
[2025-01-31T00:06:43.685+0000] {logging_mixin.py:190} INFO - [2025-01-31T00:06:43.685+0000] {dagbag.py:588} INFO - Filling up the DagBag from /opt/airflow/dags/my_first_dag.py
[2025-01-31T00:06:43.742+0000] {processor.py:925} INFO - DAG(s) 'etl_dag' retrieved from /opt/airflow/dags/my_first_dag.py
[2025-01-31T00:06:43.768+0000] {logging_mixin.py:190} INFO - [2025-01-31T00:06:43.768+0000] {dag.py:3239} INFO - Sync 1 DAGs
[2025-01-31T00:06:43.786+0000] {logging_mixin.py:190} INFO - [2025-01-31T00:06:43.786+0000] {dag.py:4180} INFO - Setting next_dagrun for etl_dag to 2025-01-31 00:00:00+00:00, run_after=2025-02-01 00:00:00+00:00
[2025-01-31T00:06:43.795+0000] {processor.py:208} INFO - Processing /opt/airflow/dags/my_first_dag.py took 0.132 seconds
[2025-01-31T00:07:14.272+0000] {processor.py:186} INFO - Started process (PID=3849) to work on /opt/airflow/dags/my_first_dag.py
[2025-01-31T00:07:14.274+0000] {processor.py:914} INFO - Processing file /opt/airflow/dags/my_first_dag.py for tasks to queue
[2025-01-31T00:07:14.277+0000] {logging_mixin.py:190} INFO - [2025-01-31T00:07:14.277+0000] {dagbag.py:588} INFO - Filling up the DagBag from /opt/airflow/dags/my_first_dag.py
[2025-01-31T00:07:14.362+0000] {processor.py:925} INFO - DAG(s) 'etl_dag' retrieved from /opt/airflow/dags/my_first_dag.py
[2025-01-31T00:07:14.391+0000] {logging_mixin.py:190} INFO - [2025-01-31T00:07:14.391+0000] {dag.py:3239} INFO - Sync 1 DAGs
[2025-01-31T00:07:14.409+0000] {logging_mixin.py:190} INFO - [2025-01-31T00:07:14.409+0000] {dag.py:4180} INFO - Setting next_dagrun for etl_dag to 2025-01-31 00:00:00+00:00, run_after=2025-02-01 00:00:00+00:00
[2025-01-31T00:07:14.418+0000] {processor.py:208} INFO - Processing /opt/airflow/dags/my_first_dag.py took 0.157 seconds
[2025-01-31T00:07:44.661+0000] {processor.py:186} INFO - Started process (PID=3856) to work on /opt/airflow/dags/my_first_dag.py
[2025-01-31T00:07:44.662+0000] {processor.py:914} INFO - Processing file /opt/airflow/dags/my_first_dag.py for tasks to queue
[2025-01-31T00:07:44.665+0000] {logging_mixin.py:190} INFO - [2025-01-31T00:07:44.665+0000] {dagbag.py:588} INFO - Filling up the DagBag from /opt/airflow/dags/my_first_dag.py
[2025-01-31T00:07:44.695+0000] {processor.py:925} INFO - DAG(s) 'etl_dag' retrieved from /opt/airflow/dags/my_first_dag.py
[2025-01-31T00:07:44.714+0000] {logging_mixin.py:190} INFO - [2025-01-31T00:07:44.714+0000] {dag.py:3239} INFO - Sync 1 DAGs
[2025-01-31T00:07:44.724+0000] {logging_mixin.py:190} INFO - [2025-01-31T00:07:44.724+0000] {dag.py:4180} INFO - Setting next_dagrun for etl_dag to 2025-01-31 00:00:00+00:00, run_after=2025-02-01 00:00:00+00:00
[2025-01-31T00:07:44.731+0000] {processor.py:208} INFO - Processing /opt/airflow/dags/my_first_dag.py took 0.079 seconds
[2025-01-31T00:08:15.040+0000] {processor.py:186} INFO - Started process (PID=3863) to work on /opt/airflow/dags/my_first_dag.py
[2025-01-31T00:08:15.041+0000] {processor.py:914} INFO - Processing file /opt/airflow/dags/my_first_dag.py for tasks to queue
[2025-01-31T00:08:15.044+0000] {logging_mixin.py:190} INFO - [2025-01-31T00:08:15.044+0000] {dagbag.py:588} INFO - Filling up the DagBag from /opt/airflow/dags/my_first_dag.py
[2025-01-31T00:08:15.081+0000] {processor.py:925} INFO - DAG(s) 'etl_dag' retrieved from /opt/airflow/dags/my_first_dag.py
[2025-01-31T00:08:15.102+0000] {logging_mixin.py:190} INFO - [2025-01-31T00:08:15.102+0000] {dag.py:3239} INFO - Sync 1 DAGs
[2025-01-31T00:08:15.121+0000] {logging_mixin.py:190} INFO - [2025-01-31T00:08:15.121+0000] {dag.py:4180} INFO - Setting next_dagrun for etl_dag to 2025-01-31 00:00:00+00:00, run_after=2025-02-01 00:00:00+00:00
[2025-01-31T00:08:15.130+0000] {processor.py:208} INFO - Processing /opt/airflow/dags/my_first_dag.py took 0.098 seconds
[2025-01-31T00:08:45.353+0000] {processor.py:186} INFO - Started process (PID=3874) to work on /opt/airflow/dags/my_first_dag.py
[2025-01-31T00:08:45.354+0000] {processor.py:914} INFO - Processing file /opt/airflow/dags/my_first_dag.py for tasks to queue
[2025-01-31T00:08:45.357+0000] {logging_mixin.py:190} INFO - [2025-01-31T00:08:45.356+0000] {dagbag.py:588} INFO - Filling up the DagBag from /opt/airflow/dags/my_first_dag.py
[2025-01-31T00:08:45.384+0000] {processor.py:925} INFO - DAG(s) 'etl_dag' retrieved from /opt/airflow/dags/my_first_dag.py
[2025-01-31T00:08:45.404+0000] {logging_mixin.py:190} INFO - [2025-01-31T00:08:45.404+0000] {dag.py:3239} INFO - Sync 1 DAGs
[2025-01-31T00:08:45.416+0000] {logging_mixin.py:190} INFO - [2025-01-31T00:08:45.416+0000] {dag.py:4180} INFO - Setting next_dagrun for etl_dag to 2025-01-31 00:00:00+00:00, run_after=2025-02-01 00:00:00+00:00
[2025-01-31T00:08:45.424+0000] {processor.py:208} INFO - Processing /opt/airflow/dags/my_first_dag.py took 0.077 seconds
[2025-01-31T00:09:15.736+0000] {processor.py:186} INFO - Started process (PID=3881) to work on /opt/airflow/dags/my_first_dag.py
[2025-01-31T00:09:15.737+0000] {processor.py:914} INFO - Processing file /opt/airflow/dags/my_first_dag.py for tasks to queue
[2025-01-31T00:09:15.740+0000] {logging_mixin.py:190} INFO - [2025-01-31T00:09:15.740+0000] {dagbag.py:588} INFO - Filling up the DagBag from /opt/airflow/dags/my_first_dag.py
[2025-01-31T00:09:15.768+0000] {processor.py:925} INFO - DAG(s) 'etl_dag' retrieved from /opt/airflow/dags/my_first_dag.py
[2025-01-31T00:09:15.788+0000] {logging_mixin.py:190} INFO - [2025-01-31T00:09:15.788+0000] {dag.py:3239} INFO - Sync 1 DAGs
[2025-01-31T00:09:15.800+0000] {logging_mixin.py:190} INFO - [2025-01-31T00:09:15.800+0000] {dag.py:4180} INFO - Setting next_dagrun for etl_dag to 2025-01-31 00:00:00+00:00, run_after=2025-02-01 00:00:00+00:00
[2025-01-31T00:09:15.807+0000] {processor.py:208} INFO - Processing /opt/airflow/dags/my_first_dag.py took 0.079 seconds
[2025-01-31T00:09:46.093+0000] {processor.py:186} INFO - Started process (PID=3888) to work on /opt/airflow/dags/my_first_dag.py
[2025-01-31T00:09:46.095+0000] {processor.py:914} INFO - Processing file /opt/airflow/dags/my_first_dag.py for tasks to queue
[2025-01-31T00:09:46.099+0000] {logging_mixin.py:190} INFO - [2025-01-31T00:09:46.099+0000] {dagbag.py:588} INFO - Filling up the DagBag from /opt/airflow/dags/my_first_dag.py
[2025-01-31T00:09:46.132+0000] {processor.py:925} INFO - DAG(s) 'etl_dag' retrieved from /opt/airflow/dags/my_first_dag.py
[2025-01-31T00:09:46.191+0000] {logging_mixin.py:190} INFO - [2025-01-31T00:09:46.191+0000] {dag.py:3239} INFO - Sync 1 DAGs
[2025-01-31T00:09:46.199+0000] {logging_mixin.py:190} INFO - [2025-01-31T00:09:46.199+0000] {dag.py:4180} INFO - Setting next_dagrun for etl_dag to 2025-01-31 00:00:00+00:00, run_after=2025-02-01 00:00:00+00:00
[2025-01-31T00:09:46.206+0000] {processor.py:208} INFO - Processing /opt/airflow/dags/my_first_dag.py took 0.124 seconds
[2025-01-31T00:10:16.460+0000] {processor.py:186} INFO - Started process (PID=3899) to work on /opt/airflow/dags/my_first_dag.py
[2025-01-31T00:10:16.462+0000] {processor.py:914} INFO - Processing file /opt/airflow/dags/my_first_dag.py for tasks to queue
[2025-01-31T00:10:16.465+0000] {logging_mixin.py:190} INFO - [2025-01-31T00:10:16.465+0000] {dagbag.py:588} INFO - Filling up the DagBag from /opt/airflow/dags/my_first_dag.py
[2025-01-31T00:10:16.495+0000] {processor.py:925} INFO - DAG(s) 'etl_dag' retrieved from /opt/airflow/dags/my_first_dag.py
[2025-01-31T00:10:16.515+0000] {logging_mixin.py:190} INFO - [2025-01-31T00:10:16.514+0000] {dag.py:3239} INFO - Sync 1 DAGs
[2025-01-31T00:10:16.526+0000] {logging_mixin.py:190} INFO - [2025-01-31T00:10:16.526+0000] {dag.py:4180} INFO - Setting next_dagrun for etl_dag to 2025-01-31 00:00:00+00:00, run_after=2025-02-01 00:00:00+00:00
[2025-01-31T00:10:16.534+0000] {processor.py:208} INFO - Processing /opt/airflow/dags/my_first_dag.py took 0.084 seconds
[2025-01-31T00:10:46.881+0000] {processor.py:186} INFO - Started process (PID=3906) to work on /opt/airflow/dags/my_first_dag.py
[2025-01-31T00:10:46.882+0000] {processor.py:914} INFO - Processing file /opt/airflow/dags/my_first_dag.py for tasks to queue
[2025-01-31T00:10:46.884+0000] {logging_mixin.py:190} INFO - [2025-01-31T00:10:46.884+0000] {dagbag.py:588} INFO - Filling up the DagBag from /opt/airflow/dags/my_first_dag.py
[2025-01-31T00:10:46.910+0000] {processor.py:925} INFO - DAG(s) 'etl_dag' retrieved from /opt/airflow/dags/my_first_dag.py
[2025-01-31T00:10:46.929+0000] {logging_mixin.py:190} INFO - [2025-01-31T00:10:46.928+0000] {dag.py:3239} INFO - Sync 1 DAGs
[2025-01-31T00:10:46.939+0000] {logging_mixin.py:190} INFO - [2025-01-31T00:10:46.939+0000] {dag.py:4180} INFO - Setting next_dagrun for etl_dag to 2025-01-31 00:00:00+00:00, run_after=2025-02-01 00:00:00+00:00
[2025-01-31T00:10:46.946+0000] {processor.py:208} INFO - Processing /opt/airflow/dags/my_first_dag.py took 0.071 seconds
[2025-01-31T00:11:17.210+0000] {processor.py:186} INFO - Started process (PID=3913) to work on /opt/airflow/dags/my_first_dag.py
[2025-01-31T00:11:17.211+0000] {processor.py:914} INFO - Processing file /opt/airflow/dags/my_first_dag.py for tasks to queue
[2025-01-31T00:11:17.214+0000] {logging_mixin.py:190} INFO - [2025-01-31T00:11:17.214+0000] {dagbag.py:588} INFO - Filling up the DagBag from /opt/airflow/dags/my_first_dag.py
[2025-01-31T00:11:17.246+0000] {processor.py:925} INFO - DAG(s) 'etl_dag' retrieved from /opt/airflow/dags/my_first_dag.py
[2025-01-31T00:11:17.265+0000] {logging_mixin.py:190} INFO - [2025-01-31T00:11:17.265+0000] {dag.py:3239} INFO - Sync 1 DAGs
[2025-01-31T00:11:17.276+0000] {logging_mixin.py:190} INFO - [2025-01-31T00:11:17.276+0000] {dag.py:4180} INFO - Setting next_dagrun for etl_dag to 2025-01-31 00:00:00+00:00, run_after=2025-02-01 00:00:00+00:00
[2025-01-31T00:11:17.284+0000] {processor.py:208} INFO - Processing /opt/airflow/dags/my_first_dag.py took 0.083 seconds
[2025-01-31T00:11:47.645+0000] {processor.py:186} INFO - Started process (PID=3920) to work on /opt/airflow/dags/my_first_dag.py
[2025-01-31T00:11:47.646+0000] {processor.py:914} INFO - Processing file /opt/airflow/dags/my_first_dag.py for tasks to queue
[2025-01-31T00:11:47.649+0000] {logging_mixin.py:190} INFO - [2025-01-31T00:11:47.649+0000] {dagbag.py:588} INFO - Filling up the DagBag from /opt/airflow/dags/my_first_dag.py
[2025-01-31T00:11:47.681+0000] {processor.py:925} INFO - DAG(s) 'etl_dag' retrieved from /opt/airflow/dags/my_first_dag.py
[2025-01-31T00:11:47.701+0000] {logging_mixin.py:190} INFO - [2025-01-31T00:11:47.700+0000] {dag.py:3239} INFO - Sync 1 DAGs
[2025-01-31T00:11:47.713+0000] {logging_mixin.py:190} INFO - [2025-01-31T00:11:47.713+0000] {dag.py:4180} INFO - Setting next_dagrun for etl_dag to 2025-01-31 00:00:00+00:00, run_after=2025-02-01 00:00:00+00:00
[2025-01-31T00:11:47.720+0000] {processor.py:208} INFO - Processing /opt/airflow/dags/my_first_dag.py took 0.086 seconds
[2025-01-31T00:12:18.018+0000] {processor.py:186} INFO - Started process (PID=3926) to work on /opt/airflow/dags/my_first_dag.py
[2025-01-31T00:12:18.019+0000] {processor.py:914} INFO - Processing file /opt/airflow/dags/my_first_dag.py for tasks to queue
[2025-01-31T00:12:18.022+0000] {logging_mixin.py:190} INFO - [2025-01-31T00:12:18.022+0000] {dagbag.py:588} INFO - Filling up the DagBag from /opt/airflow/dags/my_first_dag.py
[2025-01-31T00:12:18.047+0000] {processor.py:925} INFO - DAG(s) 'etl_dag' retrieved from /opt/airflow/dags/my_first_dag.py
[2025-01-31T00:12:18.065+0000] {logging_mixin.py:190} INFO - [2025-01-31T00:12:18.065+0000] {dag.py:3239} INFO - Sync 1 DAGs
[2025-01-31T00:12:18.075+0000] {logging_mixin.py:190} INFO - [2025-01-31T00:12:18.075+0000] {dag.py:4180} INFO - Setting next_dagrun for etl_dag to 2025-01-31 00:00:00+00:00, run_after=2025-02-01 00:00:00+00:00
[2025-01-31T00:12:18.082+0000] {processor.py:208} INFO - Processing /opt/airflow/dags/my_first_dag.py took 0.071 seconds
[2025-01-31T00:12:48.417+0000] {processor.py:186} INFO - Started process (PID=3933) to work on /opt/airflow/dags/my_first_dag.py
[2025-01-31T00:12:48.419+0000] {processor.py:914} INFO - Processing file /opt/airflow/dags/my_first_dag.py for tasks to queue
[2025-01-31T00:12:48.421+0000] {logging_mixin.py:190} INFO - [2025-01-31T00:12:48.421+0000] {dagbag.py:588} INFO - Filling up the DagBag from /opt/airflow/dags/my_first_dag.py
[2025-01-31T00:12:48.444+0000] {processor.py:925} INFO - DAG(s) 'etl_dag' retrieved from /opt/airflow/dags/my_first_dag.py
[2025-01-31T00:12:48.464+0000] {logging_mixin.py:190} INFO - [2025-01-31T00:12:48.464+0000] {dag.py:3239} INFO - Sync 1 DAGs
[2025-01-31T00:12:48.473+0000] {logging_mixin.py:190} INFO - [2025-01-31T00:12:48.473+0000] {dag.py:4180} INFO - Setting next_dagrun for etl_dag to 2025-01-31 00:00:00+00:00, run_after=2025-02-01 00:00:00+00:00
[2025-01-31T00:12:48.480+0000] {processor.py:208} INFO - Processing /opt/airflow/dags/my_first_dag.py took 0.069 seconds
[2025-01-31T00:13:18.756+0000] {processor.py:186} INFO - Started process (PID=3940) to work on /opt/airflow/dags/my_first_dag.py
[2025-01-31T00:13:18.757+0000] {processor.py:914} INFO - Processing file /opt/airflow/dags/my_first_dag.py for tasks to queue
[2025-01-31T00:13:18.760+0000] {logging_mixin.py:190} INFO - [2025-01-31T00:13:18.759+0000] {dagbag.py:588} INFO - Filling up the DagBag from /opt/airflow/dags/my_first_dag.py
[2025-01-31T00:13:18.785+0000] {processor.py:925} INFO - DAG(s) 'etl_dag' retrieved from /opt/airflow/dags/my_first_dag.py
[2025-01-31T00:13:18.804+0000] {logging_mixin.py:190} INFO - [2025-01-31T00:13:18.804+0000] {dag.py:3239} INFO - Sync 1 DAGs
[2025-01-31T00:13:18.815+0000] {logging_mixin.py:190} INFO - [2025-01-31T00:13:18.815+0000] {dag.py:4180} INFO - Setting next_dagrun for etl_dag to 2025-01-31 00:00:00+00:00, run_after=2025-02-01 00:00:00+00:00
[2025-01-31T00:13:18.822+0000] {processor.py:208} INFO - Processing /opt/airflow/dags/my_first_dag.py took 0.072 seconds
[2025-01-31T00:13:49.062+0000] {processor.py:186} INFO - Started process (PID=3947) to work on /opt/airflow/dags/my_first_dag.py
[2025-01-31T00:13:49.064+0000] {processor.py:914} INFO - Processing file /opt/airflow/dags/my_first_dag.py for tasks to queue
[2025-01-31T00:13:49.067+0000] {logging_mixin.py:190} INFO - [2025-01-31T00:13:49.066+0000] {dagbag.py:588} INFO - Filling up the DagBag from /opt/airflow/dags/my_first_dag.py
[2025-01-31T00:13:49.094+0000] {processor.py:925} INFO - DAG(s) 'etl_dag' retrieved from /opt/airflow/dags/my_first_dag.py
[2025-01-31T00:13:49.112+0000] {logging_mixin.py:190} INFO - [2025-01-31T00:13:49.112+0000] {dag.py:3239} INFO - Sync 1 DAGs
[2025-01-31T00:13:49.122+0000] {logging_mixin.py:190} INFO - [2025-01-31T00:13:49.122+0000] {dag.py:4180} INFO - Setting next_dagrun for etl_dag to 2025-01-31 00:00:00+00:00, run_after=2025-02-01 00:00:00+00:00
[2025-01-31T00:13:49.130+0000] {processor.py:208} INFO - Processing /opt/airflow/dags/my_first_dag.py took 0.075 seconds
[2025-01-31T00:14:19.343+0000] {processor.py:186} INFO - Started process (PID=3954) to work on /opt/airflow/dags/my_first_dag.py
[2025-01-31T00:14:19.344+0000] {processor.py:914} INFO - Processing file /opt/airflow/dags/my_first_dag.py for tasks to queue
[2025-01-31T00:14:19.345+0000] {logging_mixin.py:190} INFO - [2025-01-31T00:14:19.345+0000] {dagbag.py:588} INFO - Filling up the DagBag from /opt/airflow/dags/my_first_dag.py
[2025-01-31T00:14:19.364+0000] {processor.py:925} INFO - DAG(s) 'etl_dag' retrieved from /opt/airflow/dags/my_first_dag.py
[2025-01-31T00:14:19.382+0000] {logging_mixin.py:190} INFO - [2025-01-31T00:14:19.381+0000] {dag.py:3239} INFO - Sync 1 DAGs
[2025-01-31T00:14:19.394+0000] {logging_mixin.py:190} INFO - [2025-01-31T00:14:19.394+0000] {dag.py:4180} INFO - Setting next_dagrun for etl_dag to 2025-01-31 00:00:00+00:00, run_after=2025-02-01 00:00:00+00:00
[2025-01-31T00:14:19.401+0000] {processor.py:208} INFO - Processing /opt/airflow/dags/my_first_dag.py took 0.062 seconds
[2025-01-31T00:14:49.724+0000] {processor.py:186} INFO - Started process (PID=3961) to work on /opt/airflow/dags/my_first_dag.py
[2025-01-31T00:14:49.725+0000] {processor.py:914} INFO - Processing file /opt/airflow/dags/my_first_dag.py for tasks to queue
[2025-01-31T00:14:49.727+0000] {logging_mixin.py:190} INFO - [2025-01-31T00:14:49.727+0000] {dagbag.py:588} INFO - Filling up the DagBag from /opt/airflow/dags/my_first_dag.py
[2025-01-31T00:14:49.754+0000] {processor.py:925} INFO - DAG(s) 'etl_dag' retrieved from /opt/airflow/dags/my_first_dag.py
[2025-01-31T00:14:49.772+0000] {logging_mixin.py:190} INFO - [2025-01-31T00:14:49.772+0000] {dag.py:3239} INFO - Sync 1 DAGs
[2025-01-31T00:14:49.818+0000] {logging_mixin.py:190} INFO - [2025-01-31T00:14:49.818+0000] {dag.py:4180} INFO - Setting next_dagrun for etl_dag to 2025-01-31 00:00:00+00:00, run_after=2025-02-01 00:00:00+00:00
[2025-01-31T00:14:49.834+0000] {processor.py:208} INFO - Processing /opt/airflow/dags/my_first_dag.py took 0.117 seconds
[2025-01-31T00:15:20.084+0000] {processor.py:186} INFO - Started process (PID=3968) to work on /opt/airflow/dags/my_first_dag.py
[2025-01-31T00:15:20.085+0000] {processor.py:914} INFO - Processing file /opt/airflow/dags/my_first_dag.py for tasks to queue
[2025-01-31T00:15:20.088+0000] {logging_mixin.py:190} INFO - [2025-01-31T00:15:20.088+0000] {dagbag.py:588} INFO - Filling up the DagBag from /opt/airflow/dags/my_first_dag.py
[2025-01-31T00:15:20.121+0000] {processor.py:925} INFO - DAG(s) 'etl_dag' retrieved from /opt/airflow/dags/my_first_dag.py
[2025-01-31T00:15:20.140+0000] {logging_mixin.py:190} INFO - [2025-01-31T00:15:20.140+0000] {dag.py:3239} INFO - Sync 1 DAGs
[2025-01-31T00:15:20.151+0000] {logging_mixin.py:190} INFO - [2025-01-31T00:15:20.151+0000] {dag.py:4180} INFO - Setting next_dagrun for etl_dag to 2025-01-31 00:00:00+00:00, run_after=2025-02-01 00:00:00+00:00
[2025-01-31T00:15:20.159+0000] {processor.py:208} INFO - Processing /opt/airflow/dags/my_first_dag.py took 0.084 seconds
[2025-01-31T00:15:50.467+0000] {processor.py:186} INFO - Started process (PID=3975) to work on /opt/airflow/dags/my_first_dag.py
[2025-01-31T00:15:50.469+0000] {processor.py:914} INFO - Processing file /opt/airflow/dags/my_first_dag.py for tasks to queue
[2025-01-31T00:15:50.471+0000] {logging_mixin.py:190} INFO - [2025-01-31T00:15:50.470+0000] {dagbag.py:588} INFO - Filling up the DagBag from /opt/airflow/dags/my_first_dag.py
[2025-01-31T00:15:50.497+0000] {processor.py:925} INFO - DAG(s) 'etl_dag' retrieved from /opt/airflow/dags/my_first_dag.py
[2025-01-31T00:15:50.515+0000] {logging_mixin.py:190} INFO - [2025-01-31T00:15:50.515+0000] {dag.py:3239} INFO - Sync 1 DAGs
[2025-01-31T00:15:50.525+0000] {logging_mixin.py:190} INFO - [2025-01-31T00:15:50.525+0000] {dag.py:4180} INFO - Setting next_dagrun for etl_dag to 2025-01-31 00:00:00+00:00, run_after=2025-02-01 00:00:00+00:00
[2025-01-31T00:15:50.531+0000] {processor.py:208} INFO - Processing /opt/airflow/dags/my_first_dag.py took 0.071 seconds
[2025-01-31T00:16:20.843+0000] {processor.py:186} INFO - Started process (PID=3982) to work on /opt/airflow/dags/my_first_dag.py
[2025-01-31T00:16:20.844+0000] {processor.py:914} INFO - Processing file /opt/airflow/dags/my_first_dag.py for tasks to queue
[2025-01-31T00:16:20.847+0000] {logging_mixin.py:190} INFO - [2025-01-31T00:16:20.847+0000] {dagbag.py:588} INFO - Filling up the DagBag from /opt/airflow/dags/my_first_dag.py
[2025-01-31T00:16:20.875+0000] {processor.py:925} INFO - DAG(s) 'etl_dag' retrieved from /opt/airflow/dags/my_first_dag.py
[2025-01-31T00:16:20.894+0000] {logging_mixin.py:190} INFO - [2025-01-31T00:16:20.893+0000] {dag.py:3239} INFO - Sync 1 DAGs
[2025-01-31T00:16:20.903+0000] {logging_mixin.py:190} INFO - [2025-01-31T00:16:20.903+0000] {dag.py:4180} INFO - Setting next_dagrun for etl_dag to 2025-01-31 00:00:00+00:00, run_after=2025-02-01 00:00:00+00:00
[2025-01-31T00:16:20.910+0000] {processor.py:208} INFO - Processing /opt/airflow/dags/my_first_dag.py took 0.076 seconds
[2025-01-31T00:16:51.217+0000] {processor.py:186} INFO - Started process (PID=3989) to work on /opt/airflow/dags/my_first_dag.py
[2025-01-31T00:16:51.218+0000] {processor.py:914} INFO - Processing file /opt/airflow/dags/my_first_dag.py for tasks to queue
[2025-01-31T00:16:51.223+0000] {logging_mixin.py:190} INFO - [2025-01-31T00:16:51.222+0000] {dagbag.py:588} INFO - Filling up the DagBag from /opt/airflow/dags/my_first_dag.py
[2025-01-31T00:16:51.252+0000] {processor.py:925} INFO - DAG(s) 'etl_dag' retrieved from /opt/airflow/dags/my_first_dag.py
[2025-01-31T00:16:51.271+0000] {logging_mixin.py:190} INFO - [2025-01-31T00:16:51.270+0000] {dag.py:3239} INFO - Sync 1 DAGs
[2025-01-31T00:16:51.282+0000] {logging_mixin.py:190} INFO - [2025-01-31T00:16:51.281+0000] {dag.py:4180} INFO - Setting next_dagrun for etl_dag to 2025-01-31 00:00:00+00:00, run_after=2025-02-01 00:00:00+00:00
[2025-01-31T00:16:51.293+0000] {processor.py:208} INFO - Processing /opt/airflow/dags/my_first_dag.py took 0.086 seconds
[2025-01-31T00:17:21.551+0000] {processor.py:186} INFO - Started process (PID=3996) to work on /opt/airflow/dags/my_first_dag.py
[2025-01-31T00:17:21.552+0000] {processor.py:914} INFO - Processing file /opt/airflow/dags/my_first_dag.py for tasks to queue
[2025-01-31T00:17:21.554+0000] {logging_mixin.py:190} INFO - [2025-01-31T00:17:21.554+0000] {dagbag.py:588} INFO - Filling up the DagBag from /opt/airflow/dags/my_first_dag.py
[2025-01-31T00:17:21.578+0000] {processor.py:925} INFO - DAG(s) 'etl_dag' retrieved from /opt/airflow/dags/my_first_dag.py
[2025-01-31T00:17:21.595+0000] {logging_mixin.py:190} INFO - [2025-01-31T00:17:21.595+0000] {dag.py:3239} INFO - Sync 1 DAGs
[2025-01-31T00:17:21.606+0000] {logging_mixin.py:190} INFO - [2025-01-31T00:17:21.606+0000] {dag.py:4180} INFO - Setting next_dagrun for etl_dag to 2025-01-31 00:00:00+00:00, run_after=2025-02-01 00:00:00+00:00
[2025-01-31T00:17:21.612+0000] {processor.py:208} INFO - Processing /opt/airflow/dags/my_first_dag.py took 0.071 seconds
[2025-01-31T00:17:51.906+0000] {processor.py:186} INFO - Started process (PID=4007) to work on /opt/airflow/dags/my_first_dag.py
[2025-01-31T00:17:51.906+0000] {processor.py:914} INFO - Processing file /opt/airflow/dags/my_first_dag.py for tasks to queue
[2025-01-31T00:17:51.909+0000] {logging_mixin.py:190} INFO - [2025-01-31T00:17:51.909+0000] {dagbag.py:588} INFO - Filling up the DagBag from /opt/airflow/dags/my_first_dag.py
[2025-01-31T00:17:51.937+0000] {processor.py:925} INFO - DAG(s) 'etl_dag' retrieved from /opt/airflow/dags/my_first_dag.py
[2025-01-31T00:17:51.963+0000] {logging_mixin.py:190} INFO - [2025-01-31T00:17:51.963+0000] {dag.py:3239} INFO - Sync 1 DAGs
[2025-01-31T00:17:51.978+0000] {logging_mixin.py:190} INFO - [2025-01-31T00:17:51.978+0000] {dag.py:4180} INFO - Setting next_dagrun for etl_dag to 2025-01-31 00:00:00+00:00, run_after=2025-02-01 00:00:00+00:00
[2025-01-31T00:17:51.997+0000] {processor.py:208} INFO - Processing /opt/airflow/dags/my_first_dag.py took 0.099 seconds
[2025-01-31T00:18:22.288+0000] {processor.py:186} INFO - Started process (PID=4014) to work on /opt/airflow/dags/my_first_dag.py
[2025-01-31T00:18:22.289+0000] {processor.py:914} INFO - Processing file /opt/airflow/dags/my_first_dag.py for tasks to queue
[2025-01-31T00:18:22.292+0000] {logging_mixin.py:190} INFO - [2025-01-31T00:18:22.292+0000] {dagbag.py:588} INFO - Filling up the DagBag from /opt/airflow/dags/my_first_dag.py
[2025-01-31T00:18:22.340+0000] {processor.py:925} INFO - DAG(s) 'etl_dag' retrieved from /opt/airflow/dags/my_first_dag.py
[2025-01-31T00:18:22.358+0000] {logging_mixin.py:190} INFO - [2025-01-31T00:18:22.358+0000] {dag.py:3239} INFO - Sync 1 DAGs
[2025-01-31T00:18:22.368+0000] {logging_mixin.py:190} INFO - [2025-01-31T00:18:22.368+0000] {dag.py:4180} INFO - Setting next_dagrun for etl_dag to 2025-01-31 00:00:00+00:00, run_after=2025-02-01 00:00:00+00:00
[2025-01-31T00:18:22.376+0000] {processor.py:208} INFO - Processing /opt/airflow/dags/my_first_dag.py took 0.097 seconds
[2025-01-31T00:18:52.698+0000] {processor.py:186} INFO - Started process (PID=4020) to work on /opt/airflow/dags/my_first_dag.py
[2025-01-31T00:18:52.700+0000] {processor.py:914} INFO - Processing file /opt/airflow/dags/my_first_dag.py for tasks to queue
[2025-01-31T00:18:52.704+0000] {logging_mixin.py:190} INFO - [2025-01-31T00:18:52.704+0000] {dagbag.py:588} INFO - Filling up the DagBag from /opt/airflow/dags/my_first_dag.py
[2025-01-31T00:18:52.734+0000] {processor.py:925} INFO - DAG(s) 'etl_dag' retrieved from /opt/airflow/dags/my_first_dag.py
[2025-01-31T00:18:52.753+0000] {logging_mixin.py:190} INFO - [2025-01-31T00:18:52.753+0000] {dag.py:3239} INFO - Sync 1 DAGs
[2025-01-31T00:18:52.765+0000] {logging_mixin.py:190} INFO - [2025-01-31T00:18:52.765+0000] {dag.py:4180} INFO - Setting next_dagrun for etl_dag to 2025-01-31 00:00:00+00:00, run_after=2025-02-01 00:00:00+00:00
[2025-01-31T00:18:52.772+0000] {processor.py:208} INFO - Processing /opt/airflow/dags/my_first_dag.py took 0.082 seconds
[2025-01-31T00:19:23.052+0000] {processor.py:186} INFO - Started process (PID=4027) to work on /opt/airflow/dags/my_first_dag.py
[2025-01-31T00:19:23.053+0000] {processor.py:914} INFO - Processing file /opt/airflow/dags/my_first_dag.py for tasks to queue
[2025-01-31T00:19:23.055+0000] {logging_mixin.py:190} INFO - [2025-01-31T00:19:23.055+0000] {dagbag.py:588} INFO - Filling up the DagBag from /opt/airflow/dags/my_first_dag.py
[2025-01-31T00:19:23.085+0000] {processor.py:925} INFO - DAG(s) 'etl_dag' retrieved from /opt/airflow/dags/my_first_dag.py
[2025-01-31T00:19:23.104+0000] {logging_mixin.py:190} INFO - [2025-01-31T00:19:23.104+0000] {dag.py:3239} INFO - Sync 1 DAGs
[2025-01-31T00:19:23.117+0000] {logging_mixin.py:190} INFO - [2025-01-31T00:19:23.117+0000] {dag.py:4180} INFO - Setting next_dagrun for etl_dag to 2025-01-31 00:00:00+00:00, run_after=2025-02-01 00:00:00+00:00
[2025-01-31T00:19:23.124+0000] {processor.py:208} INFO - Processing /opt/airflow/dags/my_first_dag.py took 0.079 seconds
[2025-01-31T00:19:53.359+0000] {processor.py:186} INFO - Started process (PID=4034) to work on /opt/airflow/dags/my_first_dag.py
[2025-01-31T00:19:53.361+0000] {processor.py:914} INFO - Processing file /opt/airflow/dags/my_first_dag.py for tasks to queue
[2025-01-31T00:19:53.364+0000] {logging_mixin.py:190} INFO - [2025-01-31T00:19:53.364+0000] {dagbag.py:588} INFO - Filling up the DagBag from /opt/airflow/dags/my_first_dag.py
[2025-01-31T00:19:53.392+0000] {processor.py:925} INFO - DAG(s) 'etl_dag' retrieved from /opt/airflow/dags/my_first_dag.py
[2025-01-31T00:19:53.411+0000] {logging_mixin.py:190} INFO - [2025-01-31T00:19:53.411+0000] {dag.py:3239} INFO - Sync 1 DAGs
[2025-01-31T00:19:53.423+0000] {logging_mixin.py:190} INFO - [2025-01-31T00:19:53.423+0000] {dag.py:4180} INFO - Setting next_dagrun for etl_dag to 2025-01-31 00:00:00+00:00, run_after=2025-02-01 00:00:00+00:00
[2025-01-31T00:19:53.430+0000] {processor.py:208} INFO - Processing /opt/airflow/dags/my_first_dag.py took 0.078 seconds
[2025-01-31T00:20:23.682+0000] {processor.py:186} INFO - Started process (PID=4042) to work on /opt/airflow/dags/my_first_dag.py
[2025-01-31T00:20:23.684+0000] {processor.py:914} INFO - Processing file /opt/airflow/dags/my_first_dag.py for tasks to queue
[2025-01-31T00:20:23.688+0000] {logging_mixin.py:190} INFO - [2025-01-31T00:20:23.687+0000] {dagbag.py:588} INFO - Filling up the DagBag from /opt/airflow/dags/my_first_dag.py
[2025-01-31T00:20:23.730+0000] {processor.py:925} INFO - DAG(s) 'etl_dag' retrieved from /opt/airflow/dags/my_first_dag.py
[2025-01-31T00:20:23.757+0000] {logging_mixin.py:190} INFO - [2025-01-31T00:20:23.756+0000] {dag.py:3239} INFO - Sync 1 DAGs
[2025-01-31T00:20:23.769+0000] {logging_mixin.py:190} INFO - [2025-01-31T00:20:23.769+0000] {dag.py:4180} INFO - Setting next_dagrun for etl_dag to 2025-01-31 00:00:00+00:00, run_after=2025-02-01 00:00:00+00:00
[2025-01-31T00:20:23.777+0000] {processor.py:208} INFO - Processing /opt/airflow/dags/my_first_dag.py took 0.113 seconds
[2025-01-31T00:20:54.002+0000] {processor.py:186} INFO - Started process (PID=4049) to work on /opt/airflow/dags/my_first_dag.py
[2025-01-31T00:20:54.004+0000] {processor.py:914} INFO - Processing file /opt/airflow/dags/my_first_dag.py for tasks to queue
[2025-01-31T00:20:54.007+0000] {logging_mixin.py:190} INFO - [2025-01-31T00:20:54.007+0000] {dagbag.py:588} INFO - Filling up the DagBag from /opt/airflow/dags/my_first_dag.py
[2025-01-31T00:20:54.038+0000] {processor.py:925} INFO - DAG(s) 'etl_dag' retrieved from /opt/airflow/dags/my_first_dag.py
[2025-01-31T00:20:54.057+0000] {logging_mixin.py:190} INFO - [2025-01-31T00:20:54.057+0000] {dag.py:3239} INFO - Sync 1 DAGs
[2025-01-31T00:20:54.068+0000] {logging_mixin.py:190} INFO - [2025-01-31T00:20:54.068+0000] {dag.py:4180} INFO - Setting next_dagrun for etl_dag to 2025-01-31 00:00:00+00:00, run_after=2025-02-01 00:00:00+00:00
[2025-01-31T00:20:54.075+0000] {processor.py:208} INFO - Processing /opt/airflow/dags/my_first_dag.py took 0.082 seconds
[2025-01-31T00:21:24.382+0000] {processor.py:186} INFO - Started process (PID=4056) to work on /opt/airflow/dags/my_first_dag.py
[2025-01-31T00:21:24.384+0000] {processor.py:914} INFO - Processing file /opt/airflow/dags/my_first_dag.py for tasks to queue
[2025-01-31T00:21:24.386+0000] {logging_mixin.py:190} INFO - [2025-01-31T00:21:24.386+0000] {dagbag.py:588} INFO - Filling up the DagBag from /opt/airflow/dags/my_first_dag.py
[2025-01-31T00:21:24.419+0000] {processor.py:925} INFO - DAG(s) 'etl_dag' retrieved from /opt/airflow/dags/my_first_dag.py
[2025-01-31T00:21:24.445+0000] {logging_mixin.py:190} INFO - [2025-01-31T00:21:24.445+0000] {dag.py:3239} INFO - Sync 1 DAGs
[2025-01-31T00:21:24.463+0000] {logging_mixin.py:190} INFO - [2025-01-31T00:21:24.463+0000] {dag.py:4180} INFO - Setting next_dagrun for etl_dag to 2025-01-31 00:00:00+00:00, run_after=2025-02-01 00:00:00+00:00
[2025-01-31T00:21:24.471+0000] {processor.py:208} INFO - Processing /opt/airflow/dags/my_first_dag.py took 0.102 seconds
[2025-01-31T00:21:54.774+0000] {processor.py:186} INFO - Started process (PID=4069) to work on /opt/airflow/dags/my_first_dag.py
[2025-01-31T00:21:54.774+0000] {processor.py:914} INFO - Processing file /opt/airflow/dags/my_first_dag.py for tasks to queue
[2025-01-31T00:21:54.777+0000] {logging_mixin.py:190} INFO - [2025-01-31T00:21:54.777+0000] {dagbag.py:588} INFO - Filling up the DagBag from /opt/airflow/dags/my_first_dag.py
[2025-01-31T00:21:54.807+0000] {processor.py:925} INFO - DAG(s) 'etl_dag' retrieved from /opt/airflow/dags/my_first_dag.py
[2025-01-31T00:21:54.830+0000] {logging_mixin.py:190} INFO - [2025-01-31T00:21:54.830+0000] {dag.py:3239} INFO - Sync 1 DAGs
[2025-01-31T00:21:54.846+0000] {logging_mixin.py:190} INFO - [2025-01-31T00:21:54.846+0000] {dag.py:4180} INFO - Setting next_dagrun for etl_dag to 2025-01-31 00:00:00+00:00, run_after=2025-02-01 00:00:00+00:00
[2025-01-31T00:21:54.854+0000] {processor.py:208} INFO - Processing /opt/airflow/dags/my_first_dag.py took 0.086 seconds
[2025-01-31T00:22:25.227+0000] {processor.py:186} INFO - Started process (PID=4076) to work on /opt/airflow/dags/my_first_dag.py
[2025-01-31T00:22:25.228+0000] {processor.py:914} INFO - Processing file /opt/airflow/dags/my_first_dag.py for tasks to queue
[2025-01-31T00:22:25.230+0000] {logging_mixin.py:190} INFO - [2025-01-31T00:22:25.230+0000] {dagbag.py:588} INFO - Filling up the DagBag from /opt/airflow/dags/my_first_dag.py
[2025-01-31T00:22:25.254+0000] {processor.py:925} INFO - DAG(s) 'etl_dag' retrieved from /opt/airflow/dags/my_first_dag.py
[2025-01-31T00:22:25.273+0000] {logging_mixin.py:190} INFO - [2025-01-31T00:22:25.273+0000] {dag.py:3239} INFO - Sync 1 DAGs
[2025-01-31T00:22:25.282+0000] {logging_mixin.py:190} INFO - [2025-01-31T00:22:25.282+0000] {dag.py:4180} INFO - Setting next_dagrun for etl_dag to 2025-01-31 00:00:00+00:00, run_after=2025-02-01 00:00:00+00:00
[2025-01-31T00:22:25.289+0000] {processor.py:208} INFO - Processing /opt/airflow/dags/my_first_dag.py took 0.069 seconds
[2025-01-31T00:22:55.602+0000] {processor.py:186} INFO - Started process (PID=4083) to work on /opt/airflow/dags/my_first_dag.py
[2025-01-31T00:22:55.606+0000] {processor.py:914} INFO - Processing file /opt/airflow/dags/my_first_dag.py for tasks to queue
[2025-01-31T00:22:55.611+0000] {logging_mixin.py:190} INFO - [2025-01-31T00:22:55.610+0000] {dagbag.py:588} INFO - Filling up the DagBag from /opt/airflow/dags/my_first_dag.py
[2025-01-31T00:22:55.647+0000] {processor.py:925} INFO - DAG(s) 'etl_dag' retrieved from /opt/airflow/dags/my_first_dag.py
[2025-01-31T00:22:55.667+0000] {logging_mixin.py:190} INFO - [2025-01-31T00:22:55.667+0000] {dag.py:3239} INFO - Sync 1 DAGs
[2025-01-31T00:22:55.688+0000] {logging_mixin.py:190} INFO - [2025-01-31T00:22:55.688+0000] {dag.py:4180} INFO - Setting next_dagrun for etl_dag to 2025-01-31 00:00:00+00:00, run_after=2025-02-01 00:00:00+00:00
[2025-01-31T00:22:55.698+0000] {processor.py:208} INFO - Processing /opt/airflow/dags/my_first_dag.py took 0.108 seconds
[2025-01-31T00:23:25.941+0000] {processor.py:186} INFO - Started process (PID=4090) to work on /opt/airflow/dags/my_first_dag.py
[2025-01-31T00:23:25.943+0000] {processor.py:914} INFO - Processing file /opt/airflow/dags/my_first_dag.py for tasks to queue
[2025-01-31T00:23:25.946+0000] {logging_mixin.py:190} INFO - [2025-01-31T00:23:25.946+0000] {dagbag.py:588} INFO - Filling up the DagBag from /opt/airflow/dags/my_first_dag.py
[2025-01-31T00:23:25.974+0000] {processor.py:925} INFO - DAG(s) 'etl_dag' retrieved from /opt/airflow/dags/my_first_dag.py
[2025-01-31T00:23:25.992+0000] {logging_mixin.py:190} INFO - [2025-01-31T00:23:25.992+0000] {dag.py:3239} INFO - Sync 1 DAGs
[2025-01-31T00:23:26.003+0000] {logging_mixin.py:190} INFO - [2025-01-31T00:23:26.003+0000] {dag.py:4180} INFO - Setting next_dagrun for etl_dag to 2025-01-31 00:00:00+00:00, run_after=2025-02-01 00:00:00+00:00
[2025-01-31T00:23:26.010+0000] {processor.py:208} INFO - Processing /opt/airflow/dags/my_first_dag.py took 0.079 seconds
[2025-01-31T00:23:56.397+0000] {processor.py:186} INFO - Started process (PID=4097) to work on /opt/airflow/dags/my_first_dag.py
[2025-01-31T00:23:56.398+0000] {processor.py:914} INFO - Processing file /opt/airflow/dags/my_first_dag.py for tasks to queue
[2025-01-31T00:23:56.402+0000] {logging_mixin.py:190} INFO - [2025-01-31T00:23:56.401+0000] {dagbag.py:588} INFO - Filling up the DagBag from /opt/airflow/dags/my_first_dag.py
[2025-01-31T00:23:56.432+0000] {processor.py:925} INFO - DAG(s) 'etl_dag' retrieved from /opt/airflow/dags/my_first_dag.py
[2025-01-31T00:23:56.451+0000] {logging_mixin.py:190} INFO - [2025-01-31T00:23:56.451+0000] {dag.py:3239} INFO - Sync 1 DAGs
[2025-01-31T00:23:56.462+0000] {logging_mixin.py:190} INFO - [2025-01-31T00:23:56.462+0000] {dag.py:4180} INFO - Setting next_dagrun for etl_dag to 2025-01-31 00:00:00+00:00, run_after=2025-02-01 00:00:00+00:00
[2025-01-31T00:23:56.468+0000] {processor.py:208} INFO - Processing /opt/airflow/dags/my_first_dag.py took 0.080 seconds
[2025-01-31T00:24:26.898+0000] {processor.py:186} INFO - Started process (PID=4103) to work on /opt/airflow/dags/my_first_dag.py
[2025-01-31T00:24:26.900+0000] {processor.py:914} INFO - Processing file /opt/airflow/dags/my_first_dag.py for tasks to queue
[2025-01-31T00:24:26.903+0000] {logging_mixin.py:190} INFO - [2025-01-31T00:24:26.902+0000] {dagbag.py:588} INFO - Filling up the DagBag from /opt/airflow/dags/my_first_dag.py
[2025-01-31T00:24:26.949+0000] {processor.py:925} INFO - DAG(s) 'etl_dag' retrieved from /opt/airflow/dags/my_first_dag.py
[2025-01-31T00:24:26.988+0000] {logging_mixin.py:190} INFO - [2025-01-31T00:24:26.988+0000] {dag.py:3239} INFO - Sync 1 DAGs
[2025-01-31T00:24:27.016+0000] {logging_mixin.py:190} INFO - [2025-01-31T00:24:27.015+0000] {dag.py:4180} INFO - Setting next_dagrun for etl_dag to 2025-01-31 00:00:00+00:00, run_after=2025-02-01 00:00:00+00:00
[2025-01-31T00:24:27.028+0000] {processor.py:208} INFO - Processing /opt/airflow/dags/my_first_dag.py took 0.139 seconds
[2025-01-31T00:24:57.218+0000] {processor.py:186} INFO - Started process (PID=4110) to work on /opt/airflow/dags/my_first_dag.py
[2025-01-31T00:24:57.220+0000] {processor.py:914} INFO - Processing file /opt/airflow/dags/my_first_dag.py for tasks to queue
[2025-01-31T00:24:57.224+0000] {logging_mixin.py:190} INFO - [2025-01-31T00:24:57.224+0000] {dagbag.py:588} INFO - Filling up the DagBag from /opt/airflow/dags/my_first_dag.py
[2025-01-31T00:24:57.258+0000] {processor.py:925} INFO - DAG(s) 'etl_dag' retrieved from /opt/airflow/dags/my_first_dag.py
[2025-01-31T00:24:57.276+0000] {logging_mixin.py:190} INFO - [2025-01-31T00:24:57.276+0000] {dag.py:3239} INFO - Sync 1 DAGs
[2025-01-31T00:24:57.294+0000] {logging_mixin.py:190} INFO - [2025-01-31T00:24:57.294+0000] {dag.py:4180} INFO - Setting next_dagrun for etl_dag to 2025-01-31 00:00:00+00:00, run_after=2025-02-01 00:00:00+00:00
[2025-01-31T00:24:57.304+0000] {processor.py:208} INFO - Processing /opt/airflow/dags/my_first_dag.py took 0.095 seconds
[2025-01-31T00:25:27.580+0000] {processor.py:186} INFO - Started process (PID=4117) to work on /opt/airflow/dags/my_first_dag.py
[2025-01-31T00:25:27.582+0000] {processor.py:914} INFO - Processing file /opt/airflow/dags/my_first_dag.py for tasks to queue
[2025-01-31T00:25:27.585+0000] {logging_mixin.py:190} INFO - [2025-01-31T00:25:27.585+0000] {dagbag.py:588} INFO - Filling up the DagBag from /opt/airflow/dags/my_first_dag.py
[2025-01-31T00:25:27.622+0000] {processor.py:925} INFO - DAG(s) 'etl_dag' retrieved from /opt/airflow/dags/my_first_dag.py
[2025-01-31T00:25:27.641+0000] {logging_mixin.py:190} INFO - [2025-01-31T00:25:27.641+0000] {dag.py:3239} INFO - Sync 1 DAGs
[2025-01-31T00:25:27.655+0000] {logging_mixin.py:190} INFO - [2025-01-31T00:25:27.655+0000] {dag.py:4180} INFO - Setting next_dagrun for etl_dag to 2025-01-31 00:00:00+00:00, run_after=2025-02-01 00:00:00+00:00
[2025-01-31T00:25:27.662+0000] {processor.py:208} INFO - Processing /opt/airflow/dags/my_first_dag.py took 0.093 seconds
[2025-01-31T00:25:58.053+0000] {processor.py:186} INFO - Started process (PID=4124) to work on /opt/airflow/dags/my_first_dag.py
[2025-01-31T00:25:58.053+0000] {processor.py:914} INFO - Processing file /opt/airflow/dags/my_first_dag.py for tasks to queue
[2025-01-31T00:25:58.056+0000] {logging_mixin.py:190} INFO - [2025-01-31T00:25:58.055+0000] {dagbag.py:588} INFO - Filling up the DagBag from /opt/airflow/dags/my_first_dag.py
[2025-01-31T00:25:58.085+0000] {processor.py:925} INFO - DAG(s) 'etl_dag' retrieved from /opt/airflow/dags/my_first_dag.py
[2025-01-31T00:25:58.104+0000] {logging_mixin.py:190} INFO - [2025-01-31T00:25:58.104+0000] {dag.py:3239} INFO - Sync 1 DAGs
[2025-01-31T00:25:58.117+0000] {logging_mixin.py:190} INFO - [2025-01-31T00:25:58.117+0000] {dag.py:4180} INFO - Setting next_dagrun for etl_dag to 2025-01-31 00:00:00+00:00, run_after=2025-02-01 00:00:00+00:00
[2025-01-31T00:25:58.127+0000] {processor.py:208} INFO - Processing /opt/airflow/dags/my_first_dag.py took 0.087 seconds
[2025-01-31T00:26:28.407+0000] {processor.py:186} INFO - Started process (PID=4131) to work on /opt/airflow/dags/my_first_dag.py
[2025-01-31T00:26:28.409+0000] {processor.py:914} INFO - Processing file /opt/airflow/dags/my_first_dag.py for tasks to queue
[2025-01-31T00:26:28.412+0000] {logging_mixin.py:190} INFO - [2025-01-31T00:26:28.412+0000] {dagbag.py:588} INFO - Filling up the DagBag from /opt/airflow/dags/my_first_dag.py
[2025-01-31T00:26:28.456+0000] {processor.py:925} INFO - DAG(s) 'etl_dag' retrieved from /opt/airflow/dags/my_first_dag.py
[2025-01-31T00:26:28.478+0000] {logging_mixin.py:190} INFO - [2025-01-31T00:26:28.478+0000] {dag.py:3239} INFO - Sync 1 DAGs
[2025-01-31T00:26:28.496+0000] {logging_mixin.py:190} INFO - [2025-01-31T00:26:28.496+0000] {dag.py:4180} INFO - Setting next_dagrun for etl_dag to 2025-01-31 00:00:00+00:00, run_after=2025-02-01 00:00:00+00:00
[2025-01-31T00:26:28.505+0000] {processor.py:208} INFO - Processing /opt/airflow/dags/my_first_dag.py took 0.117 seconds
[2025-01-31T00:26:58.812+0000] {processor.py:186} INFO - Started process (PID=4138) to work on /opt/airflow/dags/my_first_dag.py
[2025-01-31T00:26:58.813+0000] {processor.py:914} INFO - Processing file /opt/airflow/dags/my_first_dag.py for tasks to queue
[2025-01-31T00:26:58.816+0000] {logging_mixin.py:190} INFO - [2025-01-31T00:26:58.816+0000] {dagbag.py:588} INFO - Filling up the DagBag from /opt/airflow/dags/my_first_dag.py
[2025-01-31T00:26:58.847+0000] {processor.py:925} INFO - DAG(s) 'etl_dag' retrieved from /opt/airflow/dags/my_first_dag.py
[2025-01-31T00:26:58.865+0000] {logging_mixin.py:190} INFO - [2025-01-31T00:26:58.865+0000] {dag.py:3239} INFO - Sync 1 DAGs
[2025-01-31T00:26:58.876+0000] {logging_mixin.py:190} INFO - [2025-01-31T00:26:58.875+0000] {dag.py:4180} INFO - Setting next_dagrun for etl_dag to 2025-01-31 00:00:00+00:00, run_after=2025-02-01 00:00:00+00:00
[2025-01-31T00:26:58.882+0000] {processor.py:208} INFO - Processing /opt/airflow/dags/my_first_dag.py took 0.080 seconds
[2025-01-31T00:27:29.131+0000] {processor.py:186} INFO - Started process (PID=4145) to work on /opt/airflow/dags/my_first_dag.py
[2025-01-31T00:27:29.132+0000] {processor.py:914} INFO - Processing file /opt/airflow/dags/my_first_dag.py for tasks to queue
[2025-01-31T00:27:29.134+0000] {logging_mixin.py:190} INFO - [2025-01-31T00:27:29.134+0000] {dagbag.py:588} INFO - Filling up the DagBag from /opt/airflow/dags/my_first_dag.py
[2025-01-31T00:27:29.161+0000] {processor.py:925} INFO - DAG(s) 'etl_dag' retrieved from /opt/airflow/dags/my_first_dag.py
[2025-01-31T00:27:29.182+0000] {logging_mixin.py:190} INFO - [2025-01-31T00:27:29.182+0000] {dag.py:3239} INFO - Sync 1 DAGs
[2025-01-31T00:27:29.193+0000] {logging_mixin.py:190} INFO - [2025-01-31T00:27:29.193+0000] {dag.py:4180} INFO - Setting next_dagrun for etl_dag to 2025-01-31 00:00:00+00:00, run_after=2025-02-01 00:00:00+00:00
[2025-01-31T00:27:29.201+0000] {processor.py:208} INFO - Processing /opt/airflow/dags/my_first_dag.py took 0.076 seconds
[2025-01-31T00:27:59.478+0000] {processor.py:186} INFO - Started process (PID=4152) to work on /opt/airflow/dags/my_first_dag.py
[2025-01-31T00:27:59.479+0000] {processor.py:914} INFO - Processing file /opt/airflow/dags/my_first_dag.py for tasks to queue
[2025-01-31T00:27:59.490+0000] {logging_mixin.py:190} INFO - [2025-01-31T00:27:59.488+0000] {dagbag.py:588} INFO - Filling up the DagBag from /opt/airflow/dags/my_first_dag.py
[2025-01-31T00:27:59.556+0000] {processor.py:925} INFO - DAG(s) 'etl_dag' retrieved from /opt/airflow/dags/my_first_dag.py
[2025-01-31T00:27:59.600+0000] {logging_mixin.py:190} INFO - [2025-01-31T00:27:59.600+0000] {dag.py:3239} INFO - Sync 1 DAGs
[2025-01-31T00:27:59.618+0000] {logging_mixin.py:190} INFO - [2025-01-31T00:27:59.618+0000] {dag.py:4180} INFO - Setting next_dagrun for etl_dag to 2025-01-31 00:00:00+00:00, run_after=2025-02-01 00:00:00+00:00
[2025-01-31T00:27:59.632+0000] {processor.py:208} INFO - Processing /opt/airflow/dags/my_first_dag.py took 0.167 seconds
[2025-01-31T00:28:29.854+0000] {processor.py:186} INFO - Started process (PID=4159) to work on /opt/airflow/dags/my_first_dag.py
[2025-01-31T00:28:29.855+0000] {processor.py:914} INFO - Processing file /opt/airflow/dags/my_first_dag.py for tasks to queue
[2025-01-31T00:28:29.857+0000] {logging_mixin.py:190} INFO - [2025-01-31T00:28:29.856+0000] {dagbag.py:588} INFO - Filling up the DagBag from /opt/airflow/dags/my_first_dag.py
[2025-01-31T00:28:29.884+0000] {processor.py:925} INFO - DAG(s) 'etl_dag' retrieved from /opt/airflow/dags/my_first_dag.py
[2025-01-31T00:28:29.904+0000] {logging_mixin.py:190} INFO - [2025-01-31T00:28:29.904+0000] {dag.py:3239} INFO - Sync 1 DAGs
[2025-01-31T00:28:29.917+0000] {logging_mixin.py:190} INFO - [2025-01-31T00:28:29.917+0000] {dag.py:4180} INFO - Setting next_dagrun for etl_dag to 2025-01-31 00:00:00+00:00, run_after=2025-02-01 00:00:00+00:00
[2025-01-31T00:28:29.925+0000] {processor.py:208} INFO - Processing /opt/airflow/dags/my_first_dag.py took 0.077 seconds
[2025-01-31T00:29:00.331+0000] {processor.py:186} INFO - Started process (PID=4166) to work on /opt/airflow/dags/my_first_dag.py
[2025-01-31T00:29:00.332+0000] {processor.py:914} INFO - Processing file /opt/airflow/dags/my_first_dag.py for tasks to queue
[2025-01-31T00:29:00.334+0000] {logging_mixin.py:190} INFO - [2025-01-31T00:29:00.334+0000] {dagbag.py:588} INFO - Filling up the DagBag from /opt/airflow/dags/my_first_dag.py
[2025-01-31T00:29:00.356+0000] {processor.py:925} INFO - DAG(s) 'etl_dag' retrieved from /opt/airflow/dags/my_first_dag.py
[2025-01-31T00:29:00.374+0000] {logging_mixin.py:190} INFO - [2025-01-31T00:29:00.374+0000] {dag.py:3239} INFO - Sync 1 DAGs
[2025-01-31T00:29:00.384+0000] {logging_mixin.py:190} INFO - [2025-01-31T00:29:00.384+0000] {dag.py:4180} INFO - Setting next_dagrun for etl_dag to 2025-01-31 00:00:00+00:00, run_after=2025-02-01 00:00:00+00:00
[2025-01-31T00:29:00.391+0000] {processor.py:208} INFO - Processing /opt/airflow/dags/my_first_dag.py took 0.065 seconds
[2025-01-31T00:29:30.694+0000] {processor.py:186} INFO - Started process (PID=4173) to work on /opt/airflow/dags/my_first_dag.py
[2025-01-31T00:29:30.694+0000] {processor.py:914} INFO - Processing file /opt/airflow/dags/my_first_dag.py for tasks to queue
[2025-01-31T00:29:30.697+0000] {logging_mixin.py:190} INFO - [2025-01-31T00:29:30.696+0000] {dagbag.py:588} INFO - Filling up the DagBag from /opt/airflow/dags/my_first_dag.py
[2025-01-31T00:29:30.720+0000] {processor.py:925} INFO - DAG(s) 'etl_dag' retrieved from /opt/airflow/dags/my_first_dag.py
[2025-01-31T00:29:30.739+0000] {logging_mixin.py:190} INFO - [2025-01-31T00:29:30.739+0000] {dag.py:3239} INFO - Sync 1 DAGs
[2025-01-31T00:29:30.749+0000] {logging_mixin.py:190} INFO - [2025-01-31T00:29:30.749+0000] {dag.py:4180} INFO - Setting next_dagrun for etl_dag to 2025-01-31 00:00:00+00:00, run_after=2025-02-01 00:00:00+00:00
[2025-01-31T00:29:30.756+0000] {processor.py:208} INFO - Processing /opt/airflow/dags/my_first_dag.py took 0.067 seconds
