[2025-01-30T19:17:49.327+0000] {local_task_job_runner.py:123} INFO - ::group::Pre task execution logs
[2025-01-30T19:17:49.333+0000] {taskinstance.py:2613} INFO - Dependencies all met for dep_context=non-requeueable deps ti=<TaskInstance: etl_dag.refine_stocks manual__2025-01-30T12:16:53-07:00 [queued]>
[2025-01-30T19:17:49.336+0000] {taskinstance.py:2613} INFO - Dependencies all met for dep_context=requeueable deps ti=<TaskInstance: etl_dag.refine_stocks manual__2025-01-30T12:16:53-07:00 [queued]>
[2025-01-30T19:17:49.336+0000] {taskinstance.py:2866} INFO - Starting attempt 1 of 1
[2025-01-30T19:17:49.341+0000] {taskinstance.py:2889} INFO - Executing <Task(BashOperator): refine_stocks> on 2025-01-30 19:16:53+00:00
[2025-01-30T19:17:49.342+0000] {standard_task_runner.py:72} INFO - Started process 454 to run task
[2025-01-30T19:17:49.344+0000] {standard_task_runner.py:104} INFO - Running: ['***', 'tasks', 'run', 'etl_dag', 'refine_stocks', 'manual__2025-01-30T12:16:53-07:00', '--job-id', '73', '--raw', '--subdir', 'DAGS_FOLDER/my_first_dag.py', '--cfg-path', '/tmp/tmpggdohw2n']
[2025-01-30T19:17:49.345+0000] {standard_task_runner.py:105} INFO - Job 73: Subtask refine_stocks
[2025-01-30T19:17:49.362+0000] {task_command.py:467} INFO - Running <TaskInstance: etl_dag.refine_stocks manual__2025-01-30T12:16:53-07:00 [running]> on host 48308722451a
[2025-01-30T19:17:49.392+0000] {taskinstance.py:3132} INFO - Exporting env vars: AIRFLOW_CTX_DAG_OWNER='***' AIRFLOW_CTX_DAG_ID='etl_dag' AIRFLOW_CTX_TASK_ID='refine_stocks' AIRFLOW_CTX_EXECUTION_DATE='2025-01-30T19:16:53+00:00' AIRFLOW_CTX_TRY_NUMBER='1' AIRFLOW_CTX_DAG_RUN_ID='manual__2025-01-30T12:16:53-07:00'
[2025-01-30T19:17:49.392+0000] {taskinstance.py:731} INFO - ::endgroup::
[2025-01-30T19:17:49.397+0000] {subprocess.py:78} INFO - Tmp dir root location: /tmp
[2025-01-30T19:17:49.397+0000] {subprocess.py:88} INFO - Running command: ['/usr/bin/bash', '-c', 'python3 /opt/***/data_collection/treat_stocks.py --data_lake_path $DATA_LAKE_PATH']
[2025-01-30T19:17:49.401+0000] {subprocess.py:99} INFO - Output:
[2025-01-30T19:17:49.819+0000] {subprocess.py:106} INFO - /opt/***/data_lake/refined/parquet/stocks
[2025-01-30T19:17:49.819+0000] {subprocess.py:106} INFO - date              Int64
[2025-01-30T19:17:49.820+0000] {subprocess.py:106} INFO - open            float64
[2025-01-30T19:17:49.820+0000] {subprocess.py:106} INFO - high            float64
[2025-01-30T19:17:49.820+0000] {subprocess.py:106} INFO - low             float64
[2025-01-30T19:17:49.820+0000] {subprocess.py:106} INFO - close           float64
[2025-01-30T19:17:49.820+0000] {subprocess.py:106} INFO - volume          float64
[2025-01-30T19:17:49.820+0000] {subprocess.py:106} INFO - ticker_name      object
[2025-01-30T19:17:49.820+0000] {subprocess.py:106} INFO - collect_date      Int64
[2025-01-30T19:17:49.821+0000] {subprocess.py:106} INFO - dtype: object
[2025-01-30T19:17:49.852+0000] {subprocess.py:110} INFO - Command exited with return code 0
[2025-01-30T19:17:49.863+0000] {taskinstance.py:340} INFO - ::group::Post task execution logs
[2025-01-30T19:17:49.864+0000] {taskinstance.py:352} INFO - Marking task as SUCCESS. dag_id=etl_dag, task_id=refine_stocks, run_id=manual__2025-01-30T12:16:53-07:00, execution_date=20250130T191653, start_date=20250130T191749, end_date=20250130T191749
[2025-01-30T19:17:49.906+0000] {local_task_job_runner.py:266} INFO - Task exited with return code 0
[2025-01-30T19:17:49.913+0000] {taskinstance.py:3895} INFO - 0 downstream tasks scheduled from follow-on schedule check
[2025-01-30T19:17:49.913+0000] {local_task_job_runner.py:245} INFO - ::endgroup::
