[2025-01-30T19:16:39.769+0000] {local_task_job_runner.py:123} INFO - ::group::Pre task execution logs
[2025-01-30T19:16:39.776+0000] {taskinstance.py:2613} INFO - Dependencies all met for dep_context=non-requeueable deps ti=<TaskInstance: etl_dag.refine_stocks manual__2025-01-30T12:13:05-07:00 [queued]>
[2025-01-30T19:16:39.779+0000] {taskinstance.py:2613} INFO - Dependencies all met for dep_context=requeueable deps ti=<TaskInstance: etl_dag.refine_stocks manual__2025-01-30T12:13:05-07:00 [queued]>
[2025-01-30T19:16:39.779+0000] {taskinstance.py:2866} INFO - Starting attempt 2 of 2
[2025-01-30T19:16:39.784+0000] {taskinstance.py:2889} INFO - Executing <Task(BashOperator): refine_stocks> on 2025-01-30 19:13:05+00:00
[2025-01-30T19:16:39.786+0000] {standard_task_runner.py:72} INFO - Started process 364 to run task
[2025-01-30T19:16:39.788+0000] {standard_task_runner.py:104} INFO - Running: ['***', 'tasks', 'run', 'etl_dag', 'refine_stocks', 'manual__2025-01-30T12:13:05-07:00', '--job-id', '68', '--raw', '--subdir', 'DAGS_FOLDER/my_first_dag.py', '--cfg-path', '/tmp/tmpifp5ykel']
[2025-01-30T19:16:39.789+0000] {standard_task_runner.py:105} INFO - Job 68: Subtask refine_stocks
[2025-01-30T19:16:39.807+0000] {task_command.py:467} INFO - Running <TaskInstance: etl_dag.refine_stocks manual__2025-01-30T12:13:05-07:00 [running]> on host 48308722451a
[2025-01-30T19:16:39.849+0000] {taskinstance.py:3132} INFO - Exporting env vars: AIRFLOW_CTX_DAG_OWNER='***' AIRFLOW_CTX_DAG_ID='etl_dag' AIRFLOW_CTX_TASK_ID='refine_stocks' AIRFLOW_CTX_EXECUTION_DATE='2025-01-30T19:13:05+00:00' AIRFLOW_CTX_TRY_NUMBER='2' AIRFLOW_CTX_DAG_RUN_ID='manual__2025-01-30T12:13:05-07:00'
[2025-01-30T19:16:39.850+0000] {taskinstance.py:731} INFO - ::endgroup::
[2025-01-30T19:16:39.860+0000] {subprocess.py:78} INFO - Tmp dir root location: /tmp
[2025-01-30T19:16:39.861+0000] {subprocess.py:88} INFO - Running command: ['/usr/bin/bash', '-c', 'python3 /opt/***/data_collection/treat_stocks.py --data_lake_path $DATA_LAKE_PATH']
[2025-01-30T19:16:39.864+0000] {subprocess.py:99} INFO - Output:
[2025-01-30T19:16:40.297+0000] {subprocess.py:106} INFO - /opt/***/data_lake/refined/parquet/stocks
[2025-01-30T19:16:40.297+0000] {subprocess.py:106} INFO - date              Int64
[2025-01-30T19:16:40.297+0000] {subprocess.py:106} INFO - open            float64
[2025-01-30T19:16:40.297+0000] {subprocess.py:106} INFO - high            float64
[2025-01-30T19:16:40.297+0000] {subprocess.py:106} INFO - low             float64
[2025-01-30T19:16:40.298+0000] {subprocess.py:106} INFO - close           float64
[2025-01-30T19:16:40.298+0000] {subprocess.py:106} INFO - volume          float64
[2025-01-30T19:16:40.298+0000] {subprocess.py:106} INFO - ticker_name      object
[2025-01-30T19:16:40.298+0000] {subprocess.py:106} INFO - collect_date      Int64
[2025-01-30T19:16:40.298+0000] {subprocess.py:106} INFO - dtype: object
[2025-01-30T19:16:40.330+0000] {subprocess.py:110} INFO - Command exited with return code 0
[2025-01-30T19:16:40.340+0000] {taskinstance.py:340} INFO - ::group::Post task execution logs
[2025-01-30T19:16:40.340+0000] {taskinstance.py:352} INFO - Marking task as SUCCESS. dag_id=etl_dag, task_id=refine_stocks, run_id=manual__2025-01-30T12:13:05-07:00, execution_date=20250130T191305, start_date=20250130T191639, end_date=20250130T191640
[2025-01-30T19:16:40.385+0000] {local_task_job_runner.py:266} INFO - Task exited with return code 0
[2025-01-30T19:16:40.393+0000] {taskinstance.py:3895} INFO - 0 downstream tasks scheduled from follow-on schedule check
[2025-01-30T19:16:40.394+0000] {local_task_job_runner.py:245} INFO - ::endgroup::
