[2025-01-30T19:16:30.803+0000] {local_task_job_runner.py:123} INFO - ::group::Pre task execution logs
[2025-01-30T19:16:30.811+0000] {taskinstance.py:2613} INFO - Dependencies all met for dep_context=non-requeueable deps ti=<TaskInstance: etl_dag.collect_raw_stocks manual__2025-01-30T12:13:05-07:00 [queued]>
[2025-01-30T19:16:30.815+0000] {taskinstance.py:2613} INFO - Dependencies all met for dep_context=requeueable deps ti=<TaskInstance: etl_dag.collect_raw_stocks manual__2025-01-30T12:13:05-07:00 [queued]>
[2025-01-30T19:16:30.815+0000] {taskinstance.py:2866} INFO - Starting attempt 2 of 2
[2025-01-30T19:16:30.821+0000] {taskinstance.py:2889} INFO - Executing <Task(BashOperator): collect_raw_stocks> on 2025-01-30 19:13:05+00:00
[2025-01-30T19:16:30.823+0000] {standard_task_runner.py:72} INFO - Started process 328 to run task
[2025-01-30T19:16:30.826+0000] {standard_task_runner.py:104} INFO - Running: ['***', 'tasks', 'run', 'etl_dag', 'collect_raw_stocks', 'manual__2025-01-30T12:13:05-07:00', '--job-id', '66', '--raw', '--subdir', 'DAGS_FOLDER/my_first_dag.py', '--cfg-path', '/tmp/tmpmz20w75q']
[2025-01-30T19:16:30.827+0000] {standard_task_runner.py:105} INFO - Job 66: Subtask collect_raw_stocks
[2025-01-30T19:16:30.848+0000] {task_command.py:467} INFO - Running <TaskInstance: etl_dag.collect_raw_stocks manual__2025-01-30T12:13:05-07:00 [running]> on host 48308722451a
[2025-01-30T19:16:30.886+0000] {taskinstance.py:3132} INFO - Exporting env vars: AIRFLOW_CTX_DAG_OWNER='***' AIRFLOW_CTX_DAG_ID='etl_dag' AIRFLOW_CTX_TASK_ID='collect_raw_stocks' AIRFLOW_CTX_EXECUTION_DATE='2025-01-30T19:13:05+00:00' AIRFLOW_CTX_TRY_NUMBER='2' AIRFLOW_CTX_DAG_RUN_ID='manual__2025-01-30T12:13:05-07:00'
[2025-01-30T19:16:30.887+0000] {taskinstance.py:731} INFO - ::endgroup::
[2025-01-30T19:16:30.892+0000] {subprocess.py:78} INFO - Tmp dir root location: /tmp
[2025-01-30T19:16:30.893+0000] {subprocess.py:88} INFO - Running command: ['/usr/bin/bash', '-c', 'python3 /opt/***/data_collection/collect_stocks.py --data_lake_path $DATA_LAKE_PATH --stock_tickers $STOCK_TICKERS --execution_date $EXECUTION_DATE']
[2025-01-30T19:16:30.897+0000] {subprocess.py:99} INFO - Output:
[2025-01-30T19:16:33.784+0000] {subprocess.py:106} INFO - "AAPL": No timezone found, symbol may be delisted
[2025-01-30T19:16:34.673+0000] {subprocess.py:106} INFO - Could not get exchangeTimezoneName for ticker '' reason: 'chart'
[2025-01-30T19:16:34.674+0000] {subprocess.py:106} INFO - : No timezone found, symbol may be delisted
[2025-01-30T19:16:35.543+0000] {subprocess.py:106} INFO - "MSFT": No timezone found, symbol may be delisted
[2025-01-30T19:16:35.547+0000] {subprocess.py:106} INFO - Could not get exchangeTimezoneName for ticker '' reason: 'chart'
[2025-01-30T19:16:35.549+0000] {subprocess.py:106} INFO - : No timezone found, symbol may be delisted
[2025-01-30T19:16:36.459+0000] {subprocess.py:106} INFO - "AMZN": No timezone found, symbol may be delisted
[2025-01-30T19:16:36.464+0000] {subprocess.py:106} INFO - Could not get exchangeTimezoneName for ticker '' reason: 'chart'
[2025-01-30T19:16:36.465+0000] {subprocess.py:106} INFO - : No timezone found, symbol may be delisted
[2025-01-30T19:16:37.334+0000] {subprocess.py:106} INFO - "META": No timezone found, symbol may be delisted
[2025-01-30T19:16:37.340+0000] {subprocess.py:106} INFO - Could not get exchangeTimezoneName for ticker '' reason: 'chart'
[2025-01-30T19:16:37.341+0000] {subprocess.py:106} INFO - : No timezone found, symbol may be delisted
[2025-01-30T19:16:38.231+0000] {subprocess.py:106} INFO - "NFLX": No timezone found, symbol may be delisted
[2025-01-30T19:16:38.235+0000] {subprocess.py:106} INFO - Could not get exchangeTimezoneName for ticker '' reason: 'chart'
[2025-01-30T19:16:38.235+0000] {subprocess.py:106} INFO - : No timezone found, symbol may be delisted
[2025-01-30T19:16:39.129+0000] {subprocess.py:106} INFO - "GOOG": No timezone found, symbol may be delisted
[2025-01-30T19:16:39.135+0000] {subprocess.py:106} INFO - Namespace(data_lake_path='/opt/***/data_lake/', stock_tickers='"AAPL",,"MSFT",,"AMZN",,"META",,"NFLX",,"GOOG"', execution_date='2025-01-30')
[2025-01-30T19:16:39.137+0000] {subprocess.py:106} INFO - Empty DataFrame
[2025-01-30T19:16:39.137+0000] {subprocess.py:106} INFO - Columns: [Open, High, Low, Close, Adj Close, Volume]
[2025-01-30T19:16:39.138+0000] {subprocess.py:106} INFO - Index: []
[2025-01-30T19:16:39.139+0000] {subprocess.py:106} INFO - /opt/***/data_lake/raw/csv/20250130_stock_"AAPL"
[2025-01-30T19:16:39.139+0000] {subprocess.py:106} INFO - Empty DataFrame
[2025-01-30T19:16:39.140+0000] {subprocess.py:106} INFO - Columns: [Open, High, Low, Close, Adj Close, Volume]
[2025-01-30T19:16:39.140+0000] {subprocess.py:106} INFO - Index: []
[2025-01-30T19:16:39.141+0000] {subprocess.py:106} INFO - /opt/***/data_lake/raw/csv/20250130_stock_
[2025-01-30T19:16:39.142+0000] {subprocess.py:106} INFO - Empty DataFrame
[2025-01-30T19:16:39.142+0000] {subprocess.py:106} INFO - Columns: [Open, High, Low, Close, Adj Close, Volume]
[2025-01-30T19:16:39.143+0000] {subprocess.py:106} INFO - Index: []
[2025-01-30T19:16:39.143+0000] {subprocess.py:106} INFO - /opt/***/data_lake/raw/csv/20250130_stock_"MSFT"
[2025-01-30T19:16:39.144+0000] {subprocess.py:106} INFO - Empty DataFrame
[2025-01-30T19:16:39.144+0000] {subprocess.py:106} INFO - Columns: [Open, High, Low, Close, Adj Close, Volume]
[2025-01-30T19:16:39.145+0000] {subprocess.py:106} INFO - Index: []
[2025-01-30T19:16:39.145+0000] {subprocess.py:106} INFO - /opt/***/data_lake/raw/csv/20250130_stock_
[2025-01-30T19:16:39.146+0000] {subprocess.py:106} INFO - Empty DataFrame
[2025-01-30T19:16:39.146+0000] {subprocess.py:106} INFO - Columns: [Open, High, Low, Close, Adj Close, Volume]
[2025-01-30T19:16:39.147+0000] {subprocess.py:106} INFO - Index: []
[2025-01-30T19:16:39.147+0000] {subprocess.py:106} INFO - /opt/***/data_lake/raw/csv/20250130_stock_"AMZN"
[2025-01-30T19:16:39.147+0000] {subprocess.py:106} INFO - Empty DataFrame
[2025-01-30T19:16:39.148+0000] {subprocess.py:106} INFO - Columns: [Open, High, Low, Close, Adj Close, Volume]
[2025-01-30T19:16:39.148+0000] {subprocess.py:106} INFO - Index: []
[2025-01-30T19:16:39.148+0000] {subprocess.py:106} INFO - /opt/***/data_lake/raw/csv/20250130_stock_
[2025-01-30T19:16:39.149+0000] {subprocess.py:106} INFO - Empty DataFrame
[2025-01-30T19:16:39.149+0000] {subprocess.py:106} INFO - Columns: [Open, High, Low, Close, Adj Close, Volume]
[2025-01-30T19:16:39.149+0000] {subprocess.py:106} INFO - Index: []
[2025-01-30T19:16:39.150+0000] {subprocess.py:106} INFO - /opt/***/data_lake/raw/csv/20250130_stock_"META"
[2025-01-30T19:16:39.150+0000] {subprocess.py:106} INFO - Empty DataFrame
[2025-01-30T19:16:39.150+0000] {subprocess.py:106} INFO - Columns: [Open, High, Low, Close, Adj Close, Volume]
[2025-01-30T19:16:39.151+0000] {subprocess.py:106} INFO - Index: []
[2025-01-30T19:16:39.151+0000] {subprocess.py:106} INFO - /opt/***/data_lake/raw/csv/20250130_stock_
[2025-01-30T19:16:39.151+0000] {subprocess.py:106} INFO - Empty DataFrame
[2025-01-30T19:16:39.152+0000] {subprocess.py:106} INFO - Columns: [Open, High, Low, Close, Adj Close, Volume]
[2025-01-30T19:16:39.152+0000] {subprocess.py:106} INFO - Index: []
[2025-01-30T19:16:39.152+0000] {subprocess.py:106} INFO - /opt/***/data_lake/raw/csv/20250130_stock_"NFLX"
[2025-01-30T19:16:39.152+0000] {subprocess.py:106} INFO - Empty DataFrame
[2025-01-30T19:16:39.153+0000] {subprocess.py:106} INFO - Columns: [Open, High, Low, Close, Adj Close, Volume]
[2025-01-30T19:16:39.153+0000] {subprocess.py:106} INFO - Index: []
[2025-01-30T19:16:39.153+0000] {subprocess.py:106} INFO - /opt/***/data_lake/raw/csv/20250130_stock_
[2025-01-30T19:16:39.154+0000] {subprocess.py:106} INFO - Empty DataFrame
[2025-01-30T19:16:39.154+0000] {subprocess.py:106} INFO - Columns: [Open, High, Low, Close, Adj Close, Volume]
[2025-01-30T19:16:39.154+0000] {subprocess.py:106} INFO - Index: []
[2025-01-30T19:16:39.155+0000] {subprocess.py:106} INFO - /opt/***/data_lake/raw/csv/20250130_stock_"GOOG"
[2025-01-30T19:16:39.216+0000] {subprocess.py:110} INFO - Command exited with return code 0
[2025-01-30T19:16:39.228+0000] {taskinstance.py:340} INFO - ::group::Post task execution logs
[2025-01-30T19:16:39.229+0000] {taskinstance.py:352} INFO - Marking task as SUCCESS. dag_id=etl_dag, task_id=collect_raw_stocks, run_id=manual__2025-01-30T12:13:05-07:00, execution_date=20250130T191305, start_date=20250130T191630, end_date=20250130T191639
[2025-01-30T19:16:39.255+0000] {local_task_job_runner.py:266} INFO - Task exited with return code 0
[2025-01-30T19:16:39.264+0000] {taskinstance.py:3895} INFO - 1 downstream tasks scheduled from follow-on schedule check
[2025-01-30T19:16:39.264+0000] {local_task_job_runner.py:245} INFO - ::endgroup::
