[2025-01-30T19:13:35.224+0000] {local_task_job_runner.py:123} INFO - ::group::Pre task execution logs
[2025-01-30T19:13:35.233+0000] {taskinstance.py:2613} INFO - Dependencies all met for dep_context=non-requeueable deps ti=<TaskInstance: etl_dag.collect_raw_stocks manual__2025-01-30T12:13:05-07:00 [queued]>
[2025-01-30T19:13:35.240+0000] {taskinstance.py:2613} INFO - Dependencies all met for dep_context=requeueable deps ti=<TaskInstance: etl_dag.collect_raw_stocks manual__2025-01-30T12:13:05-07:00 [queued]>
[2025-01-30T19:13:35.240+0000] {taskinstance.py:2866} INFO - Starting attempt 1 of 1
[2025-01-30T19:13:35.247+0000] {taskinstance.py:2889} INFO - Executing <Task(BashOperator): collect_raw_stocks> on 2025-01-30 19:13:05+00:00
[2025-01-30T19:13:35.250+0000] {standard_task_runner.py:72} INFO - Started process 223 to run task
[2025-01-30T19:13:35.255+0000] {standard_task_runner.py:104} INFO - Running: ['***', 'tasks', 'run', 'etl_dag', 'collect_raw_stocks', 'manual__2025-01-30T12:13:05-07:00', '--job-id', '63', '--raw', '--subdir', 'DAGS_FOLDER/my_first_dag.py', '--cfg-path', '/tmp/tmpbzfi8m3d']
[2025-01-30T19:13:35.256+0000] {standard_task_runner.py:105} INFO - Job 63: Subtask collect_raw_stocks
[2025-01-30T19:13:35.291+0000] {task_command.py:467} INFO - Running <TaskInstance: etl_dag.collect_raw_stocks manual__2025-01-30T12:13:05-07:00 [running]> on host 48308722451a
[2025-01-30T19:13:35.335+0000] {taskinstance.py:3132} INFO - Exporting env vars: AIRFLOW_CTX_DAG_OWNER='***' AIRFLOW_CTX_DAG_ID='etl_dag' AIRFLOW_CTX_TASK_ID='collect_raw_stocks' AIRFLOW_CTX_EXECUTION_DATE='2025-01-30T19:13:05+00:00' AIRFLOW_CTX_TRY_NUMBER='1' AIRFLOW_CTX_DAG_RUN_ID='manual__2025-01-30T12:13:05-07:00'
[2025-01-30T19:13:35.335+0000] {taskinstance.py:731} INFO - ::endgroup::
[2025-01-30T19:13:35.344+0000] {subprocess.py:78} INFO - Tmp dir root location: /tmp
[2025-01-30T19:13:35.344+0000] {subprocess.py:88} INFO - Running command: ['/usr/bin/bash', '-c', 'python3 /opt/***/data_collection/collect_stocks.py --data_lake_path $DATA_LAKE_PATH --stock_tickers $STOCK_TICKERS --execution_date $EXECUTION_DATE']
[2025-01-30T19:13:35.350+0000] {subprocess.py:99} INFO - Output:
[2025-01-30T19:13:39.607+0000] {subprocess.py:106} INFO - "AAPL": No timezone found, symbol may be delisted
[2025-01-30T19:13:40.477+0000] {subprocess.py:106} INFO - Could not get exchangeTimezoneName for ticker '' reason: 'chart'
[2025-01-30T19:13:40.478+0000] {subprocess.py:106} INFO - : No timezone found, symbol may be delisted
[2025-01-30T19:13:41.397+0000] {subprocess.py:106} INFO - "MSFT": No timezone found, symbol may be delisted
[2025-01-30T19:13:41.398+0000] {subprocess.py:106} INFO - Could not get exchangeTimezoneName for ticker '' reason: 'chart'
[2025-01-30T19:13:41.398+0000] {subprocess.py:106} INFO - : No timezone found, symbol may be delisted
[2025-01-30T19:13:42.289+0000] {subprocess.py:106} INFO - "AMZN": No timezone found, symbol may be delisted
[2025-01-30T19:13:42.292+0000] {subprocess.py:106} INFO - Could not get exchangeTimezoneName for ticker '' reason: 'chart'
[2025-01-30T19:13:42.292+0000] {subprocess.py:106} INFO - : No timezone found, symbol may be delisted
[2025-01-30T19:13:43.620+0000] {subprocess.py:106} INFO - "META": No timezone found, symbol may be delisted
[2025-01-30T19:13:43.627+0000] {subprocess.py:106} INFO - Could not get exchangeTimezoneName for ticker '' reason: 'chart'
[2025-01-30T19:13:43.628+0000] {subprocess.py:106} INFO - : No timezone found, symbol may be delisted
[2025-01-30T19:13:44.489+0000] {subprocess.py:106} INFO - "NFLX": No timezone found, symbol may be delisted
[2025-01-30T19:13:44.497+0000] {subprocess.py:106} INFO - Could not get exchangeTimezoneName for ticker '' reason: 'chart'
[2025-01-30T19:13:44.498+0000] {subprocess.py:106} INFO - : No timezone found, symbol may be delisted
[2025-01-30T19:13:45.626+0000] {subprocess.py:106} INFO - "GOOG": No timezone found, symbol may be delisted
[2025-01-30T19:13:45.632+0000] {subprocess.py:106} INFO - Namespace(data_lake_path='/opt/***/data_lake/', stock_tickers='"AAPL",,"MSFT",,"AMZN",,"META",,"NFLX",,"GOOG"', execution_date='2025-01-30')
[2025-01-30T19:13:45.633+0000] {subprocess.py:106} INFO - Empty DataFrame
[2025-01-30T19:13:45.633+0000] {subprocess.py:106} INFO - Columns: [Open, High, Low, Close, Adj Close, Volume]
[2025-01-30T19:13:45.635+0000] {subprocess.py:106} INFO - Index: []
[2025-01-30T19:13:45.636+0000] {subprocess.py:106} INFO - /opt/***/data_lake/raw/csv/20250130_stock_"AAPL"
[2025-01-30T19:13:45.639+0000] {subprocess.py:106} INFO - Empty DataFrame
[2025-01-30T19:13:45.640+0000] {subprocess.py:106} INFO - Columns: [Open, High, Low, Close, Adj Close, Volume]
[2025-01-30T19:13:45.640+0000] {subprocess.py:106} INFO - Index: []
[2025-01-30T19:13:45.641+0000] {subprocess.py:106} INFO - /opt/***/data_lake/raw/csv/20250130_stock_
[2025-01-30T19:13:45.641+0000] {subprocess.py:106} INFO - Empty DataFrame
[2025-01-30T19:13:45.642+0000] {subprocess.py:106} INFO - Columns: [Open, High, Low, Close, Adj Close, Volume]
[2025-01-30T19:13:45.642+0000] {subprocess.py:106} INFO - Index: []
[2025-01-30T19:13:45.644+0000] {subprocess.py:106} INFO - /opt/***/data_lake/raw/csv/20250130_stock_"MSFT"
[2025-01-30T19:13:45.644+0000] {subprocess.py:106} INFO - Empty DataFrame
[2025-01-30T19:13:45.645+0000] {subprocess.py:106} INFO - Columns: [Open, High, Low, Close, Adj Close, Volume]
[2025-01-30T19:13:45.645+0000] {subprocess.py:106} INFO - Index: []
[2025-01-30T19:13:45.646+0000] {subprocess.py:106} INFO - /opt/***/data_lake/raw/csv/20250130_stock_
[2025-01-30T19:13:45.646+0000] {subprocess.py:106} INFO - Empty DataFrame
[2025-01-30T19:13:45.647+0000] {subprocess.py:106} INFO - Columns: [Open, High, Low, Close, Adj Close, Volume]
[2025-01-30T19:13:45.647+0000] {subprocess.py:106} INFO - Index: []
[2025-01-30T19:13:45.648+0000] {subprocess.py:106} INFO - /opt/***/data_lake/raw/csv/20250130_stock_"AMZN"
[2025-01-30T19:13:45.649+0000] {subprocess.py:106} INFO - Empty DataFrame
[2025-01-30T19:13:45.650+0000] {subprocess.py:106} INFO - Columns: [Open, High, Low, Close, Adj Close, Volume]
[2025-01-30T19:13:45.650+0000] {subprocess.py:106} INFO - Index: []
[2025-01-30T19:13:45.651+0000] {subprocess.py:106} INFO - /opt/***/data_lake/raw/csv/20250130_stock_
[2025-01-30T19:13:45.651+0000] {subprocess.py:106} INFO - Empty DataFrame
[2025-01-30T19:13:45.652+0000] {subprocess.py:106} INFO - Columns: [Open, High, Low, Close, Adj Close, Volume]
[2025-01-30T19:13:45.655+0000] {subprocess.py:106} INFO - Index: []
[2025-01-30T19:13:45.656+0000] {subprocess.py:106} INFO - /opt/***/data_lake/raw/csv/20250130_stock_"META"
[2025-01-30T19:13:45.656+0000] {subprocess.py:106} INFO - Empty DataFrame
[2025-01-30T19:13:45.656+0000] {subprocess.py:106} INFO - Columns: [Open, High, Low, Close, Adj Close, Volume]
[2025-01-30T19:13:45.657+0000] {subprocess.py:106} INFO - Index: []
[2025-01-30T19:13:45.657+0000] {subprocess.py:106} INFO - /opt/***/data_lake/raw/csv/20250130_stock_
[2025-01-30T19:13:45.657+0000] {subprocess.py:106} INFO - Empty DataFrame
[2025-01-30T19:13:45.658+0000] {subprocess.py:106} INFO - Columns: [Open, High, Low, Close, Adj Close, Volume]
[2025-01-30T19:13:45.658+0000] {subprocess.py:106} INFO - Index: []
[2025-01-30T19:13:45.658+0000] {subprocess.py:106} INFO - /opt/***/data_lake/raw/csv/20250130_stock_"NFLX"
[2025-01-30T19:13:45.659+0000] {subprocess.py:106} INFO - Empty DataFrame
[2025-01-30T19:13:45.659+0000] {subprocess.py:106} INFO - Columns: [Open, High, Low, Close, Adj Close, Volume]
[2025-01-30T19:13:45.659+0000] {subprocess.py:106} INFO - Index: []
[2025-01-30T19:13:45.660+0000] {subprocess.py:106} INFO - /opt/***/data_lake/raw/csv/20250130_stock_
[2025-01-30T19:13:45.660+0000] {subprocess.py:106} INFO - Empty DataFrame
[2025-01-30T19:13:45.660+0000] {subprocess.py:106} INFO - Columns: [Open, High, Low, Close, Adj Close, Volume]
[2025-01-30T19:13:45.661+0000] {subprocess.py:106} INFO - Index: []
[2025-01-30T19:13:45.661+0000] {subprocess.py:106} INFO - /opt/***/data_lake/raw/csv/20250130_stock_"GOOG"
[2025-01-30T19:13:45.750+0000] {subprocess.py:110} INFO - Command exited with return code 0
[2025-01-30T19:13:45.770+0000] {taskinstance.py:340} INFO - ::group::Post task execution logs
[2025-01-30T19:13:45.771+0000] {taskinstance.py:352} INFO - Marking task as SUCCESS. dag_id=etl_dag, task_id=collect_raw_stocks, run_id=manual__2025-01-30T12:13:05-07:00, execution_date=20250130T191305, start_date=20250130T191335, end_date=20250130T191345
[2025-01-30T19:13:45.783+0000] {local_task_job_runner.py:266} INFO - Task exited with return code 0
[2025-01-30T19:13:45.805+0000] {taskinstance.py:3895} INFO - 1 downstream tasks scheduled from follow-on schedule check
[2025-01-30T19:13:45.807+0000] {local_task_job_runner.py:245} INFO - ::endgroup::
