[2025-01-30T19:35:45.516+0000] {local_task_job_runner.py:123} INFO - ::group::Pre task execution logs
[2025-01-30T19:35:45.524+0000] {taskinstance.py:2613} INFO - Dependencies all met for dep_context=non-requeueable deps ti=<TaskInstance: etl_dag.refine_books manual__2025-01-30T12:34:42-07:00 [queued]>
[2025-01-30T19:35:45.528+0000] {taskinstance.py:2613} INFO - Dependencies all met for dep_context=requeueable deps ti=<TaskInstance: etl_dag.refine_books manual__2025-01-30T12:34:42-07:00 [queued]>
[2025-01-30T19:35:45.528+0000] {taskinstance.py:2866} INFO - Starting attempt 1 of 1
[2025-01-30T19:35:45.533+0000] {taskinstance.py:2889} INFO - Executing <Task(BashOperator): refine_books> on 2025-01-30 19:34:42+00:00
[2025-01-30T19:35:45.535+0000] {standard_task_runner.py:72} INFO - Started process 228 to run task
[2025-01-30T19:35:45.538+0000] {standard_task_runner.py:104} INFO - Running: ['***', 'tasks', 'run', 'etl_dag', 'refine_books', 'manual__2025-01-30T12:34:42-07:00', '--job-id', '88', '--raw', '--subdir', 'DAGS_FOLDER/my_first_dag.py', '--cfg-path', '/tmp/tmpbsbpbsmi']
[2025-01-30T19:35:45.538+0000] {standard_task_runner.py:105} INFO - Job 88: Subtask refine_books
[2025-01-30T19:35:45.562+0000] {task_command.py:467} INFO - Running <TaskInstance: etl_dag.refine_books manual__2025-01-30T12:34:42-07:00 [running]> on host 48308722451a
[2025-01-30T19:35:45.598+0000] {taskinstance.py:3132} INFO - Exporting env vars: AIRFLOW_CTX_DAG_OWNER='***' AIRFLOW_CTX_DAG_ID='etl_dag' AIRFLOW_CTX_TASK_ID='refine_books' AIRFLOW_CTX_EXECUTION_DATE='2025-01-30T19:34:42+00:00' AIRFLOW_CTX_TRY_NUMBER='1' AIRFLOW_CTX_DAG_RUN_ID='manual__2025-01-30T12:34:42-07:00'
[2025-01-30T19:35:45.599+0000] {taskinstance.py:731} INFO - ::endgroup::
[2025-01-30T19:35:45.605+0000] {subprocess.py:78} INFO - Tmp dir root location: /tmp
[2025-01-30T19:35:45.605+0000] {subprocess.py:88} INFO - Running command: ['/usr/bin/bash', '-c', 'python3 /opt/***/data_collection/treat_books.py --data_lake_path $DATA_LAKE_PATH']
[2025-01-30T19:35:45.610+0000] {subprocess.py:99} INFO - Output:
[2025-01-30T19:35:46.030+0000] {subprocess.py:106} INFO - No item
[2025-01-30T19:35:46.030+0000] {subprocess.py:106} INFO - /opt/***/data_lake/refined/parquet/books
[2025-01-30T19:35:46.030+0000] {subprocess.py:106} INFO - id                  object
[2025-01-30T19:35:46.030+0000] {subprocess.py:106} INFO - title               object
[2025-01-30T19:35:46.031+0000] {subprocess.py:106} INFO - subtitle            object
[2025-01-30T19:35:46.031+0000] {subprocess.py:106} INFO - number_of_pages    float64
[2025-01-30T19:35:46.031+0000] {subprocess.py:106} INFO - publish_date        object
[2025-01-30T19:35:46.031+0000] {subprocess.py:106} INFO - publish_country     object
[2025-01-30T19:35:46.031+0000] {subprocess.py:106} INFO - by_statement        object
[2025-01-30T19:35:46.031+0000] {subprocess.py:106} INFO - publish_places      object
[2025-01-30T19:35:46.031+0000] {subprocess.py:106} INFO - publishers          object
[2025-01-30T19:35:46.032+0000] {subprocess.py:106} INFO - authors_uri         object
[2025-01-30T19:35:46.032+0000] {subprocess.py:106} INFO - collect_date        object
[2025-01-30T19:35:46.032+0000] {subprocess.py:106} INFO - dtype: object
[2025-01-30T19:35:46.032+0000] {subprocess.py:106} INFO - id                  object
[2025-01-30T19:35:46.032+0000] {subprocess.py:106} INFO - title               object
[2025-01-30T19:35:46.032+0000] {subprocess.py:106} INFO - subtitle            object
[2025-01-30T19:35:46.032+0000] {subprocess.py:106} INFO - number_of_pages    float64
[2025-01-30T19:35:46.032+0000] {subprocess.py:106} INFO - publish_date        object
[2025-01-30T19:35:46.032+0000] {subprocess.py:106} INFO - publish_country     object
[2025-01-30T19:35:46.033+0000] {subprocess.py:106} INFO - by_statement        object
[2025-01-30T19:35:46.033+0000] {subprocess.py:106} INFO - publish_places      object
[2025-01-30T19:35:46.033+0000] {subprocess.py:106} INFO - publishers          object
[2025-01-30T19:35:46.033+0000] {subprocess.py:106} INFO - authors_uri         object
[2025-01-30T19:35:46.033+0000] {subprocess.py:106} INFO - collect_date         Int64
[2025-01-30T19:35:46.033+0000] {subprocess.py:106} INFO - dtype: object
[2025-01-30T19:35:46.065+0000] {subprocess.py:110} INFO - Command exited with return code 0
[2025-01-30T19:35:46.076+0000] {taskinstance.py:340} INFO - ::group::Post task execution logs
[2025-01-30T19:35:46.077+0000] {taskinstance.py:352} INFO - Marking task as SUCCESS. dag_id=etl_dag, task_id=refine_books, run_id=manual__2025-01-30T12:34:42-07:00, execution_date=20250130T193442, start_date=20250130T193545, end_date=20250130T193546
[2025-01-30T19:35:46.096+0000] {local_task_job_runner.py:266} INFO - Task exited with return code 0
[2025-01-30T19:35:46.103+0000] {taskinstance.py:3895} INFO - 0 downstream tasks scheduled from follow-on schedule check
[2025-01-30T19:35:46.103+0000] {local_task_job_runner.py:245} INFO - ::endgroup::
