[2025-01-31T00:08:37.584+0000] {local_task_job_runner.py:123} INFO - ::group::Pre task execution logs
[2025-01-31T00:08:37.591+0000] {taskinstance.py:2613} INFO - Dependencies all met for dep_context=non-requeueable deps ti=<TaskInstance: etl_dag.collect_raw_books manual__2025-01-30T17:08:04-07:00 [queued]>
[2025-01-31T00:08:37.595+0000] {taskinstance.py:2613} INFO - Dependencies all met for dep_context=requeueable deps ti=<TaskInstance: etl_dag.collect_raw_books manual__2025-01-30T17:08:04-07:00 [queued]>
[2025-01-31T00:08:37.596+0000] {taskinstance.py:2866} INFO - Starting attempt 1 of 1
[2025-01-31T00:08:37.601+0000] {taskinstance.py:2889} INFO - Executing <Task(BashOperator): collect_raw_books> on 2025-01-31 00:08:04+00:00
[2025-01-31T00:08:37.604+0000] {standard_task_runner.py:72} INFO - Started process 4016 to run task
[2025-01-31T00:08:37.606+0000] {standard_task_runner.py:104} INFO - Running: ['***', 'tasks', 'run', 'etl_dag', 'collect_raw_books', 'manual__2025-01-30T17:08:04-07:00', '--job-id', '100', '--raw', '--subdir', 'DAGS_FOLDER/my_first_dag.py', '--cfg-path', '/tmp/tmp4e81a817']
[2025-01-31T00:08:37.607+0000] {standard_task_runner.py:105} INFO - Job 100: Subtask collect_raw_books
[2025-01-31T00:08:37.636+0000] {task_command.py:467} INFO - Running <TaskInstance: etl_dag.collect_raw_books manual__2025-01-30T17:08:04-07:00 [running]> on host 48308722451a
[2025-01-31T00:08:37.673+0000] {taskinstance.py:3132} INFO - Exporting env vars: AIRFLOW_CTX_DAG_OWNER='***' AIRFLOW_CTX_DAG_ID='etl_dag' AIRFLOW_CTX_TASK_ID='collect_raw_books' AIRFLOW_CTX_EXECUTION_DATE='2025-01-31T00:08:04+00:00' AIRFLOW_CTX_TRY_NUMBER='1' AIRFLOW_CTX_DAG_RUN_ID='manual__2025-01-30T17:08:04-07:00'
[2025-01-31T00:08:37.674+0000] {taskinstance.py:731} INFO - ::endgroup::
[2025-01-31T00:08:37.680+0000] {subprocess.py:78} INFO - Tmp dir root location: /tmp
[2025-01-31T00:08:37.681+0000] {subprocess.py:88} INFO - Running command: ['/usr/bin/bash', '-c', 'python3 /opt/***/data_collection/collect_books.py --data_lake_path $DATA_LAKE_PATH --open_library_ids $OPEN_LIBRARY_IDS --execution_date $EXECUTION_DATE']
[2025-01-31T00:08:37.685+0000] {subprocess.py:99} INFO - Output:
[2025-01-31T00:08:46.443+0000] {subprocess.py:106} INFO - https://openlibrary.org/works/.json
[2025-01-31T00:08:46.448+0000] {subprocess.py:106} INFO - Error occurred in the request. It returned code: 404
[2025-01-31T00:08:46.459+0000] {subprocess.py:106} INFO -  {'error': 'notfound', 'key': '/works/'}
[2025-01-31T00:08:46.461+0000] {subprocess.py:106} INFO - /opt/***/data_lake/raw/json/books/20250131_book_
[2025-01-31T00:08:46.463+0000] {subprocess.py:106} INFO - https://openlibrary.org/works/OL47317227M.json
[2025-01-31T00:08:46.464+0000] {subprocess.py:106} INFO - /opt/***/data_lake/raw/json/books/20250131_book_OL47317227M
[2025-01-31T00:08:46.466+0000] {subprocess.py:106} INFO - https://openlibrary.org/works/OL46057997M.json
[2025-01-31T00:08:46.467+0000] {subprocess.py:106} INFO - /opt/***/data_lake/raw/json/books/20250131_book_OL46057997M
[2025-01-31T00:08:46.468+0000] {subprocess.py:106} INFO - https://openlibrary.org/works/OL5204176M.json
[2025-01-31T00:08:46.468+0000] {subprocess.py:106} INFO - /opt/***/data_lake/raw/json/books/20250131_book_OL5204176M
[2025-01-31T00:08:46.468+0000] {subprocess.py:106} INFO - https://openlibrary.org/works/[.json
[2025-01-31T00:08:46.468+0000] {subprocess.py:106} INFO - Error occurred in the request. It returned code: 404
[2025-01-31T00:08:46.469+0000] {subprocess.py:106} INFO -  {'error': 'notfound', 'key': '/works/['}
[2025-01-31T00:08:46.469+0000] {subprocess.py:106} INFO - /opt/***/data_lake/raw/json/books/20250131_book_[
[2025-01-31T00:08:46.470+0000] {subprocess.py:106} INFO - https://openlibrary.org/works/OL38631342M.json
[2025-01-31T00:08:46.471+0000] {subprocess.py:106} INFO - /opt/***/data_lake/raw/json/books/20250131_book_OL38631342M
[2025-01-31T00:08:46.472+0000] {subprocess.py:106} INFO - https://openlibrary.org/works/OL24503655M.json
[2025-01-31T00:08:46.472+0000] {subprocess.py:106} INFO - /opt/***/data_lake/raw/json/books/20250131_book_OL24503655M
[2025-01-31T00:08:46.473+0000] {subprocess.py:106} INFO - https://openlibrary.org/works/OL8759604M.json
[2025-01-31T00:08:46.473+0000] {subprocess.py:106} INFO - /opt/***/data_lake/raw/json/books/20250131_book_OL8759604M
[2025-01-31T00:08:46.474+0000] {subprocess.py:106} INFO - https://openlibrary.org/works/].json
[2025-01-31T00:08:46.474+0000] {subprocess.py:106} INFO - Error occurred in the request. It returned code: 404
[2025-01-31T00:08:46.476+0000] {subprocess.py:106} INFO -  {'error': 'notfound', 'key': '/works/]'}
[2025-01-31T00:08:46.476+0000] {subprocess.py:106} INFO - /opt/***/data_lake/raw/json/books/20250131_book_]
[2025-01-31T00:08:46.477+0000] {subprocess.py:106} INFO - https://openlibrary.org/works/OL23338573M.json
[2025-01-31T00:08:46.478+0000] {subprocess.py:106} INFO - /opt/***/data_lake/raw/json/books/20250131_book_OL23338573M
[2025-01-31T00:08:46.479+0000] {subprocess.py:106} INFO - https://openlibrary.org/works/OL37985553M.json
[2025-01-31T00:08:46.479+0000] {subprocess.py:106} INFO - /opt/***/data_lake/raw/json/books/20250131_book_OL37985553M
[2025-01-31T00:08:46.480+0000] {subprocess.py:106} INFO - https://openlibrary.org/works/OL26974419M.json
[2025-01-31T00:08:46.480+0000] {subprocess.py:106} INFO - /opt/***/data_lake/raw/json/books/20250131_book_OL26974419M
[2025-01-31T00:08:46.481+0000] {subprocess.py:106} INFO - https://openlibrary.org/works/OL33899062M.json
[2025-01-31T00:08:46.481+0000] {subprocess.py:106} INFO - /opt/***/data_lake/raw/json/books/20250131_book_OL33899062M
[2025-01-31T00:08:46.531+0000] {subprocess.py:110} INFO - Command exited with return code 0
[2025-01-31T00:08:46.545+0000] {taskinstance.py:340} INFO - ::group::Post task execution logs
[2025-01-31T00:08:46.545+0000] {taskinstance.py:352} INFO - Marking task as SUCCESS. dag_id=etl_dag, task_id=collect_raw_books, run_id=manual__2025-01-30T17:08:04-07:00, execution_date=20250131T000804, start_date=20250131T000837, end_date=20250131T000846
[2025-01-31T00:08:46.552+0000] {local_task_job_runner.py:266} INFO - Task exited with return code 0
[2025-01-31T00:08:46.562+0000] {taskinstance.py:3895} INFO - 1 downstream tasks scheduled from follow-on schedule check
[2025-01-31T00:08:46.563+0000] {local_task_job_runner.py:245} INFO - ::endgroup::
