[2025-01-30T19:17:44.013+0000] {local_task_job_runner.py:123} INFO - ::group::Pre task execution logs
[2025-01-30T19:17:44.022+0000] {taskinstance.py:2613} INFO - Dependencies all met for dep_context=non-requeueable deps ti=<TaskInstance: etl_dag.collect_raw_stocks manual__2025-01-30T12:16:53-07:00 [queued]>
[2025-01-30T19:17:44.028+0000] {taskinstance.py:2613} INFO - Dependencies all met for dep_context=requeueable deps ti=<TaskInstance: etl_dag.collect_raw_stocks manual__2025-01-30T12:16:53-07:00 [queued]>
[2025-01-30T19:17:44.030+0000] {taskinstance.py:2866} INFO - Starting attempt 1 of 1
[2025-01-30T19:17:44.039+0000] {taskinstance.py:2889} INFO - Executing <Task(BashOperator): collect_raw_stocks> on 2025-01-30 19:16:53+00:00
[2025-01-30T19:17:44.043+0000] {standard_task_runner.py:72} INFO - Started process 407 to run task
[2025-01-30T19:17:44.045+0000] {standard_task_runner.py:104} INFO - Running: ['***', 'tasks', 'run', 'etl_dag', 'collect_raw_stocks', 'manual__2025-01-30T12:16:53-07:00', '--job-id', '71', '--raw', '--subdir', 'DAGS_FOLDER/my_first_dag.py', '--cfg-path', '/tmp/tmpbnnm2zwn']
[2025-01-30T19:17:44.047+0000] {standard_task_runner.py:105} INFO - Job 71: Subtask collect_raw_stocks
[2025-01-30T19:17:44.078+0000] {task_command.py:467} INFO - Running <TaskInstance: etl_dag.collect_raw_stocks manual__2025-01-30T12:16:53-07:00 [running]> on host 48308722451a
[2025-01-30T19:17:44.127+0000] {taskinstance.py:3132} INFO - Exporting env vars: AIRFLOW_CTX_DAG_OWNER='***' AIRFLOW_CTX_DAG_ID='etl_dag' AIRFLOW_CTX_TASK_ID='collect_raw_stocks' AIRFLOW_CTX_EXECUTION_DATE='2025-01-30T19:16:53+00:00' AIRFLOW_CTX_TRY_NUMBER='1' AIRFLOW_CTX_DAG_RUN_ID='manual__2025-01-30T12:16:53-07:00'
[2025-01-30T19:17:44.128+0000] {taskinstance.py:731} INFO - ::endgroup::
[2025-01-30T19:17:44.137+0000] {subprocess.py:78} INFO - Tmp dir root location: /tmp
[2025-01-30T19:17:44.137+0000] {subprocess.py:88} INFO - Running command: ['/usr/bin/bash', '-c', 'python3 /opt/***/data_collection/collect_stocks.py --data_lake_path $DATA_LAKE_PATH --stock_tickers $STOCK_TICKERS --execution_date $EXECUTION_DATE']
[2025-01-30T19:17:44.142+0000] {subprocess.py:99} INFO - Output:
[2025-01-30T19:17:47.279+0000] {subprocess.py:106} INFO - Could not get exchangeTimezoneName for ticker '' reason: 'chart'
[2025-01-30T19:17:47.287+0000] {subprocess.py:106} INFO - : No timezone found, symbol may be delisted
[2025-01-30T19:17:47.568+0000] {subprocess.py:106} INFO - Could not get exchangeTimezoneName for ticker '' reason: 'chart'
[2025-01-30T19:17:47.569+0000] {subprocess.py:106} INFO - : No timezone found, symbol may be delisted
[2025-01-30T19:17:47.775+0000] {subprocess.py:106} INFO - Could not get exchangeTimezoneName for ticker '' reason: 'chart'
[2025-01-30T19:17:47.775+0000] {subprocess.py:106} INFO - : No timezone found, symbol may be delisted
[2025-01-30T19:17:47.981+0000] {subprocess.py:106} INFO - Could not get exchangeTimezoneName for ticker '' reason: 'chart'
[2025-01-30T19:17:47.981+0000] {subprocess.py:106} INFO - : No timezone found, symbol may be delisted
[2025-01-30T19:17:48.207+0000] {subprocess.py:106} INFO - Could not get exchangeTimezoneName for ticker '' reason: 'chart'
[2025-01-30T19:17:48.207+0000] {subprocess.py:106} INFO - : No timezone found, symbol may be delisted
[2025-01-30T19:17:48.403+0000] {subprocess.py:106} INFO - Namespace(data_lake_path='/opt/***/data_lake/', stock_tickers='AAPL,,MSFT,,AMZN,,META,,NFLX,,GOOG', execution_date='2025-01-30')
[2025-01-30T19:17:48.404+0000] {subprocess.py:106} INFO -                                  Open        High  ...  Dividends  Stock Splits
[2025-01-30T19:17:48.411+0000] {subprocess.py:106} INFO - Date                                               ...
[2025-01-30T19:17:48.411+0000] {subprocess.py:106} INFO - 2025-01-29 00:00:00-05:00  234.119995  239.860001  ...        0.0           0.0
[2025-01-30T19:17:48.411+0000] {subprocess.py:106} INFO - 
[2025-01-30T19:17:48.412+0000] {subprocess.py:106} INFO - [1 rows x 7 columns]
[2025-01-30T19:17:48.412+0000] {subprocess.py:106} INFO - /opt/***/data_lake/raw/csv/20250130_stock_AAPL
[2025-01-30T19:17:48.412+0000] {subprocess.py:106} INFO - Empty DataFrame
[2025-01-30T19:17:48.412+0000] {subprocess.py:106} INFO - Columns: [Open, High, Low, Close, Adj Close, Volume]
[2025-01-30T19:17:48.412+0000] {subprocess.py:106} INFO - Index: []
[2025-01-30T19:17:48.412+0000] {subprocess.py:106} INFO - /opt/***/data_lake/raw/csv/20250130_stock_
[2025-01-30T19:17:48.413+0000] {subprocess.py:106} INFO -                                  Open        High  ...  Dividends  Stock Splits
[2025-01-30T19:17:48.413+0000] {subprocess.py:106} INFO - Date                                               ...
[2025-01-30T19:17:48.413+0000] {subprocess.py:106} INFO - 2025-01-29 00:00:00-05:00  446.690002  446.880005  ...        0.0           0.0
[2025-01-30T19:17:48.413+0000] {subprocess.py:106} INFO - 
[2025-01-30T19:17:48.413+0000] {subprocess.py:106} INFO - [1 rows x 7 columns]
[2025-01-30T19:17:48.413+0000] {subprocess.py:106} INFO - /opt/***/data_lake/raw/csv/20250130_stock_MSFT
[2025-01-30T19:17:48.413+0000] {subprocess.py:106} INFO - Empty DataFrame
[2025-01-30T19:17:48.413+0000] {subprocess.py:106} INFO - Columns: [Open, High, Low, Close, Adj Close, Volume]
[2025-01-30T19:17:48.413+0000] {subprocess.py:106} INFO - Index: []
[2025-01-30T19:17:48.414+0000] {subprocess.py:106} INFO - /opt/***/data_lake/raw/csv/20250130_stock_
[2025-01-30T19:17:48.414+0000] {subprocess.py:106} INFO -                                  Open        High  ...  Dividends  Stock Splits
[2025-01-30T19:17:48.414+0000] {subprocess.py:106} INFO - Date                                               ...
[2025-01-30T19:17:48.414+0000] {subprocess.py:106} INFO - 2025-01-29 00:00:00-05:00  239.020004  240.389999  ...        0.0           0.0
[2025-01-30T19:17:48.414+0000] {subprocess.py:106} INFO - 
[2025-01-30T19:17:48.414+0000] {subprocess.py:106} INFO - [1 rows x 7 columns]
[2025-01-30T19:17:48.414+0000] {subprocess.py:106} INFO - /opt/***/data_lake/raw/csv/20250130_stock_AMZN
[2025-01-30T19:17:48.414+0000] {subprocess.py:106} INFO - Empty DataFrame
[2025-01-30T19:17:48.414+0000] {subprocess.py:106} INFO - Columns: [Open, High, Low, Close, Adj Close, Volume]
[2025-01-30T19:17:48.414+0000] {subprocess.py:106} INFO - Index: []
[2025-01-30T19:17:48.415+0000] {subprocess.py:106} INFO - /opt/***/data_lake/raw/csv/20250130_stock_
[2025-01-30T19:17:48.415+0000] {subprocess.py:106} INFO -                             Open        High  ...  Dividends  Stock Splits
[2025-01-30T19:17:48.415+0000] {subprocess.py:106} INFO - Date                                          ...
[2025-01-30T19:17:48.415+0000] {subprocess.py:106} INFO - 2025-01-29 00:00:00-05:00  675.0  681.049988  ...        0.0           0.0
[2025-01-30T19:17:48.415+0000] {subprocess.py:106} INFO - 
[2025-01-30T19:17:48.415+0000] {subprocess.py:106} INFO - [1 rows x 7 columns]
[2025-01-30T19:17:48.415+0000] {subprocess.py:106} INFO - /opt/***/data_lake/raw/csv/20250130_stock_META
[2025-01-30T19:17:48.415+0000] {subprocess.py:106} INFO - Empty DataFrame
[2025-01-30T19:17:48.415+0000] {subprocess.py:106} INFO - Columns: [Open, High, Low, Close, Adj Close, Volume]
[2025-01-30T19:17:48.416+0000] {subprocess.py:106} INFO - Index: []
[2025-01-30T19:17:48.418+0000] {subprocess.py:106} INFO - /opt/***/data_lake/raw/csv/20250130_stock_
[2025-01-30T19:17:48.418+0000] {subprocess.py:106} INFO -                             Open        High  ...  Dividends  Stock Splits
[2025-01-30T19:17:48.418+0000] {subprocess.py:106} INFO - Date                                          ...
[2025-01-30T19:17:48.419+0000] {subprocess.py:106} INFO - 2025-01-29 00:00:00-05:00  980.0  987.640015  ...        0.0           0.0
[2025-01-30T19:17:48.419+0000] {subprocess.py:106} INFO - 
[2025-01-30T19:17:48.419+0000] {subprocess.py:106} INFO - [1 rows x 7 columns]
[2025-01-30T19:17:48.419+0000] {subprocess.py:106} INFO - /opt/***/data_lake/raw/csv/20250130_stock_NFLX
[2025-01-30T19:17:48.419+0000] {subprocess.py:106} INFO - Empty DataFrame
[2025-01-30T19:17:48.419+0000] {subprocess.py:106} INFO - Columns: [Open, High, Low, Close, Adj Close, Volume]
[2025-01-30T19:17:48.419+0000] {subprocess.py:106} INFO - Index: []
[2025-01-30T19:17:48.419+0000] {subprocess.py:106} INFO - /opt/***/data_lake/raw/csv/20250130_stock_
[2025-01-30T19:17:48.420+0000] {subprocess.py:106} INFO -                                  Open        High  ...  Dividends  Stock Splits
[2025-01-30T19:17:48.420+0000] {subprocess.py:106} INFO - Date                                               ...
[2025-01-30T19:17:48.420+0000] {subprocess.py:106} INFO - 2025-01-29 00:00:00-05:00  197.369995  198.460007  ...        0.0           0.0
[2025-01-30T19:17:48.420+0000] {subprocess.py:106} INFO - 
[2025-01-30T19:17:48.420+0000] {subprocess.py:106} INFO - [1 rows x 7 columns]
[2025-01-30T19:17:48.420+0000] {subprocess.py:106} INFO - /opt/***/data_lake/raw/csv/20250130_stock_GOOG
[2025-01-30T19:17:48.466+0000] {subprocess.py:110} INFO - Command exited with return code 0
[2025-01-30T19:17:48.478+0000] {taskinstance.py:340} INFO - ::group::Post task execution logs
[2025-01-30T19:17:48.478+0000] {taskinstance.py:352} INFO - Marking task as SUCCESS. dag_id=etl_dag, task_id=collect_raw_stocks, run_id=manual__2025-01-30T12:16:53-07:00, execution_date=20250130T191653, start_date=20250130T191744, end_date=20250130T191748
[2025-01-30T19:17:48.515+0000] {local_task_job_runner.py:266} INFO - Task exited with return code 0
[2025-01-30T19:17:48.525+0000] {taskinstance.py:3895} INFO - 1 downstream tasks scheduled from follow-on schedule check
[2025-01-30T19:17:48.526+0000] {local_task_job_runner.py:245} INFO - ::endgroup::
